[0.020s] Invoking command in '/home/mr_robot/robot_ws/build/arduino_system': CMAKE_PREFIX_PATH=${CMAKE_PREFIX_PATH}:/opt/ros/humble /usr/bin/cmake --build /home/mr_robot/robot_ws/build/arduino_system -- -j12 -l12
[0.083s] [35m[1mConsolidate compiler generated dependencies of target diff_controller[0m
[0.084s] [35m[1mConsolidate compiler generated dependencies of target odom[0m
[0.111s] [ 50%] Built target diff_controller
[0.112s] [100%] Built target odom
[0.131s] Invoked command in '/home/mr_robot/robot_ws/build/arduino_system' returned '0': CMAKE_PREFIX_PATH=${CMAKE_PREFIX_PATH}:/opt/ros/humble /usr/bin/cmake --build /home/mr_robot/robot_ws/build/arduino_system -- -j12 -l12
[0.146s] Invoking command in '/home/mr_robot/robot_ws/build/arduino_system': CMAKE_PREFIX_PATH=${CMAKE_PREFIX_PATH}:/opt/ros/humble /usr/bin/cmake --install /home/mr_robot/robot_ws/build/arduino_system
[0.156s] -- Install configuration: ""
[0.157s] -- Up-to-date: /home/mr_robot/robot_ws/install/arduino_system/lib/arduino_system/diff_controller
[0.157s] -- Up-to-date: /home/mr_robot/robot_ws/install/arduino_system/lib/arduino_system/odom
[0.158s] -- Up-to-date: /home/mr_robot/robot_ws/install/arduino_system/share/arduino_system/launch
[0.158s] -- Up-to-date: /home/mr_robot/robot_ws/install/arduino_system/share/arduino_system/launch/arduino.launch.py
[0.158s] -- Up-to-date: /home/mr_robot/robot_ws/install/arduino_system/share/arduino_system/launch/hardware.launch.py
[0.158s] -- Up-to-date: /home/mr_robot/robot_ws/install/arduino_system/share/arduino_system/config
[0.158s] -- Up-to-date: /home/mr_robot/robot_ws/install/arduino_system/share/arduino_system/config/twist_mux.yaml
[0.159s] -- Up-to-date: /home/mr_robot/robot_ws/install/arduino_system/share/ament_index/resource_index/package_run_dependencies/arduino_system
[0.159s] -- Up-to-date: /home/mr_robot/robot_ws/install/arduino_system/share/ament_index/resource_index/parent_prefix_path/arduino_system
[0.159s] -- Up-to-date: /home/mr_robot/robot_ws/install/arduino_system/share/arduino_system/environment/ament_prefix_path.sh
[0.159s] -- Up-to-date: /home/mr_robot/robot_ws/install/arduino_system/share/arduino_system/environment/ament_prefix_path.dsv
[0.159s] -- Up-to-date: /home/mr_robot/robot_ws/install/arduino_system/share/arduino_system/environment/path.sh
[0.159s] -- Up-to-date: /home/mr_robot/robot_ws/install/arduino_system/share/arduino_system/environment/path.dsv
[0.160s] -- Up-to-date: /home/mr_robot/robot_ws/install/arduino_system/share/arduino_system/local_setup.bash
[0.160s] -- Up-to-date: /home/mr_robot/robot_ws/install/arduino_system/share/arduino_system/local_setup.sh
[0.160s] -- Up-to-date: /home/mr_robot/robot_ws/install/arduino_system/share/arduino_system/local_setup.zsh
[0.160s] -- Up-to-date: /home/mr_robot/robot_ws/install/arduino_system/share/arduino_system/local_setup.dsv
[0.160s] -- Installing: /home/mr_robot/robot_ws/install/arduino_system/share/arduino_system/package.dsv
[0.160s] -- Up-to-date: /home/mr_robot/robot_ws/install/arduino_system/share/ament_index/resource_index/packages/arduino_system
[0.160s] -- Up-to-date: /home/mr_robot/robot_ws/install/arduino_system/share/arduino_system/cmake/arduino_systemConfig.cmake
[0.161s] -- Up-to-date: /home/mr_robot/robot_ws/install/arduino_system/share/arduino_system/cmake/arduino_systemConfig-version.cmake
[0.161s] -- Up-to-date: /home/mr_robot/robot_ws/install/arduino_system/share/arduino_system/package.xml
[0.162s] Invoked command in '/home/mr_robot/robot_ws/build/arduino_system' returned '0': CMAKE_PREFIX_PATH=${CMAKE_PREFIX_PATH}:/opt/ros/humble /usr/bin/cmake --install /home/mr_robot/robot_ws/build/arduino_system
