[0.049s] Invoking command in '/home/mr_robot/robot_ws/build/farmbot_ekf': CMAKE_PREFIX_PATH=${CMAKE_PREFIX_PATH}:/opt/ros/humble /usr/bin/cmake /home/mr_robot/robot_ws/src/farm_robot-main/farmbot_ekf -DCMAKE_INSTALL_PREFIX=/home/mr_robot/robot_ws/install/farmbot_ekf
[0.148s] -- The C compiler identification is GNU 11.4.0
[0.242s] -- The CXX compiler identification is GNU 11.4.0
[0.254s] -- Detecting C compiler ABI info
[0.390s] -- Detecting C compiler ABI info - done
[0.404s] -- Check for working C compiler: /usr/bin/cc - skipped
[0.405s] -- Detecting C compile features
[0.405s] -- Detecting C compile features - done
[0.409s] -- Detecting CXX compiler ABI info
[0.546s] -- Detecting CXX compiler ABI info - done
[0.558s] -- Check for working CXX compiler: /usr/bin/c++ - skipped
[0.559s] -- Detecting CXX compile features
[0.559s] -- Detecting CXX compile features - done
[0.567s] -- Found ament_cmake: 1.3.12 (/opt/ros/humble/share/ament_cmake/cmake)
[0.845s] -- Found Python3: /usr/bin/python3 (found version "3.10.12") found components: Interpreter 
[1.096s] -- Found rclcpp: 16.0.14 (/opt/ros/humble/share/rclcpp/cmake)
[1.222s] -- Found rosidl_generator_c: 3.1.7 (/opt/ros/humble/share/rosidl_generator_c/cmake)
[1.237s] -- Found rosidl_adapter: 3.1.7 (/opt/ros/humble/share/rosidl_adapter/cmake)
[1.257s] -- Found rosidl_generator_cpp: 3.1.7 (/opt/ros/humble/share/rosidl_generator_cpp/cmake)
[1.284s] -- Using all available rosidl_typesupport_c: rosidl_typesupport_fastrtps_c;rosidl_typesupport_introspection_c
[1.327s] -- Using all available rosidl_typesupport_cpp: rosidl_typesupport_fastrtps_cpp;rosidl_typesupport_introspection_cpp
[1.443s] -- Found rmw_implementation_cmake: 6.1.2 (/opt/ros/humble/share/rmw_implementation_cmake/cmake)
[1.452s] -- Found rmw_cyclonedds_cpp: 1.3.4 (/opt/ros/humble/share/rmw_cyclonedds_cpp/cmake)
[1.510s] -- Using RMW implementation 'rmw_cyclonedds_cpp' as default
[1.539s] -- Looking for pthread.h
[1.655s] -- Looking for pthread.h - found
[1.656s] -- Performing Test CMAKE_HAVE_LIBC_PTHREAD
[1.771s] -- Performing Test CMAKE_HAVE_LIBC_PTHREAD - Success
[1.772s] -- Found Threads: TRUE  
[1.881s] -- Found ament_lint_auto: 0.12.14 (/opt/ros/humble/share/ament_lint_auto/cmake)
[2.026s] -- Added test 'cppcheck' to perform static code analysis on C / C++ code
[2.026s] -- Configured cppcheck include dirs: 
[2.026s] -- Configured cppcheck exclude dirs and/or files: 
[2.028s] -- Added test 'flake8' to check Python code syntax and style conventions
[2.029s] -- Added test 'lint_cmake' to check CMake code style
[2.031s] -- Added test 'pep257' to check Python code against some of the docstring style conventions in PEP 257
[2.034s] -- Added test 'uncrustify' to check C / C++ code style
[2.034s] -- Configured uncrustify additional arguments: 
[2.035s] -- Added test 'xmllint' to check XML markup files
[2.038s] -- Configuring done
[2.044s] -- Generating done
[2.047s] -- Build files have been written to: /home/mr_robot/robot_ws/build/farmbot_ekf
[2.058s] Invoked command in '/home/mr_robot/robot_ws/build/farmbot_ekf' returned '0': CMAKE_PREFIX_PATH=${CMAKE_PREFIX_PATH}:/opt/ros/humble /usr/bin/cmake /home/mr_robot/robot_ws/src/farm_robot-main/farmbot_ekf -DCMAKE_INSTALL_PREFIX=/home/mr_robot/robot_ws/install/farmbot_ekf
[2.061s] Invoking command in '/home/mr_robot/robot_ws/build/farmbot_ekf': CMAKE_PREFIX_PATH=${CMAKE_PREFIX_PATH}:/opt/ros/humble /usr/bin/cmake --build /home/mr_robot/robot_ws/build/farmbot_ekf -- -j12 -l12
[2.124s] Invoked command in '/home/mr_robot/robot_ws/build/farmbot_ekf' returned '0': CMAKE_PREFIX_PATH=${CMAKE_PREFIX_PATH}:/opt/ros/humble /usr/bin/cmake --build /home/mr_robot/robot_ws/build/farmbot_ekf -- -j12 -l12
[2.128s] Invoking command in '/home/mr_robot/robot_ws/build/farmbot_ekf': CMAKE_PREFIX_PATH=${CMAKE_PREFIX_PATH}:/opt/ros/humble /usr/bin/cmake --install /home/mr_robot/robot_ws/build/farmbot_ekf
[2.138s] -- Install configuration: ""
[2.138s] -- Installing: /home/mr_robot/robot_ws/install/farmbot_ekf/share/farmbot_ekf/launch
[2.139s] -- Installing: /home/mr_robot/robot_ws/install/farmbot_ekf/share/farmbot_ekf/launch/ekf.launch.py
[2.139s] -- Installing: /home/mr_robot/robot_ws/install/farmbot_ekf/share/farmbot_ekf/config
[2.139s] -- Installing: /home/mr_robot/robot_ws/install/farmbot_ekf/share/farmbot_ekf/config/testing.c
[2.139s] -- Installing: /home/mr_robot/robot_ws/install/farmbot_ekf/share/farmbot_ekf/config/original_ekf.yaml
[2.140s] -- Installing: /home/mr_robot/robot_ws/install/farmbot_ekf/share/farmbot_ekf/config/photo.jpg
[2.140s] -- Installing: /home/mr_robot/robot_ws/install/farmbot_ekf/share/farmbot_ekf/config/nav2_localization.yaml
[2.140s] -- Installing: /home/mr_robot/robot_ws/install/farmbot_ekf/share/farmbot_ekf/config/ekf.yaml
[2.140s] -- Installing: /home/mr_robot/robot_ws/install/farmbot_ekf/share/ament_index/resource_index/package_run_dependencies/farmbot_ekf
[2.140s] -- Installing: /home/mr_robot/robot_ws/install/farmbot_ekf/share/ament_index/resource_index/parent_prefix_path/farmbot_ekf
[2.141s] -- Installing: /home/mr_robot/robot_ws/install/farmbot_ekf/share/farmbot_ekf/environment/ament_prefix_path.sh
[2.141s] -- Installing: /home/mr_robot/robot_ws/install/farmbot_ekf/share/farmbot_ekf/environment/ament_prefix_path.dsv
[2.141s] -- Installing: /home/mr_robot/robot_ws/install/farmbot_ekf/share/farmbot_ekf/environment/path.sh
[2.142s] -- Installing: /home/mr_robot/robot_ws/install/farmbot_ekf/share/farmbot_ekf/environment/path.dsv
[2.142s] -- Installing: /home/mr_robot/robot_ws/install/farmbot_ekf/share/farmbot_ekf/local_setup.bash
[2.142s] -- Installing: /home/mr_robot/robot_ws/install/farmbot_ekf/share/farmbot_ekf/local_setup.sh
[2.143s] -- Installing: /home/mr_robot/robot_ws/install/farmbot_ekf/share/farmbot_ekf/local_setup.zsh
[2.143s] -- Installing: /home/mr_robot/robot_ws/install/farmbot_ekf/share/farmbot_ekf/local_setup.dsv
[2.143s] -- Installing: /home/mr_robot/robot_ws/install/farmbot_ekf/share/farmbot_ekf/package.dsv
[2.143s] -- Installing: /home/mr_robot/robot_ws/install/farmbot_ekf/share/ament_index/resource_index/packages/farmbot_ekf
[2.144s] -- Installing: /home/mr_robot/robot_ws/install/farmbot_ekf/share/farmbot_ekf/cmake/farmbot_ekfConfig.cmake
[2.144s] -- Installing: /home/mr_robot/robot_ws/install/farmbot_ekf/share/farmbot_ekf/cmake/farmbot_ekfConfig-version.cmake
[2.144s] -- Installing: /home/mr_robot/robot_ws/install/farmbot_ekf/share/farmbot_ekf/package.xml
[2.147s] Invoked command in '/home/mr_robot/robot_ws/build/farmbot_ekf' returned '0': CMAKE_PREFIX_PATH=${CMAKE_PREFIX_PATH}:/opt/ros/humble /usr/bin/cmake --install /home/mr_robot/robot_ws/build/farmbot_ekf
