-- Install configuration: ""
-- Up-to-date: /home/mr_robot/robot_ws/install/farmbot_carto/share/farmbot_carto//config
-- Up-to-date: /home/mr_robot/robot_ws/install/farmbot_carto/share/farmbot_carto//config/rom_nav_2d.lua
-- Up-to-date: /home/mr_robot/robot_ws/install/farmbot_carto/share/farmbot_carto//config/rom_map_2d.lua
-- Up-to-date: /home/mr_robot/robot_ws/install/farmbot_carto/share/farmbot_carto//launch
-- Up-to-date: /home/mr_robot/robot_ws/install/farmbot_carto/share/farmbot_carto//launch/localization.launch.py
-- Up-to-date: /home/mr_robot/robot_ws/install/farmbot_carto/share/farmbot_carto//launch/occupancy_grid.launch.py
-- Up-to-date: /home/mr_robot/robot_ws/install/farmbot_carto/share/farmbot_carto//launch/mapping.launch.py
-- Up-to-date: /home/mr_robot/robot_ws/install/farmbot_carto/share/ament_index/resource_index/package_run_dependencies/farmbot_carto
-- Up-to-date: /home/mr_robot/robot_ws/install/farmbot_carto/share/ament_index/resource_index/parent_prefix_path/farmbot_carto
-- Up-to-date: /home/mr_robot/robot_ws/install/farmbot_carto/share/farmbot_carto/environment/ament_prefix_path.sh
-- Up-to-date: /home/mr_robot/robot_ws/install/farmbot_carto/share/farmbot_carto/environment/ament_prefix_path.dsv
-- Up-to-date: /home/mr_robot/robot_ws/install/farmbot_carto/share/farmbot_carto/environment/path.sh
-- Up-to-date: /home/mr_robot/robot_ws/install/farmbot_carto/share/farmbot_carto/environment/path.dsv
-- Up-to-date: /home/mr_robot/robot_ws/install/farmbot_carto/share/farmbot_carto/local_setup.bash
-- Up-to-date: /home/mr_robot/robot_ws/install/farmbot_carto/share/farmbot_carto/local_setup.sh
-- Up-to-date: /home/mr_robot/robot_ws/install/farmbot_carto/share/farmbot_carto/local_setup.zsh
-- Up-to-date: /home/mr_robot/robot_ws/install/farmbot_carto/share/farmbot_carto/local_setup.dsv
-- Up-to-date: /home/mr_robot/robot_ws/install/farmbot_carto/share/farmbot_carto/package.dsv
-- Up-to-date: /home/mr_robot/robot_ws/install/farmbot_carto/share/ament_index/resource_index/packages/farmbot_carto
-- Up-to-date: /home/mr_robot/robot_ws/install/farmbot_carto/share/farmbot_carto/cmake/farmbot_cartoConfig.cmake
-- Up-to-date: /home/mr_robot/robot_ws/install/farmbot_carto/share/farmbot_carto/cmake/farmbot_cartoConfig-version.cmake
-- Up-to-date: /home/mr_robot/robot_ws/install/farmbot_carto/share/farmbot_carto/package.xml
