-- The C compiler identification is GNU 11.4.0
-- The CXX compiler identification is GNU 11.4.0
-- Detecting C compiler ABI info
-- Detecting C compiler ABI info - done
-- Check for working C compiler: /usr/bin/cc - skipped
-- Detecting C compile features
-- Detecting C compile features - done
-- Detecting CXX compiler ABI info
-- Detecting CXX compiler ABI info - done
-- Check for working CXX compiler: /usr/bin/c++ - skipped
-- Detecting CXX compile features
-- Detecting CXX compile features - done
-- Found ament_cmake: 1.3.12 (/opt/ros/humble/share/ament_cmake/cmake)
-- Found Python3: /usr/bin/python3 (found version "3.10.12") found components: Interpreter 
-- Found navigation2: 1.1.18 (/opt/ros/humble/share/navigation2/cmake)
-- Found rviz2: 11.2.19 (/opt/ros/humble/share/rviz2/cmake)
-- Found rclcpp: 16.0.14 (/opt/ros/humble/share/rclcpp/cmake)
-- Found rosidl_generator_c: 3.1.7 (/opt/ros/humble/share/rosidl_generator_c/cmake)
-- Found rosidl_adapter: 3.1.7 (/opt/ros/humble/share/rosidl_adapter/cmake)
-- Found rosidl_generator_cpp: 3.1.7 (/opt/ros/humble/share/rosidl_generator_cpp/cmake)
-- Using all available rosidl_typesupport_c: rosidl_typesupport_fastrtps_c;rosidl_typesupport_introspection_c
-- Using all available rosidl_typesupport_cpp: rosidl_typesupport_fastrtps_cpp;rosidl_typesupport_introspection_cpp
-- Found rmw_implementation_cmake: 6.1.2 (/opt/ros/humble/share/rmw_implementation_cmake/cmake)
-- Found rmw_cyclonedds_cpp: 1.3.4 (/opt/ros/humble/share/rmw_cyclonedds_cpp/cmake)
-- Using RMW implementation 'rmw_cyclonedds_cpp' as default
-- Looking for pthread.h
-- Looking for pthread.h - found
-- Performing Test CMAKE_HAVE_LIBC_PTHREAD
-- Performing Test CMAKE_HAVE_LIBC_PTHREAD - Success
-- Found Threads: TRUE  
-- Found tf2: 0.25.15 (/opt/ros/humble/share/tf2/cmake)
-- Found tf2_geometry_msgs: 0.25.15 (/opt/ros/humble/share/tf2_geometry_msgs/cmake)
-- Found eigen3_cmake_module: 0.1.1 (/opt/ros/humble/share/eigen3_cmake_module/cmake)
-- Found Eigen3: TRUE (found version "3.4.0") 
-- Ensuring Eigen3 include directory is part of orocos-kdl CMake target
-- Found ament_lint_auto: 0.12.14 (/opt/ros/humble/share/ament_lint_auto/cmake)
-- Added test 'cppcheck' to perform static code analysis on C / C++ code
-- Configured cppcheck include dirs: 
-- Configured cppcheck exclude dirs and/or files: 
-- Added test 'flake8' to check Python code syntax and style conventions
-- Added test 'lint_cmake' to check CMake code style
-- Added test 'pep257' to check Python code against some of the docstring style conventions in PEP 257
-- Added test 'uncrustify' to check C / C++ code style
-- Configured uncrustify additional arguments: 
-- Added test 'xmllint' to check XML markup files
-- Configuring done
-- Generating done
-- Build files have been written to: /home/mr_robot/robot_ws/build/farmbot_nav2
[ 50%] [32mBuilding CXX object CMakeFiles/init_robot_pose.dir/src/init_robot_pose.cpp.o[0m
[100%] [32m[1mLinking CXX executable init_robot_pose[0m
[100%] Built target init_robot_pose
-- Install configuration: ""
-- Installing: /home/mr_robot/robot_ws/install/farmbot_nav2/lib/farmbot_nav2/init_robot_pose
-- Set runtime path of "/home/mr_robot/robot_ws/install/farmbot_nav2/lib/farmbot_nav2/init_robot_pose" to ""
-- Installing: /home/mr_robot/robot_ws/install/farmbot_nav2/share/farmbot_nav2/launch
-- Installing: /home/mr_robot/robot_ws/install/farmbot_nav2/share/farmbot_nav2/launch/navigation_localization_composable.launch.py
-- Installing: /home/mr_robot/robot_ws/install/farmbot_nav2/share/farmbot_nav2/launch/navigation_mapping_composable.launch.py
-- Installing: /home/mr_robot/robot_ws/install/farmbot_nav2/share/farmbot_nav2/launch/navigation_mapping.launch.py
-- Installing: /home/mr_robot/robot_ws/install/farmbot_nav2/share/farmbot_nav2/launch/online_async_launch_mapping_launch.py
-- Installing: /home/mr_robot/robot_ws/install/farmbot_nav2/share/farmbot_nav2/launch/online_async_launch_localization_launch.py
-- Installing: /home/mr_robot/robot_ws/install/farmbot_nav2/share/farmbot_nav2/config
-- Installing: /home/mr_robot/robot_ws/install/farmbot_nav2/share/farmbot_nav2/config/mapper_params_online_async_localization.yaml
-- Installing: /home/mr_robot/robot_ws/install/farmbot_nav2/share/farmbot_nav2/config/nav2_params_collision.yaml
-- Installing: /home/mr_robot/robot_ws/install/farmbot_nav2/share/farmbot_nav2/config/mapper_params_online_async_mapping.yaml
-- Installing: /home/mr_robot/robot_ws/install/farmbot_nav2/share/farmbot_nav2/config/nav2_params.yaml
-- Installing: /home/mr_robot/robot_ws/install/farmbot_nav2/share/farmbot_nav2/maps
-- Installing: /home/mr_robot/robot_ws/install/farmbot_nav2/share/farmbot_nav2/maps/README.md
-- Installing: /home/mr_robot/robot_ws/install/farmbot_nav2/share/farmbot_nav2/maps/blank.pgm
-- Installing: /home/mr_robot/robot_ws/install/farmbot_nav2/share/farmbot_nav2/maps/blank.yaml
-- Installing: /home/mr_robot/robot_ws/install/farmbot_nav2/share/farmbot_nav2/maps/default_map.yaml
-- Installing: /home/mr_robot/robot_ws/install/farmbot_nav2/share/farmbot_nav2/maps/nightnighthz.yaml
-- Installing: /home/mr_robot/robot_ws/install/farmbot_nav2/share/farmbot_nav2/maps/default_map.pgm
-- Installing: /home/mr_robot/robot_ws/install/farmbot_nav2/share/farmbot_nav2/maps/nightnighthz.pgm
-- Installing: /home/mr_robot/robot_ws/install/farmbot_nav2/share/farmbot_nav2/maps/blank.pbstream
-- Installing: /home/mr_robot/robot_ws/install/farmbot_nav2/share/farmbot_nav2/maps/nightnighthz.pbstream
-- Installing: /home/mr_robot/robot_ws/install/farmbot_nav2/share/ament_index/resource_index/package_run_dependencies/farmbot_nav2
-- Installing: /home/mr_robot/robot_ws/install/farmbot_nav2/share/ament_index/resource_index/parent_prefix_path/farmbot_nav2
-- Installing: /home/mr_robot/robot_ws/install/farmbot_nav2/share/farmbot_nav2/environment/ament_prefix_path.sh
-- Installing: /home/mr_robot/robot_ws/install/farmbot_nav2/share/farmbot_nav2/environment/ament_prefix_path.dsv
-- Installing: /home/mr_robot/robot_ws/install/farmbot_nav2/share/farmbot_nav2/environment/path.sh
-- Installing: /home/mr_robot/robot_ws/install/farmbot_nav2/share/farmbot_nav2/environment/path.dsv
-- Installing: /home/mr_robot/robot_ws/install/farmbot_nav2/share/farmbot_nav2/local_setup.bash
-- Installing: /home/mr_robot/robot_ws/install/farmbot_nav2/share/farmbot_nav2/local_setup.sh
-- Installing: /home/mr_robot/robot_ws/install/farmbot_nav2/share/farmbot_nav2/local_setup.zsh
-- Installing: /home/mr_robot/robot_ws/install/farmbot_nav2/share/farmbot_nav2/local_setup.dsv
-- Installing: /home/mr_robot/robot_ws/install/farmbot_nav2/share/farmbot_nav2/package.dsv
-- Installing: /home/mr_robot/robot_ws/install/farmbot_nav2/share/ament_index/resource_index/packages/farmbot_nav2
-- Installing: /home/mr_robot/robot_ws/install/farmbot_nav2/share/farmbot_nav2/cmake/farmbot_nav2Config.cmake
-- Installing: /home/mr_robot/robot_ws/install/farmbot_nav2/share/farmbot_nav2/cmake/farmbot_nav2Config-version.cmake
-- Installing: /home/mr_robot/robot_ws/install/farmbot_nav2/share/farmbot_nav2/package.xml
