[0.015s] Invoking command in '/home/mr_robot/robot_ws/build/farmbot_nav2': CMAKE_PREFIX_PATH=${CMAKE_PREFIX_PATH}:/opt/ros/humble /usr/bin/cmake /home/mr_robot/robot_ws/src/farm_robot-main/farmbot_nav2 -DCMAKE_INSTALL_PREFIX=/home/mr_robot/robot_ws/install/farmbot_nav2
[0.093s] -- The C compiler identification is GNU 11.4.0
[0.170s] -- The CXX compiler identification is GNU 11.4.0
[0.180s] -- Detecting C compiler ABI info
[0.280s] -- Detecting C compiler ABI info - done
[0.290s] -- Check for working C compiler: /usr/bin/cc - skipped
[0.291s] -- Detecting C compile features
[0.291s] -- Detecting C compile features - done
[0.295s] -- Detecting CXX compiler ABI info
[0.409s] -- Detecting CXX compiler ABI info - done
[0.420s] -- Check for working CXX compiler: /usr/bin/c++ - skipped
[0.420s] -- Detecting CXX compile features
[0.421s] -- Detecting CXX compile features - done
[0.428s] -- Found ament_cmake: 1.3.12 (/opt/ros/humble/share/ament_cmake/cmake)
[0.647s] -- Found Python3: /usr/bin/python3 (found version "3.10.12") found components: Interpreter 
[0.829s] -- Found navigation2: 1.1.18 (/opt/ros/humble/share/navigation2/cmake)
[0.836s] -- Found rviz2: 11.2.19 (/opt/ros/humble/share/rviz2/cmake)
[0.842s] -- Found rclcpp: 16.0.14 (/opt/ros/humble/share/rclcpp/cmake)
[0.947s] -- Found rosidl_generator_c: 3.1.7 (/opt/ros/humble/share/rosidl_generator_c/cmake)
[0.962s] -- Found rosidl_adapter: 3.1.7 (/opt/ros/humble/share/rosidl_adapter/cmake)
[0.982s] -- Found rosidl_generator_cpp: 3.1.7 (/opt/ros/humble/share/rosidl_generator_cpp/cmake)
[1.009s] -- Using all available rosidl_typesupport_c: rosidl_typesupport_fastrtps_c;rosidl_typesupport_introspection_c
[1.045s] -- Using all available rosidl_typesupport_cpp: rosidl_typesupport_fastrtps_cpp;rosidl_typesupport_introspection_cpp
[1.150s] -- Found rmw_implementation_cmake: 6.1.2 (/opt/ros/humble/share/rmw_implementation_cmake/cmake)
[1.159s] -- Found rmw_cyclonedds_cpp: 1.3.4 (/opt/ros/humble/share/rmw_cyclonedds_cpp/cmake)
[1.215s] -- Using RMW implementation 'rmw_cyclonedds_cpp' as default
[1.238s] -- Looking for pthread.h
[1.343s] -- Looking for pthread.h - found
[1.343s] -- Performing Test CMAKE_HAVE_LIBC_PTHREAD
[1.449s] -- Performing Test CMAKE_HAVE_LIBC_PTHREAD - Success
[1.450s] -- Found Threads: TRUE  
[1.546s] -- Found tf2: 0.25.15 (/opt/ros/humble/share/tf2/cmake)
[1.595s] -- Found tf2_geometry_msgs: 0.25.15 (/opt/ros/humble/share/tf2_geometry_msgs/cmake)
[1.631s] -- Found eigen3_cmake_module: 0.1.1 (/opt/ros/humble/share/eigen3_cmake_module/cmake)
[1.633s] -- Found Eigen3: TRUE (found version "3.4.0") 
[1.633s] -- Ensuring Eigen3 include directory is part of orocos-kdl CMake target
[1.817s] -- Found ament_lint_auto: 0.12.14 (/opt/ros/humble/share/ament_lint_auto/cmake)
[1.960s] -- Added test 'cppcheck' to perform static code analysis on C / C++ code
[1.960s] -- Configured cppcheck include dirs: 
[1.961s] -- Configured cppcheck exclude dirs and/or files: 
[1.962s] -- Added test 'flake8' to check Python code syntax and style conventions
[1.964s] -- Added test 'lint_cmake' to check CMake code style
[1.966s] -- Added test 'pep257' to check Python code against some of the docstring style conventions in PEP 257
[1.970s] -- Added test 'uncrustify' to check C / C++ code style
[1.970s] -- Configured uncrustify additional arguments: 
[1.972s] -- Added test 'xmllint' to check XML markup files
[1.975s] -- Configuring done
[1.991s] -- Generating done
[1.997s] -- Build files have been written to: /home/mr_robot/robot_ws/build/farmbot_nav2
[2.008s] Invoked command in '/home/mr_robot/robot_ws/build/farmbot_nav2' returned '0': CMAKE_PREFIX_PATH=${CMAKE_PREFIX_PATH}:/opt/ros/humble /usr/bin/cmake /home/mr_robot/robot_ws/src/farm_robot-main/farmbot_nav2 -DCMAKE_INSTALL_PREFIX=/home/mr_robot/robot_ws/install/farmbot_nav2
[2.010s] Invoking command in '/home/mr_robot/robot_ws/build/farmbot_nav2': CMAKE_PREFIX_PATH=${CMAKE_PREFIX_PATH}:/opt/ros/humble /usr/bin/cmake --build /home/mr_robot/robot_ws/build/farmbot_nav2 -- -j12 -l12
[2.087s] [ 50%] [32mBuilding CXX object CMakeFiles/init_robot_pose.dir/src/init_robot_pose.cpp.o[0m
[8.006s] [100%] [32m[1mLinking CXX executable init_robot_pose[0m
[8.290s] [100%] Built target init_robot_pose
[8.306s] Invoked command in '/home/mr_robot/robot_ws/build/farmbot_nav2' returned '0': CMAKE_PREFIX_PATH=${CMAKE_PREFIX_PATH}:/opt/ros/humble /usr/bin/cmake --build /home/mr_robot/robot_ws/build/farmbot_nav2 -- -j12 -l12
[8.308s] Invoking command in '/home/mr_robot/robot_ws/build/farmbot_nav2': CMAKE_PREFIX_PATH=${CMAKE_PREFIX_PATH}:/opt/ros/humble /usr/bin/cmake --install /home/mr_robot/robot_ws/build/farmbot_nav2
[8.319s] -- Install configuration: ""
[8.320s] -- Installing: /home/mr_robot/robot_ws/install/farmbot_nav2/lib/farmbot_nav2/init_robot_pose
[8.321s] -- Set runtime path of "/home/mr_robot/robot_ws/install/farmbot_nav2/lib/farmbot_nav2/init_robot_pose" to ""
[8.321s] -- Installing: /home/mr_robot/robot_ws/install/farmbot_nav2/share/farmbot_nav2/launch
[8.321s] -- Installing: /home/mr_robot/robot_ws/install/farmbot_nav2/share/farmbot_nav2/launch/navigation_localization_composable.launch.py
[8.322s] -- Installing: /home/mr_robot/robot_ws/install/farmbot_nav2/share/farmbot_nav2/launch/navigation_mapping_composable.launch.py
[8.322s] -- Installing: /home/mr_robot/robot_ws/install/farmbot_nav2/share/farmbot_nav2/launch/navigation_mapping.launch.py
[8.323s] -- Installing: /home/mr_robot/robot_ws/install/farmbot_nav2/share/farmbot_nav2/launch/online_async_launch_mapping_launch.py
[8.323s] -- Installing: /home/mr_robot/robot_ws/install/farmbot_nav2/share/farmbot_nav2/launch/online_async_launch_localization_launch.py
[8.323s] -- Installing: /home/mr_robot/robot_ws/install/farmbot_nav2/share/farmbot_nav2/config
[8.323s] -- Installing: /home/mr_robot/robot_ws/install/farmbot_nav2/share/farmbot_nav2/config/mapper_params_online_async_localization.yaml
[8.323s] -- Installing: /home/mr_robot/robot_ws/install/farmbot_nav2/share/farmbot_nav2/config/nav2_params_collision.yaml
[8.324s] -- Installing: /home/mr_robot/robot_ws/install/farmbot_nav2/share/farmbot_nav2/config/mapper_params_online_async_mapping.yaml
[8.324s] -- Installing: /home/mr_robot/robot_ws/install/farmbot_nav2/share/farmbot_nav2/config/nav2_params.yaml
[8.325s] -- Installing: /home/mr_robot/robot_ws/install/farmbot_nav2/share/farmbot_nav2/maps
[8.325s] -- Installing: /home/mr_robot/robot_ws/install/farmbot_nav2/share/farmbot_nav2/maps/README.md
[8.325s] -- Installing: /home/mr_robot/robot_ws/install/farmbot_nav2/share/farmbot_nav2/maps/blank.pgm
[8.326s] -- Installing: /home/mr_robot/robot_ws/install/farmbot_nav2/share/farmbot_nav2/maps/blank.yaml
[8.326s] -- Installing: /home/mr_robot/robot_ws/install/farmbot_nav2/share/farmbot_nav2/maps/default_map.yaml
[8.326s] -- Installing: /home/mr_robot/robot_ws/install/farmbot_nav2/share/farmbot_nav2/maps/nightnighthz.yaml
[8.326s] -- Installing: /home/mr_robot/robot_ws/install/farmbot_nav2/share/farmbot_nav2/maps/default_map.pgm
[8.327s] -- Installing: /home/mr_robot/robot_ws/install/farmbot_nav2/share/farmbot_nav2/maps/nightnighthz.pgm
[8.328s] -- Installing: /home/mr_robot/robot_ws/install/farmbot_nav2/share/farmbot_nav2/maps/blank.pbstream
[8.329s] -- Installing: /home/mr_robot/robot_ws/install/farmbot_nav2/share/farmbot_nav2/maps/nightnighthz.pbstream
[8.331s] -- Installing: /home/mr_robot/robot_ws/install/farmbot_nav2/share/ament_index/resource_index/package_run_dependencies/farmbot_nav2
[8.331s] -- Installing: /home/mr_robot/robot_ws/install/farmbot_nav2/share/ament_index/resource_index/parent_prefix_path/farmbot_nav2
[8.332s] -- Installing: /home/mr_robot/robot_ws/install/farmbot_nav2/share/farmbot_nav2/environment/ament_prefix_path.sh
[8.332s] -- Installing: /home/mr_robot/robot_ws/install/farmbot_nav2/share/farmbot_nav2/environment/ament_prefix_path.dsv
[8.332s] -- Installing: /home/mr_robot/robot_ws/install/farmbot_nav2/share/farmbot_nav2/environment/path.sh
[8.332s] -- Installing: /home/mr_robot/robot_ws/install/farmbot_nav2/share/farmbot_nav2/environment/path.dsv
[8.332s] -- Installing: /home/mr_robot/robot_ws/install/farmbot_nav2/share/farmbot_nav2/local_setup.bash
[8.332s] -- Installing: /home/mr_robot/robot_ws/install/farmbot_nav2/share/farmbot_nav2/local_setup.sh
[8.332s] -- Installing: /home/mr_robot/robot_ws/install/farmbot_nav2/share/farmbot_nav2/local_setup.zsh
[8.333s] -- Installing: /home/mr_robot/robot_ws/install/farmbot_nav2/share/farmbot_nav2/local_setup.dsv
[8.333s] -- Installing: /home/mr_robot/robot_ws/install/farmbot_nav2/share/farmbot_nav2/package.dsv
[8.333s] -- Installing: /home/mr_robot/robot_ws/install/farmbot_nav2/share/ament_index/resource_index/packages/farmbot_nav2
[8.333s] -- Installing: /home/mr_robot/robot_ws/install/farmbot_nav2/share/farmbot_nav2/cmake/farmbot_nav2Config.cmake
[8.333s] -- Installing: /home/mr_robot/robot_ws/install/farmbot_nav2/share/farmbot_nav2/cmake/farmbot_nav2Config-version.cmake
[8.334s] -- Installing: /home/mr_robot/robot_ws/install/farmbot_nav2/share/farmbot_nav2/package.xml
[8.336s] Invoked command in '/home/mr_robot/robot_ws/build/farmbot_nav2' returned '0': CMAKE_PREFIX_PATH=${CMAKE_PREFIX_PATH}:/opt/ros/humble /usr/bin/cmake --install /home/mr_robot/robot_ws/build/farmbot_nav2
