-- The C compiler identification is GNU 11.4.0
-- The CXX compiler identification is GNU 11.4.0
-- Detecting C compiler ABI info
-- Detecting C compiler ABI info - done
-- Check for working C compiler: /usr/bin/cc - skipped
-- Detecting C compile features
-- Detecting C compile features - done
-- Detecting CXX compiler ABI info
-- Detecting CXX compiler ABI info - done
-- Check for working CXX compiler: /usr/bin/c++ - skipped
-- Detecting CXX compile features
-- Detecting CXX compile features - done
-- Found ament_cmake: 1.3.12 (/opt/ros/humble/share/ament_cmake/cmake)
-- Found Python3: /usr/bin/python3 (found version "3.10.12") found components: Interpreter 
-- Found std_msgs: 4.9.0 (/opt/ros/humble/share/std_msgs/cmake)
-- Found rosidl_generator_c: 3.1.7 (/opt/ros/humble/share/rosidl_generator_c/cmake)
-- Found rosidl_adapter: 3.1.7 (/opt/ros/humble/share/rosidl_adapter/cmake)
-- Found rosidl_generator_cpp: 3.1.7 (/opt/ros/humble/share/rosidl_generator_cpp/cmake)
-- Using all available rosidl_typesupport_c: rosidl_typesupport_fastrtps_c;rosidl_typesupport_introspection_c
-- Using all available rosidl_typesupport_cpp: rosidl_typesupport_fastrtps_cpp;rosidl_typesupport_introspection_cpp
-- Found rclcpp: 16.0.14 (/opt/ros/humble/share/rclcpp/cmake)
-- Found rmw_implementation_cmake: 6.1.2 (/opt/ros/humble/share/rmw_implementation_cmake/cmake)
-- Found rmw_cyclonedds_cpp: 1.3.4 (/opt/ros/humble/share/rmw_cyclonedds_cpp/cmake)
-- Using RMW implementation 'rmw_cyclonedds_cpp' as default
-- Looking for pthread.h
-- Looking for pthread.h - found
-- Performing Test CMAKE_HAVE_LIBC_PTHREAD
-- Performing Test CMAKE_HAVE_LIBC_PTHREAD - Success
-- Found Threads: TRUE  
-- Found geometry_msgs: 4.9.0 (/opt/ros/humble/share/geometry_msgs/cmake)
-- Found nav_msgs: 4.9.0 (/opt/ros/humble/share/nav_msgs/cmake)
-- Found tf2_ros: 0.25.15 (/opt/ros/humble/share/tf2_ros/cmake)
-- Found tf2_geometry_msgs: 0.25.15 (/opt/ros/humble/share/tf2_geometry_msgs/cmake)
-- Found eigen3_cmake_module: 0.1.1 (/opt/ros/humble/share/eigen3_cmake_module/cmake)
-- Found Eigen3: TRUE (found version "3.4.0") 
-- Ensuring Eigen3 include directory is part of orocos-kdl CMake target
-- Found ament_lint_auto: 0.12.14 (/opt/ros/humble/share/ament_lint_auto/cmake)
-- Added test 'cppcheck' to perform static code analysis on C / C++ code
-- Configured cppcheck include dirs: 
-- Configured cppcheck exclude dirs and/or files: 
-- Added test 'flake8' to check Python code syntax and style conventions
-- Added test 'lint_cmake' to check CMake code style
-- Added test 'pep257' to check Python code against some of the docstring style conventions in PEP 257
-- Added test 'uncrustify' to check C / C++ code style
-- Configured uncrustify additional arguments: 
-- Added test 'xmllint' to check XML markup files
-- Configuring done
-- Generating done
-- Build files have been written to: /home/mr_robot/robot_ws/build/arduino_system
[ 25%] [32mBuilding CXX object CMakeFiles/diff_controller.dir/src/twist_to_motor.cpp.o[0m
[ 50%] [32mBuilding CXX object CMakeFiles/odom.dir/src/base_controller.cpp.o[0m
[ 75%] [32m[1mLinking CXX executable diff_controller[0m
[ 75%] Built target diff_controller
[100%] [32m[1mLinking CXX executable odom[0m
[100%] Built target odom
-- Install configuration: ""
-- Installing: /home/mr_robot/robot_ws/install/arduino_system/lib/arduino_system/diff_controller
-- Set runtime path of "/home/mr_robot/robot_ws/install/arduino_system/lib/arduino_system/diff_controller" to ""
-- Installing: /home/mr_robot/robot_ws/install/arduino_system/lib/arduino_system/odom
-- Set runtime path of "/home/mr_robot/robot_ws/install/arduino_system/lib/arduino_system/odom" to ""
-- Installing: /home/mr_robot/robot_ws/install/arduino_system/share/arduino_system/launch
-- Installing: /home/mr_robot/robot_ws/install/arduino_system/share/arduino_system/launch/arduino.launch.py
-- Installing: /home/mr_robot/robot_ws/install/arduino_system/share/arduino_system/launch/hardware.launch.py
-- Installing: /home/mr_robot/robot_ws/install/arduino_system/share/arduino_system/config
-- Installing: /home/mr_robot/robot_ws/install/arduino_system/share/arduino_system/config/twist_mux.yaml
-- Installing: /home/mr_robot/robot_ws/install/arduino_system/share/ament_index/resource_index/package_run_dependencies/arduino_system
-- Installing: /home/mr_robot/robot_ws/install/arduino_system/share/ament_index/resource_index/parent_prefix_path/arduino_system
-- Installing: /home/mr_robot/robot_ws/install/arduino_system/share/arduino_system/environment/ament_prefix_path.sh
-- Installing: /home/mr_robot/robot_ws/install/arduino_system/share/arduino_system/environment/ament_prefix_path.dsv
-- Installing: /home/mr_robot/robot_ws/install/arduino_system/share/arduino_system/environment/path.sh
-- Installing: /home/mr_robot/robot_ws/install/arduino_system/share/arduino_system/environment/path.dsv
-- Installing: /home/mr_robot/robot_ws/install/arduino_system/share/arduino_system/local_setup.bash
-- Installing: /home/mr_robot/robot_ws/install/arduino_system/share/arduino_system/local_setup.sh
-- Installing: /home/mr_robot/robot_ws/install/arduino_system/share/arduino_system/local_setup.zsh
-- Installing: /home/mr_robot/robot_ws/install/arduino_system/share/arduino_system/local_setup.dsv
-- Installing: /home/mr_robot/robot_ws/install/arduino_system/share/arduino_system/package.dsv
-- Installing: /home/mr_robot/robot_ws/install/arduino_system/share/ament_index/resource_index/packages/arduino_system
-- Installing: /home/mr_robot/robot_ws/install/arduino_system/share/arduino_system/cmake/arduino_systemConfig.cmake
-- Installing: /home/mr_robot/robot_ws/install/arduino_system/share/arduino_system/cmake/arduino_systemConfig-version.cmake
-- Installing: /home/mr_robot/robot_ws/install/arduino_system/share/arduino_system/package.xml
