[0.072s] Invoking command in '/home/mr_robot/robot_ws/build/arduino_system': CMAKE_PREFIX_PATH=${CMAKE_PREFIX_PATH}:/opt/ros/humble /usr/bin/cmake /home/mr_robot/robot_ws/src/farm_robot-main/arduino_system -DCMAKE_INSTALL_PREFIX=/home/mr_robot/robot_ws/install/arduino_system
[0.176s] -- The C compiler identification is GNU 11.4.0
[0.265s] -- The CXX compiler identification is GNU 11.4.0
[0.278s] -- Detecting C compiler ABI info
[0.390s] -- Detecting C compiler ABI info - done
[0.403s] -- Check for working C compiler: /usr/bin/cc - skipped
[0.403s] -- Detecting C compile features
[0.403s] -- Detecting C compile features - done
[0.409s] -- Detecting CXX compiler ABI info
[0.539s] -- Detecting CXX compiler ABI info - done
[0.553s] -- Check for working CXX compiler: /usr/bin/c++ - skipped
[0.554s] -- Detecting CXX compile features
[0.554s] -- Detecting CXX compile features - done
[0.564s] -- Found ament_cmake: 1.3.12 (/opt/ros/humble/share/ament_cmake/cmake)
[0.825s] -- Found Python3: /usr/bin/python3 (found version "3.10.12") found components: Interpreter 
[1.040s] -- Found std_msgs: 4.9.0 (/opt/ros/humble/share/std_msgs/cmake)
[1.135s] -- Found rosidl_generator_c: 3.1.7 (/opt/ros/humble/share/rosidl_generator_c/cmake)
[1.150s] -- Found rosidl_adapter: 3.1.7 (/opt/ros/humble/share/rosidl_adapter/cmake)
[1.178s] -- Found rosidl_generator_cpp: 3.1.7 (/opt/ros/humble/share/rosidl_generator_cpp/cmake)
[1.228s] -- Using all available rosidl_typesupport_c: rosidl_typesupport_fastrtps_c;rosidl_typesupport_introspection_c
[1.281s] -- Using all available rosidl_typesupport_cpp: rosidl_typesupport_fastrtps_cpp;rosidl_typesupport_introspection_cpp
[1.337s] -- Found rclcpp: 16.0.14 (/opt/ros/humble/share/rclcpp/cmake)
[1.450s] -- Found rmw_implementation_cmake: 6.1.2 (/opt/ros/humble/share/rmw_implementation_cmake/cmake)
[1.459s] -- Found rmw_cyclonedds_cpp: 1.3.4 (/opt/ros/humble/share/rmw_cyclonedds_cpp/cmake)
[1.515s] -- Using RMW implementation 'rmw_cyclonedds_cpp' as default
[1.539s] -- Looking for pthread.h
[1.650s] -- Looking for pthread.h - found
[1.650s] -- Performing Test CMAKE_HAVE_LIBC_PTHREAD
[1.771s] -- Performing Test CMAKE_HAVE_LIBC_PTHREAD - Success
[1.773s] -- Found Threads: TRUE  
[1.881s] -- Found geometry_msgs: 4.9.0 (/opt/ros/humble/share/geometry_msgs/cmake)
[1.921s] -- Found nav_msgs: 4.9.0 (/opt/ros/humble/share/nav_msgs/cmake)
[1.973s] -- Found tf2_ros: 0.25.15 (/opt/ros/humble/share/tf2_ros/cmake)
[2.315s] -- Found tf2_geometry_msgs: 0.25.15 (/opt/ros/humble/share/tf2_geometry_msgs/cmake)
[2.367s] -- Found eigen3_cmake_module: 0.1.1 (/opt/ros/humble/share/eigen3_cmake_module/cmake)
[2.370s] -- Found Eigen3: TRUE (found version "3.4.0") 
[2.370s] -- Ensuring Eigen3 include directory is part of orocos-kdl CMake target
[2.381s] -- Found ament_lint_auto: 0.12.14 (/opt/ros/humble/share/ament_lint_auto/cmake)
[2.576s] -- Added test 'cppcheck' to perform static code analysis on C / C++ code
[2.577s] -- Configured cppcheck include dirs: 
[2.577s] -- Configured cppcheck exclude dirs and/or files: 
[2.579s] -- Added test 'flake8' to check Python code syntax and style conventions
[2.581s] -- Added test 'lint_cmake' to check CMake code style
[2.584s] -- Added test 'pep257' to check Python code against some of the docstring style conventions in PEP 257
[2.587s] -- Added test 'uncrustify' to check C / C++ code style
[2.588s] -- Configured uncrustify additional arguments: 
[2.590s] -- Added test 'xmllint' to check XML markup files
[2.595s] -- Configuring done
[2.633s] -- Generating done
[2.648s] -- Build files have been written to: /home/mr_robot/robot_ws/build/arduino_system
[2.667s] Invoked command in '/home/mr_robot/robot_ws/build/arduino_system' returned '0': CMAKE_PREFIX_PATH=${CMAKE_PREFIX_PATH}:/opt/ros/humble /usr/bin/cmake /home/mr_robot/robot_ws/src/farm_robot-main/arduino_system -DCMAKE_INSTALL_PREFIX=/home/mr_robot/robot_ws/install/arduino_system
[2.670s] Invoking command in '/home/mr_robot/robot_ws/build/arduino_system': CMAKE_PREFIX_PATH=${CMAKE_PREFIX_PATH}:/opt/ros/humble /usr/bin/cmake --build /home/mr_robot/robot_ws/build/arduino_system -- -j12 -l12
[2.750s] [ 25%] [32mBuilding CXX object CMakeFiles/diff_controller.dir/src/twist_to_motor.cpp.o[0m
[2.753s] [ 50%] [32mBuilding CXX object CMakeFiles/odom.dir/src/base_controller.cpp.o[0m
[15.971s] [ 75%] [32m[1mLinking CXX executable diff_controller[0m
[16.573s] [ 75%] Built target diff_controller
[20.014s] [100%] [32m[1mLinking CXX executable odom[0m
[20.833s] [100%] Built target odom
[20.849s] Invoked command in '/home/mr_robot/robot_ws/build/arduino_system' returned '0': CMAKE_PREFIX_PATH=${CMAKE_PREFIX_PATH}:/opt/ros/humble /usr/bin/cmake --build /home/mr_robot/robot_ws/build/arduino_system -- -j12 -l12
[20.851s] Invoking command in '/home/mr_robot/robot_ws/build/arduino_system': CMAKE_PREFIX_PATH=${CMAKE_PREFIX_PATH}:/opt/ros/humble /usr/bin/cmake --install /home/mr_robot/robot_ws/build/arduino_system
[20.862s] -- Install configuration: ""
[20.862s] -- Installing: /home/mr_robot/robot_ws/install/arduino_system/lib/arduino_system/diff_controller
[20.867s] -- Set runtime path of "/home/mr_robot/robot_ws/install/arduino_system/lib/arduino_system/diff_controller" to ""
[20.867s] -- Installing: /home/mr_robot/robot_ws/install/arduino_system/lib/arduino_system/odom
[20.874s] -- Set runtime path of "/home/mr_robot/robot_ws/install/arduino_system/lib/arduino_system/odom" to ""
[20.874s] -- Installing: /home/mr_robot/robot_ws/install/arduino_system/share/arduino_system/launch
[20.874s] -- Installing: /home/mr_robot/robot_ws/install/arduino_system/share/arduino_system/launch/arduino.launch.py
[20.875s] -- Installing: /home/mr_robot/robot_ws/install/arduino_system/share/arduino_system/launch/hardware.launch.py
[20.875s] -- Installing: /home/mr_robot/robot_ws/install/arduino_system/share/arduino_system/config
[20.875s] -- Installing: /home/mr_robot/robot_ws/install/arduino_system/share/arduino_system/config/twist_mux.yaml
[20.875s] -- Installing: /home/mr_robot/robot_ws/install/arduino_system/share/ament_index/resource_index/package_run_dependencies/arduino_system
[20.875s] -- Installing: /home/mr_robot/robot_ws/install/arduino_system/share/ament_index/resource_index/parent_prefix_path/arduino_system
[20.875s] -- Installing: /home/mr_robot/robot_ws/install/arduino_system/share/arduino_system/environment/ament_prefix_path.sh
[20.876s] -- Installing: /home/mr_robot/robot_ws/install/arduino_system/share/arduino_system/environment/ament_prefix_path.dsv
[20.876s] -- Installing: /home/mr_robot/robot_ws/install/arduino_system/share/arduino_system/environment/path.sh
[20.876s] -- Installing: /home/mr_robot/robot_ws/install/arduino_system/share/arduino_system/environment/path.dsv
[20.876s] -- Installing: /home/mr_robot/robot_ws/install/arduino_system/share/arduino_system/local_setup.bash
[20.876s] -- Installing: /home/mr_robot/robot_ws/install/arduino_system/share/arduino_system/local_setup.sh
[20.877s] -- Installing: /home/mr_robot/robot_ws/install/arduino_system/share/arduino_system/local_setup.zsh
[20.877s] -- Installing: /home/mr_robot/robot_ws/install/arduino_system/share/arduino_system/local_setup.dsv
[20.877s] -- Installing: /home/mr_robot/robot_ws/install/arduino_system/share/arduino_system/package.dsv
[20.877s] -- Installing: /home/mr_robot/robot_ws/install/arduino_system/share/ament_index/resource_index/packages/arduino_system
[20.878s] -- Installing: /home/mr_robot/robot_ws/install/arduino_system/share/arduino_system/cmake/arduino_systemConfig.cmake
[20.878s] -- Installing: /home/mr_robot/robot_ws/install/arduino_system/share/arduino_system/cmake/arduino_systemConfig-version.cmake
[20.878s] -- Installing: /home/mr_robot/robot_ws/install/arduino_system/share/arduino_system/package.xml
[20.881s] Invoked command in '/home/mr_robot/robot_ws/build/arduino_system' returned '0': CMAKE_PREFIX_PATH=${CMAKE_PREFIX_PATH}:/opt/ros/humble /usr/bin/cmake --install /home/mr_robot/robot_ws/build/arduino_system
