[35m[1mConsolidate compiler generated dependencies of target diff_controller[0m
[35m[1mConsolidate compiler generated dependencies of target odom[0m
[ 50%] Built target diff_controller
[100%] Built target odom
-- Install configuration: ""
-- Up-to-date: /home/mr_robot/robot_ws/install/arduino_system/lib/arduino_system/diff_controller
-- Up-to-date: /home/mr_robot/robot_ws/install/arduino_system/lib/arduino_system/odom
-- Up-to-date: /home/mr_robot/robot_ws/install/arduino_system/share/arduino_system/launch
-- Up-to-date: /home/mr_robot/robot_ws/install/arduino_system/share/arduino_system/launch/arduino.launch.py
-- Up-to-date: /home/mr_robot/robot_ws/install/arduino_system/share/arduino_system/launch/hardware.launch.py
-- Up-to-date: /home/mr_robot/robot_ws/install/arduino_system/share/arduino_system/config
-- Up-to-date: /home/mr_robot/robot_ws/install/arduino_system/share/arduino_system/config/twist_mux.yaml
-- Up-to-date: /home/mr_robot/robot_ws/install/arduino_system/share/ament_index/resource_index/package_run_dependencies/arduino_system
-- Up-to-date: /home/mr_robot/robot_ws/install/arduino_system/share/ament_index/resource_index/parent_prefix_path/arduino_system
-- Up-to-date: /home/mr_robot/robot_ws/install/arduino_system/share/arduino_system/environment/ament_prefix_path.sh
-- Up-to-date: /home/mr_robot/robot_ws/install/arduino_system/share/arduino_system/environment/ament_prefix_path.dsv
-- Up-to-date: /home/mr_robot/robot_ws/install/arduino_system/share/arduino_system/environment/path.sh
-- Up-to-date: /home/mr_robot/robot_ws/install/arduino_system/share/arduino_system/environment/path.dsv
-- Up-to-date: /home/mr_robot/robot_ws/install/arduino_system/share/arduino_system/local_setup.bash
-- Up-to-date: /home/mr_robot/robot_ws/install/arduino_system/share/arduino_system/local_setup.sh
-- Up-to-date: /home/mr_robot/robot_ws/install/arduino_system/share/arduino_system/local_setup.zsh
-- Up-to-date: /home/mr_robot/robot_ws/install/arduino_system/share/arduino_system/local_setup.dsv
-- Installing: /home/mr_robot/robot_ws/install/arduino_system/share/arduino_system/package.dsv
-- Up-to-date: /home/mr_robot/robot_ws/install/arduino_system/share/ament_index/resource_index/packages/arduino_system
-- Up-to-date: /home/mr_robot/robot_ws/install/arduino_system/share/arduino_system/cmake/arduino_systemConfig.cmake
-- Up-to-date: /home/mr_robot/robot_ws/install/arduino_system/share/arduino_system/cmake/arduino_systemConfig-version.cmake
-- Up-to-date: /home/mr_robot/robot_ws/install/arduino_system/share/arduino_system/package.xml
