[0.061s] Invoking command in '/home/mr_robot/robot_ws/build/farmbot_carto': CMAKE_PREFIX_PATH=${CMAKE_PREFIX_PATH}:/opt/ros/humble /usr/bin/cmake /home/mr_robot/robot_ws/src/farm_robot-main/farmbot_carto -DCMAKE_INSTALL_PREFIX=/home/mr_robot/robot_ws/install/farmbot_carto
[0.159s] -- The C compiler identification is GNU 11.4.0
[0.277s] -- The CXX compiler identification is GNU 11.4.0
[0.289s] -- Detecting C compiler ABI info
[0.405s] -- Detecting C compiler ABI info - done
[0.418s] -- Check for working C compiler: /usr/bin/cc - skipped
[0.419s] -- Detecting C compile features
[0.420s] -- Detecting C compile features - done
[0.425s] -- Detecting CXX compiler ABI info
[0.558s] -- Detecting CXX compiler ABI info - done
[0.576s] -- Check for working CXX compiler: /usr/bin/c++ - skipped
[0.576s] -- Detecting CXX compile features
[0.577s] -- Detecting CXX compile features - done
[0.584s] -- Found ament_cmake: 1.3.12 (/opt/ros/humble/share/ament_cmake/cmake)
[0.847s] -- Found Python3: /usr/bin/python3 (found version "3.10.12") found components: Interpreter 
[1.100s] -- Found cartographer_ros: 2.0.9002 (/opt/ros/humble/share/cartographer_ros/cmake)
[1.220s] -- Found rosidl_generator_c: 3.1.7 (/opt/ros/humble/share/rosidl_generator_c/cmake)
[1.236s] -- Found rosidl_adapter: 3.1.7 (/opt/ros/humble/share/rosidl_adapter/cmake)
[1.257s] -- Found rosidl_generator_cpp: 3.1.7 (/opt/ros/humble/share/rosidl_generator_cpp/cmake)
[1.285s] -- Using all available rosidl_typesupport_c: rosidl_typesupport_fastrtps_c;rosidl_typesupport_introspection_c
[1.324s] -- Using all available rosidl_typesupport_cpp: rosidl_typesupport_fastrtps_cpp;rosidl_typesupport_introspection_cpp
[1.701s] -- Found Boost: /usr/lib/x86_64-linux-gnu/cmake/Boost-1.74.0/BoostConfig.cmake (found version "1.74.0") found components: iostreams 
[1.960s] -- Found rmw_implementation_cmake: 6.1.2 (/opt/ros/humble/share/rmw_implementation_cmake/cmake)
[1.969s] -- Found rmw_cyclonedds_cpp: 1.3.4 (/opt/ros/humble/share/rmw_cyclonedds_cpp/cmake)
[2.024s] -- Using RMW implementation 'rmw_cyclonedds_cpp' as default
[2.049s] -- Found Threads: TRUE  
[2.232s] -- Checking for module 'eigen3'
[2.255s] --   Found eigen3, version 3.4.0
[2.306s] -- Found Eigen: /usr/include/eigen3 (Required is at least version "3.1") 
[2.307s] -- Eigen found (include: /usr/include/eigen3, version: 3.4.0)
[2.378s] -- Checking for module 'flann'
[2.400s] --   Found flann, version 1.9.1
[2.471s] -- Found FLANN: /usr/lib/x86_64-linux-gnu/libflann_cpp.so  
[2.471s] -- FLANN found (include: /usr/include, lib: /usr/lib/x86_64-linux-gnu/libflann_cpp.so)
[4.108s] -- Checking for module 'libusb-1.0'
[4.137s] --   Found libusb-1.0, version 1.0.25
[4.211s] -- Found libusb: /usr/lib/x86_64-linux-gnu/libusb-1.0.so  
[4.213s] -- OpenNI found (version: 1.5.4.0, include: /usr/include/ni, lib: /usr/lib/libOpenNI.so;libusb::libusb)
[4.323s] -- OpenNI2 found (version: 2.2.0.33, include: /usr/include/openni2, lib: /usr/lib/x86_64-linux-gnu/libOpenNI2.so;libusb::libusb)
[4.586s] -- Eigen found (include: /usr/include/eigen3, version: 3.4.0)
[4.596s] -- OpenNI found (version: 1.5.4.0, include: /usr/include/ni, lib: /usr/lib/libOpenNI.so;libusb::libusb)
[4.607s] -- OpenNI2 found (version: 2.2.0.33, include: /usr/include/openni2, lib: /usr/lib/x86_64-linux-gnu/libOpenNI2.so;libusb::libusb)
[4.890s] -- Found Qhull version 8.0.2
[5.164s] -- OpenNI found (version: 1.5.4.0, include: /usr/include/ni, lib: /usr/lib/libOpenNI.so;libusb::libusb)
[5.415s] -- Found PCL_COMMON: /usr/lib/x86_64-linux-gnu/libpcl_common.so  
[5.416s] -- Found PCL_KDTREE: /usr/lib/x86_64-linux-gnu/libpcl_kdtree.so  
[5.418s] -- Found PCL_OCTREE: /usr/lib/x86_64-linux-gnu/libpcl_octree.so  
[5.419s] -- Found PCL_SEARCH: /usr/lib/x86_64-linux-gnu/libpcl_search.so  
[5.420s] -- Found PCL_SAMPLE_CONSENSUS: /usr/lib/x86_64-linux-gnu/libpcl_sample_consensus.so  
[5.422s] -- Found PCL_FILTERS: /usr/lib/x86_64-linux-gnu/libpcl_filters.so  
[5.422s] -- Found PCL_2D: /usr/include/pcl-1.12  
[5.423s] -- Found PCL_GEOMETRY: /usr/include/pcl-1.12  
[5.424s] -- Found PCL_IO: /usr/lib/x86_64-linux-gnu/libpcl_io.so  
[5.426s] -- Found PCL_FEATURES: /usr/lib/x86_64-linux-gnu/libpcl_features.so  
[5.427s] -- Found PCL_ML: /usr/lib/x86_64-linux-gnu/libpcl_ml.so  
[5.429s] -- Found PCL_SEGMENTATION: /usr/lib/x86_64-linux-gnu/libpcl_segmentation.so  
[5.430s] -- Found PCL_VISUALIZATION: /usr/lib/x86_64-linux-gnu/libpcl_visualization.so  
[5.432s] -- Found PCL_SURFACE: /usr/lib/x86_64-linux-gnu/libpcl_surface.so  
[5.433s] -- Found PCL_REGISTRATION: /usr/lib/x86_64-linux-gnu/libpcl_registration.so  
[5.435s] -- Found PCL_KEYPOINTS: /usr/lib/x86_64-linux-gnu/libpcl_keypoints.so  
[5.437s] -- Found PCL_TRACKING: /usr/lib/x86_64-linux-gnu/libpcl_tracking.so  
[5.439s] -- Found PCL_RECOGNITION: /usr/lib/x86_64-linux-gnu/libpcl_recognition.so  
[5.441s] -- Found PCL_STEREO: /usr/lib/x86_64-linux-gnu/libpcl_stereo.so  
[5.442s] -- Found PCL_APPS: /usr/lib/x86_64-linux-gnu/libpcl_apps.so  
[5.444s] -- Found PCL_IN_HAND_SCANNER: /usr/include/pcl-1.12  
[5.445s] -- Found PCL_MODELER: /usr/include/pcl-1.12  
[5.445s] -- Found PCL_POINT_CLOUD_EDITOR: /usr/include/pcl-1.12  
[5.447s] -- Found PCL_OUTOFCORE: /usr/lib/x86_64-linux-gnu/libpcl_outofcore.so  
[5.449s] -- Found PCL_PEOPLE: /usr/lib/x86_64-linux-gnu/libpcl_people.so  
[5.843s] -- Found ament_lint_auto: 0.12.14 (/opt/ros/humble/share/ament_lint_auto/cmake)
[6.019s] -- Added test 'flake8' to check Python code syntax and style conventions
[6.021s] -- Added test 'lint_cmake' to check CMake code style
[6.024s] -- Added test 'pep257' to check Python code against some of the docstring style conventions in PEP 257
[6.027s] -- Added test 'xmllint' to check XML markup files
[6.032s] -- Configuring done
[6.050s] -- Generating done
[6.058s] -- Build files have been written to: /home/mr_robot/robot_ws/build/farmbot_carto
[6.099s] Invoked command in '/home/mr_robot/robot_ws/build/farmbot_carto' returned '0': CMAKE_PREFIX_PATH=${CMAKE_PREFIX_PATH}:/opt/ros/humble /usr/bin/cmake /home/mr_robot/robot_ws/src/farm_robot-main/farmbot_carto -DCMAKE_INSTALL_PREFIX=/home/mr_robot/robot_ws/install/farmbot_carto
[6.103s] Invoking command in '/home/mr_robot/robot_ws/build/farmbot_carto': CMAKE_PREFIX_PATH=${CMAKE_PREFIX_PATH}:/opt/ros/humble /usr/bin/cmake --build /home/mr_robot/robot_ws/build/farmbot_carto -- -j12 -l12
[6.178s] Invoked command in '/home/mr_robot/robot_ws/build/farmbot_carto' returned '0': CMAKE_PREFIX_PATH=${CMAKE_PREFIX_PATH}:/opt/ros/humble /usr/bin/cmake --build /home/mr_robot/robot_ws/build/farmbot_carto -- -j12 -l12
[6.182s] Invoking command in '/home/mr_robot/robot_ws/build/farmbot_carto': CMAKE_PREFIX_PATH=${CMAKE_PREFIX_PATH}:/opt/ros/humble /usr/bin/cmake --install /home/mr_robot/robot_ws/build/farmbot_carto
[6.193s] -- Install configuration: ""
[6.193s] -- Installing: /home/mr_robot/robot_ws/install/farmbot_carto/share/farmbot_carto//config
[6.194s] -- Installing: /home/mr_robot/robot_ws/install/farmbot_carto/share/farmbot_carto//config/rom_nav_2d.lua
[6.194s] -- Installing: /home/mr_robot/robot_ws/install/farmbot_carto/share/farmbot_carto//config/rom_map_2d.lua
[6.194s] -- Installing: /home/mr_robot/robot_ws/install/farmbot_carto/share/farmbot_carto//launch
[6.194s] -- Installing: /home/mr_robot/robot_ws/install/farmbot_carto/share/farmbot_carto//launch/localization.launch.py
[6.195s] -- Installing: /home/mr_robot/robot_ws/install/farmbot_carto/share/farmbot_carto//launch/occupancy_grid.launch.py
[6.195s] -- Installing: /home/mr_robot/robot_ws/install/farmbot_carto/share/farmbot_carto//launch/mapping.launch.py
[6.195s] -- Installing: /home/mr_robot/robot_ws/install/farmbot_carto/share/ament_index/resource_index/package_run_dependencies/farmbot_carto
[6.195s] -- Installing: /home/mr_robot/robot_ws/install/farmbot_carto/share/ament_index/resource_index/parent_prefix_path/farmbot_carto
[6.195s] -- Installing: /home/mr_robot/robot_ws/install/farmbot_carto/share/farmbot_carto/environment/ament_prefix_path.sh
[6.195s] -- Installing: /home/mr_robot/robot_ws/install/farmbot_carto/share/farmbot_carto/environment/ament_prefix_path.dsv
[6.196s] -- Installing: /home/mr_robot/robot_ws/install/farmbot_carto/share/farmbot_carto/environment/path.sh
[6.196s] -- Installing: /home/mr_robot/robot_ws/install/farmbot_carto/share/farmbot_carto/environment/path.dsv
[6.196s] -- Installing: /home/mr_robot/robot_ws/install/farmbot_carto/share/farmbot_carto/local_setup.bash
[6.196s] -- Installing: /home/mr_robot/robot_ws/install/farmbot_carto/share/farmbot_carto/local_setup.sh
[6.196s] -- Installing: /home/mr_robot/robot_ws/install/farmbot_carto/share/farmbot_carto/local_setup.zsh
[6.196s] -- Installing: /home/mr_robot/robot_ws/install/farmbot_carto/share/farmbot_carto/local_setup.dsv
[6.197s] -- Installing: /home/mr_robot/robot_ws/install/farmbot_carto/share/farmbot_carto/package.dsv
[6.197s] -- Installing: /home/mr_robot/robot_ws/install/farmbot_carto/share/ament_index/resource_index/packages/farmbot_carto
[6.197s] -- Installing: /home/mr_robot/robot_ws/install/farmbot_carto/share/farmbot_carto/cmake/farmbot_cartoConfig.cmake
[6.197s] -- Installing: /home/mr_robot/robot_ws/install/farmbot_carto/share/farmbot_carto/cmake/farmbot_cartoConfig-version.cmake
[6.197s] -- Installing: /home/mr_robot/robot_ws/install/farmbot_carto/share/farmbot_carto/package.xml
[6.201s] Invoked command in '/home/mr_robot/robot_ws/build/farmbot_carto' returned '0': CMAKE_PREFIX_PATH=${CMAKE_PREFIX_PATH}:/opt/ros/humble /usr/bin/cmake --install /home/mr_robot/robot_ws/build/farmbot_carto
