[0.015s] Invoking command in '/home/mr_robot/robot_ws/build/farmbot_ekf': CMAKE_PREFIX_PATH=${CMAKE_PREFIX_PATH}:/opt/ros/humble /usr/bin/cmake /home/mr_robot/robot_ws/src/farm_robot-main/farmbot_ekf -DCMAKE_INSTALL_PREFIX=/home/mr_robot/robot_ws/install/farmbot_ekf
[0.094s] -- The C compiler identification is GNU 11.4.0
[0.172s] -- The CXX compiler identification is GNU 11.4.0
[0.182s] -- Detecting C compiler ABI info
[0.281s] -- Detecting C compiler ABI info - done
[0.292s] -- Check for working C compiler: /usr/bin/cc - skipped
[0.292s] -- Detecting C compile features
[0.293s] -- Detecting C compile features - done
[0.297s] -- Detecting CXX compiler ABI info
[0.411s] -- Detecting CXX compiler ABI info - done
[0.422s] -- Check for working CXX compiler: /usr/bin/c++ - skipped
[0.422s] -- Detecting CXX compile features
[0.423s] -- Detecting CXX compile features - done
[0.431s] -- Found ament_cmake: 1.3.12 (/opt/ros/humble/share/ament_cmake/cmake)
[0.650s] -- Found Python3: /usr/bin/python3 (found version "3.10.12") found components: Interpreter 
[0.833s] -- Found rclcpp: 16.0.14 (/opt/ros/humble/share/rclcpp/cmake)
[0.935s] -- Found rosidl_generator_c: 3.1.7 (/opt/ros/humble/share/rosidl_generator_c/cmake)
[0.950s] -- Found rosidl_adapter: 3.1.7 (/opt/ros/humble/share/rosidl_adapter/cmake)
[0.970s] -- Found rosidl_generator_cpp: 3.1.7 (/opt/ros/humble/share/rosidl_generator_cpp/cmake)
[0.997s] -- Using all available rosidl_typesupport_c: rosidl_typesupport_fastrtps_c;rosidl_typesupport_introspection_c
[1.032s] -- Using all available rosidl_typesupport_cpp: rosidl_typesupport_fastrtps_cpp;rosidl_typesupport_introspection_cpp
[1.135s] -- Found rmw_implementation_cmake: 6.1.2 (/opt/ros/humble/share/rmw_implementation_cmake/cmake)
[1.144s] -- Found rmw_cyclonedds_cpp: 1.3.4 (/opt/ros/humble/share/rmw_cyclonedds_cpp/cmake)
[1.198s] -- Using RMW implementation 'rmw_cyclonedds_cpp' as default
[1.221s] -- Looking for pthread.h
[1.326s] -- Looking for pthread.h - found
[1.326s] -- Performing Test CMAKE_HAVE_LIBC_PTHREAD
[1.431s] -- Performing Test CMAKE_HAVE_LIBC_PTHREAD - Success
[1.432s] -- Found Threads: TRUE  
[1.527s] -- Found ament_lint_auto: 0.12.14 (/opt/ros/humble/share/ament_lint_auto/cmake)
[1.662s] -- Added test 'cppcheck' to perform static code analysis on C / C++ code
[1.662s] -- Configured cppcheck include dirs: 
[1.662s] -- Configured cppcheck exclude dirs and/or files: 
[1.663s] -- Added test 'flake8' to check Python code syntax and style conventions
[1.665s] -- Added test 'lint_cmake' to check CMake code style
[1.666s] -- Added test 'pep257' to check Python code against some of the docstring style conventions in PEP 257
[1.669s] -- Added test 'uncrustify' to check C / C++ code style
[1.669s] -- Configured uncrustify additional arguments: 
[1.670s] -- Added test 'xmllint' to check XML markup files
[1.673s] -- Configuring done
[1.679s] -- Generating done
[1.682s] -- Build files have been written to: /home/mr_robot/robot_ws/build/farmbot_ekf
[1.692s] Invoked command in '/home/mr_robot/robot_ws/build/farmbot_ekf' returned '0': CMAKE_PREFIX_PATH=${CMAKE_PREFIX_PATH}:/opt/ros/humble /usr/bin/cmake /home/mr_robot/robot_ws/src/farm_robot-main/farmbot_ekf -DCMAKE_INSTALL_PREFIX=/home/mr_robot/robot_ws/install/farmbot_ekf
[1.693s] Invoking command in '/home/mr_robot/robot_ws/build/farmbot_ekf': CMAKE_PREFIX_PATH=${CMAKE_PREFIX_PATH}:/opt/ros/humble /usr/bin/cmake --build /home/mr_robot/robot_ws/build/farmbot_ekf -- -j12 -l12
[1.752s] Invoked command in '/home/mr_robot/robot_ws/build/farmbot_ekf' returned '0': CMAKE_PREFIX_PATH=${CMAKE_PREFIX_PATH}:/opt/ros/humble /usr/bin/cmake --build /home/mr_robot/robot_ws/build/farmbot_ekf -- -j12 -l12
[1.754s] Invoking command in '/home/mr_robot/robot_ws/build/farmbot_ekf': CMAKE_PREFIX_PATH=${CMAKE_PREFIX_PATH}:/opt/ros/humble /usr/bin/cmake --install /home/mr_robot/robot_ws/build/farmbot_ekf
[1.765s] -- Install configuration: ""
[1.765s] -- Installing: /home/mr_robot/robot_ws/install/farmbot_ekf/share/farmbot_ekf/launch
[1.765s] -- Installing: /home/mr_robot/robot_ws/install/farmbot_ekf/share/farmbot_ekf/launch/ekf.launch.py
[1.765s] -- Installing: /home/mr_robot/robot_ws/install/farmbot_ekf/share/farmbot_ekf/config
[1.765s] -- Installing: /home/mr_robot/robot_ws/install/farmbot_ekf/share/farmbot_ekf/config/testing.c
[1.766s] -- Installing: /home/mr_robot/robot_ws/install/farmbot_ekf/share/farmbot_ekf/config/original_ekf.yaml
[1.766s] -- Installing: /home/mr_robot/robot_ws/install/farmbot_ekf/share/farmbot_ekf/config/photo.jpg
[1.767s] -- Installing: /home/mr_robot/robot_ws/install/farmbot_ekf/share/farmbot_ekf/config/nav2_localization.yaml
[1.767s] -- Installing: /home/mr_robot/robot_ws/install/farmbot_ekf/share/farmbot_ekf/config/ekf.yaml
[1.768s] -- Installing: /home/mr_robot/robot_ws/install/farmbot_ekf/share/ament_index/resource_index/package_run_dependencies/farmbot_ekf
[1.768s] -- Installing: /home/mr_robot/robot_ws/install/farmbot_ekf/share/ament_index/resource_index/parent_prefix_path/farmbot_ekf
[1.768s] -- Installing: /home/mr_robot/robot_ws/install/farmbot_ekf/share/farmbot_ekf/environment/ament_prefix_path.sh
[1.769s] -- Installing: /home/mr_robot/robot_ws/install/farmbot_ekf/share/farmbot_ekf/environment/ament_prefix_path.dsv
[1.769s] -- Installing: /home/mr_robot/robot_ws/install/farmbot_ekf/share/farmbot_ekf/environment/path.sh
[1.769s] -- Installing: /home/mr_robot/robot_ws/install/farmbot_ekf/share/farmbot_ekf/environment/path.dsv
[1.769s] -- Installing: /home/mr_robot/robot_ws/install/farmbot_ekf/share/farmbot_ekf/local_setup.bash
[1.769s] -- Installing: /home/mr_robot/robot_ws/install/farmbot_ekf/share/farmbot_ekf/local_setup.sh
[1.770s] -- Installing: /home/mr_robot/robot_ws/install/farmbot_ekf/share/farmbot_ekf/local_setup.zsh
[1.770s] -- Installing: /home/mr_robot/robot_ws/install/farmbot_ekf/share/farmbot_ekf/local_setup.dsv
[1.770s] -- Installing: /home/mr_robot/robot_ws/install/farmbot_ekf/share/farmbot_ekf/package.dsv
[1.770s] -- Installing: /home/mr_robot/robot_ws/install/farmbot_ekf/share/ament_index/resource_index/packages/farmbot_ekf
[1.771s] -- Installing: /home/mr_robot/robot_ws/install/farmbot_ekf/share/farmbot_ekf/cmake/farmbot_ekfConfig.cmake
[1.771s] -- Installing: /home/mr_robot/robot_ws/install/farmbot_ekf/share/farmbot_ekf/cmake/farmbot_ekfConfig-version.cmake
[1.771s] -- Installing: /home/mr_robot/robot_ws/install/farmbot_ekf/share/farmbot_ekf/package.xml
[1.774s] Invoked command in '/home/mr_robot/robot_ws/build/farmbot_ekf' returned '0': CMAKE_PREFIX_PATH=${CMAKE_PREFIX_PATH}:/opt/ros/humble /usr/bin/cmake --install /home/mr_robot/robot_ws/build/farmbot_ekf
