[0.015s] Invoking command in '/home/mr_robot/robot_ws/build/farmbot_description': CMAKE_PREFIX_PATH=${CMAKE_PREFIX_PATH}:/opt/ros/humble /usr/bin/cmake /home/mr_robot/robot_ws/src/farm_robot-main/farmbot_description -DCMAKE_INSTALL_PREFIX=/home/mr_robot/robot_ws/install/farmbot_description
[0.095s] -- The C compiler identification is GNU 11.4.0
[0.173s] -- The CXX compiler identification is GNU 11.4.0
[0.182s] -- Detecting C compiler ABI info
[0.282s] -- Detecting C compiler ABI info - done
[0.293s] -- Check for working C compiler: /usr/bin/cc - skipped
[0.293s] -- Detecting C compile features
[0.294s] -- Detecting C compile features - done
[0.298s] -- Detecting CXX compiler ABI info
[0.412s] -- Detecting CXX compiler ABI info - done
[0.423s] -- Check for working CXX compiler: /usr/bin/c++ - skipped
[0.423s] -- Detecting CXX compile features
[0.424s] -- Detecting CXX compile features - done
[0.431s] -- Found ament_cmake: 1.3.12 (/opt/ros/humble/share/ament_cmake/cmake)
[0.649s] -- Found Python3: /usr/bin/python3 (found version "3.10.12") found components: Interpreter 
[0.827s] -- Found ament_lint_auto: 0.12.14 (/opt/ros/humble/share/ament_lint_auto/cmake)
[0.961s] -- Added test 'flake8' to check Python code syntax and style conventions
[0.963s] -- Added test 'lint_cmake' to check CMake code style
[0.964s] -- Added test 'pep257' to check Python code against some of the docstring style conventions in PEP 257
[0.966s] -- Added test 'xmllint' to check XML markup files
[0.969s] -- Configuring done
[0.973s] -- Generating done
[0.975s] -- Build files have been written to: /home/mr_robot/robot_ws/build/farmbot_description
[0.980s] Invoked command in '/home/mr_robot/robot_ws/build/farmbot_description' returned '0': CMAKE_PREFIX_PATH=${CMAKE_PREFIX_PATH}:/opt/ros/humble /usr/bin/cmake /home/mr_robot/robot_ws/src/farm_robot-main/farmbot_description -DCMAKE_INSTALL_PREFIX=/home/mr_robot/robot_ws/install/farmbot_description
[0.982s] Invoking command in '/home/mr_robot/robot_ws/build/farmbot_description': CMAKE_PREFIX_PATH=${CMAKE_PREFIX_PATH}:/opt/ros/humble /usr/bin/cmake --build /home/mr_robot/robot_ws/build/farmbot_description -- -j12 -l12
[1.037s] Invoked command in '/home/mr_robot/robot_ws/build/farmbot_description' returned '0': CMAKE_PREFIX_PATH=${CMAKE_PREFIX_PATH}:/opt/ros/humble /usr/bin/cmake --build /home/mr_robot/robot_ws/build/farmbot_description -- -j12 -l12
[1.039s] Invoking command in '/home/mr_robot/robot_ws/build/farmbot_description': CMAKE_PREFIX_PATH=${CMAKE_PREFIX_PATH}:/opt/ros/humble /usr/bin/cmake --install /home/mr_robot/robot_ws/build/farmbot_description
[1.051s] -- Install configuration: ""
[1.051s] -- Installing: /home/mr_robot/robot_ws/install/farmbot_description/share/farmbot_description/rviz
[1.051s] -- Installing: /home/mr_robot/robot_ws/install/farmbot_description/share/farmbot_description/rviz/diffbot_view.rviz
[1.051s] -- Installing: /home/mr_robot/robot_ws/install/farmbot_description/share/farmbot_description/launch
[1.052s] -- Installing: /home/mr_robot/robot_ws/install/farmbot_description/share/farmbot_description/launch/view_robot.launch.py
[1.052s] -- Installing: /home/mr_robot/robot_ws/install/farmbot_description/share/farmbot_description/urdf
[1.052s] -- Installing: /home/mr_robot/robot_ws/install/farmbot_description/share/farmbot_description/urdf/diffbot.materials.xacro
[1.052s] -- Installing: /home/mr_robot/robot_ws/install/farmbot_description/share/farmbot_description/urdf/diffbot.urdf.xacro
[1.053s] -- Installing: /home/mr_robot/robot_ws/install/farmbot_description/share/farmbot_description/urdf/robot.urdf
[1.053s] -- Installing: /home/mr_robot/robot_ws/install/farmbot_description/share/farmbot_description/urdf/diffbot_description.urdf.xacro
[1.054s] -- Installing: /home/mr_robot/robot_ws/install/farmbot_description/share/ament_index/resource_index/package_run_dependencies/farmbot_description
[1.054s] -- Installing: /home/mr_robot/robot_ws/install/farmbot_description/share/ament_index/resource_index/parent_prefix_path/farmbot_description
[1.054s] -- Installing: /home/mr_robot/robot_ws/install/farmbot_description/share/farmbot_description/environment/ament_prefix_path.sh
[1.055s] -- Installing: /home/mr_robot/robot_ws/install/farmbot_description/share/farmbot_description/environment/ament_prefix_path.dsv
[1.055s] -- Installing: /home/mr_robot/robot_ws/install/farmbot_description/share/farmbot_description/environment/path.sh
[1.055s] -- Installing: /home/mr_robot/robot_ws/install/farmbot_description/share/farmbot_description/environment/path.dsv
[1.055s] -- Installing: /home/mr_robot/robot_ws/install/farmbot_description/share/farmbot_description/local_setup.bash
[1.055s] -- Installing: /home/mr_robot/robot_ws/install/farmbot_description/share/farmbot_description/local_setup.sh
[1.056s] -- Installing: /home/mr_robot/robot_ws/install/farmbot_description/share/farmbot_description/local_setup.zsh
[1.056s] -- Installing: /home/mr_robot/robot_ws/install/farmbot_description/share/farmbot_description/local_setup.dsv
[1.056s] -- Installing: /home/mr_robot/robot_ws/install/farmbot_description/share/farmbot_description/package.dsv
[1.056s] -- Installing: /home/mr_robot/robot_ws/install/farmbot_description/share/ament_index/resource_index/packages/farmbot_description
[1.056s] -- Installing: /home/mr_robot/robot_ws/install/farmbot_description/share/farmbot_description/cmake/farmbot_descriptionConfig.cmake
[1.056s] -- Installing: /home/mr_robot/robot_ws/install/farmbot_description/share/farmbot_description/cmake/farmbot_descriptionConfig-version.cmake
[1.057s] -- Installing: /home/mr_robot/robot_ws/install/farmbot_description/share/farmbot_description/package.xml
[1.059s] Invoked command in '/home/mr_robot/robot_ws/build/farmbot_description' returned '0': CMAKE_PREFIX_PATH=${CMAKE_PREFIX_PATH}:/opt/ros/humble /usr/bin/cmake --install /home/mr_robot/robot_ws/build/farmbot_description
