-- Install configuration: ""
-- Up-to-date: /home/mr_robot/robot_ws/install/farmbot_description/share/farmbot_description/rviz
-- Up-to-date: /home/mr_robot/robot_ws/install/farmbot_description/share/farmbot_description/rviz/diffbot_view.rviz
-- Up-to-date: /home/mr_robot/robot_ws/install/farmbot_description/share/farmbot_description/launch
-- Up-to-date: /home/mr_robot/robot_ws/install/farmbot_description/share/farmbot_description/launch/view_robot.launch.py
-- Up-to-date: /home/mr_robot/robot_ws/install/farmbot_description/share/farmbot_description/urdf
-- Up-to-date: /home/mr_robot/robot_ws/install/farmbot_description/share/farmbot_description/urdf/diffbot.materials.xacro
-- Up-to-date: /home/mr_robot/robot_ws/install/farmbot_description/share/farmbot_description/urdf/diffbot.urdf.xacro
-- Up-to-date: /home/mr_robot/robot_ws/install/farmbot_description/share/farmbot_description/urdf/robot.urdf
-- Up-to-date: /home/mr_robot/robot_ws/install/farmbot_description/share/farmbot_description/urdf/diffbot_description.urdf.xacro
-- Up-to-date: /home/mr_robot/robot_ws/install/farmbot_description/share/ament_index/resource_index/package_run_dependencies/farmbot_description
-- Up-to-date: /home/mr_robot/robot_ws/install/farmbot_description/share/ament_index/resource_index/parent_prefix_path/farmbot_description
-- Up-to-date: /home/mr_robot/robot_ws/install/farmbot_description/share/farmbot_description/environment/ament_prefix_path.sh
-- Up-to-date: /home/mr_robot/robot_ws/install/farmbot_description/share/farmbot_description/environment/ament_prefix_path.dsv
-- Up-to-date: /home/mr_robot/robot_ws/install/farmbot_description/share/farmbot_description/environment/path.sh
-- Up-to-date: /home/mr_robot/robot_ws/install/farmbot_description/share/farmbot_description/environment/path.dsv
-- Up-to-date: /home/mr_robot/robot_ws/install/farmbot_description/share/farmbot_description/local_setup.bash
-- Up-to-date: /home/mr_robot/robot_ws/install/farmbot_description/share/farmbot_description/local_setup.sh
-- Up-to-date: /home/mr_robot/robot_ws/install/farmbot_description/share/farmbot_description/local_setup.zsh
-- Up-to-date: /home/mr_robot/robot_ws/install/farmbot_description/share/farmbot_description/local_setup.dsv
-- Up-to-date: /home/mr_robot/robot_ws/install/farmbot_description/share/farmbot_description/package.dsv
-- Up-to-date: /home/mr_robot/robot_ws/install/farmbot_description/share/ament_index/resource_index/packages/farmbot_description
-- Up-to-date: /home/mr_robot/robot_ws/install/farmbot_description/share/farmbot_description/cmake/farmbot_descriptionConfig.cmake
-- Up-to-date: /home/mr_robot/robot_ws/install/farmbot_description/share/farmbot_description/cmake/farmbot_descriptionConfig-version.cmake
-- Up-to-date: /home/mr_robot/robot_ws/install/farmbot_description/share/farmbot_description/package.xml
