[0.015s] Invoking command in '/home/mr_robot/robot_ws/build/farmbot_description': CMAKE_PREFIX_PATH=${CMAKE_PREFIX_PATH}:/opt/ros/humble /usr/bin/cmake --build /home/mr_robot/robot_ws/build/farmbot_description -- -j12 -l12
[0.070s] Invoked command in '/home/mr_robot/robot_ws/build/farmbot_description' returned '0': CMAKE_PREFIX_PATH=${CMAKE_PREFIX_PATH}:/opt/ros/humble /usr/bin/cmake --build /home/mr_robot/robot_ws/build/farmbot_description -- -j12 -l12
[0.072s] Invoking command in '/home/mr_robot/robot_ws/build/farmbot_description': CMAKE_PREFIX_PATH=${CMAKE_PREFIX_PATH}:/opt/ros/humble /usr/bin/cmake --install /home/mr_robot/robot_ws/build/farmbot_description
[0.083s] -- Install configuration: ""
[0.083s] -- Up-to-date: /home/mr_robot/robot_ws/install/farmbot_description/share/farmbot_description/rviz
[0.083s] -- Up-to-date: /home/mr_robot/robot_ws/install/farmbot_description/share/farmbot_description/rviz/diffbot_view.rviz
[0.083s] -- Up-to-date: /home/mr_robot/robot_ws/install/farmbot_description/share/farmbot_description/launch
[0.083s] -- Up-to-date: /home/mr_robot/robot_ws/install/farmbot_description/share/farmbot_description/launch/view_robot.launch.py
[0.083s] -- Up-to-date: /home/mr_robot/robot_ws/install/farmbot_description/share/farmbot_description/urdf
[0.083s] -- Up-to-date: /home/mr_robot/robot_ws/install/farmbot_description/share/farmbot_description/urdf/diffbot.materials.xacro
[0.083s] -- Up-to-date: /home/mr_robot/robot_ws/install/farmbot_description/share/farmbot_description/urdf/diffbot.urdf.xacro
[0.084s] -- Up-to-date: /home/mr_robot/robot_ws/install/farmbot_description/share/farmbot_description/urdf/robot.urdf
[0.084s] -- Up-to-date: /home/mr_robot/robot_ws/install/farmbot_description/share/farmbot_description/urdf/diffbot_description.urdf.xacro
[0.084s] -- Up-to-date: /home/mr_robot/robot_ws/install/farmbot_description/share/ament_index/resource_index/package_run_dependencies/farmbot_description
[0.084s] -- Up-to-date: /home/mr_robot/robot_ws/install/farmbot_description/share/ament_index/resource_index/parent_prefix_path/farmbot_description
[0.084s] -- Up-to-date: /home/mr_robot/robot_ws/install/farmbot_description/share/farmbot_description/environment/ament_prefix_path.sh
[0.084s] -- Up-to-date: /home/mr_robot/robot_ws/install/farmbot_description/share/farmbot_description/environment/ament_prefix_path.dsv
[0.084s] -- Up-to-date: /home/mr_robot/robot_ws/install/farmbot_description/share/farmbot_description/environment/path.sh
[0.084s] -- Up-to-date: /home/mr_robot/robot_ws/install/farmbot_description/share/farmbot_description/environment/path.dsv
[0.084s] -- Up-to-date: /home/mr_robot/robot_ws/install/farmbot_description/share/farmbot_description/local_setup.bash
[0.084s] -- Up-to-date: /home/mr_robot/robot_ws/install/farmbot_description/share/farmbot_description/local_setup.sh
[0.084s] -- Up-to-date: /home/mr_robot/robot_ws/install/farmbot_description/share/farmbot_description/local_setup.zsh
[0.084s] -- Up-to-date: /home/mr_robot/robot_ws/install/farmbot_description/share/farmbot_description/local_setup.dsv
[0.085s] -- Up-to-date: /home/mr_robot/robot_ws/install/farmbot_description/share/farmbot_description/package.dsv
[0.085s] -- Up-to-date: /home/mr_robot/robot_ws/install/farmbot_description/share/ament_index/resource_index/packages/farmbot_description
[0.085s] -- Up-to-date: /home/mr_robot/robot_ws/install/farmbot_description/share/farmbot_description/cmake/farmbot_descriptionConfig.cmake
[0.085s] -- Up-to-date: /home/mr_robot/robot_ws/install/farmbot_description/share/farmbot_description/cmake/farmbot_descriptionConfig-version.cmake
[0.085s] -- Up-to-date: /home/mr_robot/robot_ws/install/farmbot_description/share/farmbot_description/package.xml
[0.087s] Invoked command in '/home/mr_robot/robot_ws/build/farmbot_description' returned '0': CMAKE_PREFIX_PATH=${CMAKE_PREFIX_PATH}:/opt/ros/humble /usr/bin/cmake --install /home/mr_robot/robot_ws/build/farmbot_description
