[0.018s] Invoking command in '/home/mr_robot/robot_ws/build/farmbot_description': CMAKE_PREFIX_PATH=${CMAKE_PREFIX_PATH}:/opt/ros/humble /usr/bin/cmake /home/mr_robot/robot_ws/src/farm_robot-main/farmbot_description -DCMAKE_INSTALL_PREFIX=/home/mr_robot/robot_ws/install/farmbot_description
[0.098s] -- The C compiler identification is GNU 11.4.0
[0.180s] -- The CXX compiler identification is GNU 11.4.0
[0.192s] -- Detecting C compiler ABI info
[0.292s] -- Detecting C compiler ABI info - done
[0.305s] -- Check for working C compiler: /usr/bin/cc - skipped
[0.305s] -- Detecting C compile features
[0.306s] -- Detecting C compile features - done
[0.311s] -- Detecting CXX compiler ABI info
[0.428s] -- Detecting CXX compiler ABI info - done
[0.439s] -- Check for working CXX compiler: /usr/bin/c++ - skipped
[0.439s] -- Detecting CXX compile features
[0.440s] -- Detecting CXX compile features - done
[0.447s] -- Found ament_cmake: 1.3.12 (/opt/ros/humble/share/ament_cmake/cmake)
[0.670s] -- Found Python3: /usr/bin/python3 (found version "3.10.12") found components: Interpreter 
[0.859s] -- Found ament_lint_auto: 0.12.14 (/opt/ros/humble/share/ament_lint_auto/cmake)
[0.993s] -- Added test 'flake8' to check Python code syntax and style conventions
[0.995s] -- Added test 'lint_cmake' to check CMake code style
[0.996s] -- Added test 'pep257' to check Python code against some of the docstring style conventions in PEP 257
[0.999s] -- Added test 'xmllint' to check XML markup files
[1.002s] -- Configuring done
[1.006s] -- Generating done
[1.008s] -- Build files have been written to: /home/mr_robot/robot_ws/build/farmbot_description
[1.014s] Invoked command in '/home/mr_robot/robot_ws/build/farmbot_description' returned '0': CMAKE_PREFIX_PATH=${CMAKE_PREFIX_PATH}:/opt/ros/humble /usr/bin/cmake /home/mr_robot/robot_ws/src/farm_robot-main/farmbot_description -DCMAKE_INSTALL_PREFIX=/home/mr_robot/robot_ws/install/farmbot_description
[1.016s] Invoking command in '/home/mr_robot/robot_ws/build/farmbot_description': CMAKE_PREFIX_PATH=${CMAKE_PREFIX_PATH}:/opt/ros/humble /usr/bin/cmake --build /home/mr_robot/robot_ws/build/farmbot_description -- -j12 -l12
[1.072s] Invoked command in '/home/mr_robot/robot_ws/build/farmbot_description' returned '0': CMAKE_PREFIX_PATH=${CMAKE_PREFIX_PATH}:/opt/ros/humble /usr/bin/cmake --build /home/mr_robot/robot_ws/build/farmbot_description -- -j12 -l12
[1.074s] Invoking command in '/home/mr_robot/robot_ws/build/farmbot_description': CMAKE_PREFIX_PATH=${CMAKE_PREFIX_PATH}:/opt/ros/humble /usr/bin/cmake --install /home/mr_robot/robot_ws/build/farmbot_description
[1.085s] -- Install configuration: ""
[1.085s] -- Installing: /home/mr_robot/robot_ws/install/farmbot_description/share/farmbot_description/rviz
[1.085s] -- Installing: /home/mr_robot/robot_ws/install/farmbot_description/share/farmbot_description/rviz/diffbot_view.rviz
[1.086s] -- Installing: /home/mr_robot/robot_ws/install/farmbot_description/share/farmbot_description/launch
[1.086s] -- Installing: /home/mr_robot/robot_ws/install/farmbot_description/share/farmbot_description/launch/view_robot.launch.py
[1.086s] -- Installing: /home/mr_robot/robot_ws/install/farmbot_description/share/farmbot_description/urdf
[1.086s] -- Installing: /home/mr_robot/robot_ws/install/farmbot_description/share/farmbot_description/urdf/diffbot.materials.xacro
[1.086s] -- Installing: /home/mr_robot/robot_ws/install/farmbot_description/share/farmbot_description/urdf/diffbot.urdf.xacro
[1.087s] -- Installing: /home/mr_robot/robot_ws/install/farmbot_description/share/farmbot_description/urdf/robot.urdf
[1.087s] -- Installing: /home/mr_robot/robot_ws/install/farmbot_description/share/farmbot_description/urdf/diffbot_description.urdf.xacro
[1.088s] -- Installing: /home/mr_robot/robot_ws/install/farmbot_description/share/ament_index/resource_index/package_run_dependencies/farmbot_description
[1.088s] -- Installing: /home/mr_robot/robot_ws/install/farmbot_description/share/ament_index/resource_index/parent_prefix_path/farmbot_description
[1.088s] -- Installing: /home/mr_robot/robot_ws/install/farmbot_description/share/farmbot_description/environment/ament_prefix_path.sh
[1.088s] -- Installing: /home/mr_robot/robot_ws/install/farmbot_description/share/farmbot_description/environment/ament_prefix_path.dsv
[1.089s] -- Installing: /home/mr_robot/robot_ws/install/farmbot_description/share/farmbot_description/environment/path.sh
[1.089s] -- Installing: /home/mr_robot/robot_ws/install/farmbot_description/share/farmbot_description/environment/path.dsv
[1.089s] -- Installing: /home/mr_robot/robot_ws/install/farmbot_description/share/farmbot_description/local_setup.bash
[1.089s] -- Installing: /home/mr_robot/robot_ws/install/farmbot_description/share/farmbot_description/local_setup.sh
[1.089s] -- Installing: /home/mr_robot/robot_ws/install/farmbot_description/share/farmbot_description/local_setup.zsh
[1.089s] -- Installing: /home/mr_robot/robot_ws/install/farmbot_description/share/farmbot_description/local_setup.dsv
[1.089s] -- Installing: /home/mr_robot/robot_ws/install/farmbot_description/share/farmbot_description/package.dsv
[1.090s] -- Installing: /home/mr_robot/robot_ws/install/farmbot_description/share/ament_index/resource_index/packages/farmbot_description
[1.090s] -- Installing: /home/mr_robot/robot_ws/install/farmbot_description/share/farmbot_description/cmake/farmbot_descriptionConfig.cmake
[1.090s] -- Installing: /home/mr_robot/robot_ws/install/farmbot_description/share/farmbot_description/cmake/farmbot_descriptionConfig-version.cmake
[1.090s] -- Installing: /home/mr_robot/robot_ws/install/farmbot_description/share/farmbot_description/package.xml
[1.093s] Invoked command in '/home/mr_robot/robot_ws/build/farmbot_description' returned '0': CMAKE_PREFIX_PATH=${CMAKE_PREFIX_PATH}:/opt/ros/humble /usr/bin/cmake --install /home/mr_robot/robot_ws/build/farmbot_description
