[0.014s] Invoking command in '/home/mr_robot/robot_ws/build/farmbot_ekf': CMAKE_PREFIX_PATH=${CMAKE_PREFIX_PATH}:/opt/ros/humble /usr/bin/cmake --build /home/mr_robot/robot_ws/build/farmbot_ekf -- -j12 -l12
[0.074s] Invoked command in '/home/mr_robot/robot_ws/build/farmbot_ekf' returned '0': CMAKE_PREFIX_PATH=${CMAKE_PREFIX_PATH}:/opt/ros/humble /usr/bin/cmake --build /home/mr_robot/robot_ws/build/farmbot_ekf -- -j12 -l12
[0.077s] Invoking command in '/home/mr_robot/robot_ws/build/farmbot_ekf': CMAKE_PREFIX_PATH=${CMAKE_PREFIX_PATH}:/opt/ros/humble /usr/bin/cmake --install /home/mr_robot/robot_ws/build/farmbot_ekf
[0.088s] -- Install configuration: ""
[0.089s] -- Up-to-date: /home/mr_robot/robot_ws/install/farmbot_ekf/share/farmbot_ekf/launch
[0.089s] -- Up-to-date: /home/mr_robot/robot_ws/install/farmbot_ekf/share/farmbot_ekf/launch/ekf.launch.py
[0.089s] -- Up-to-date: /home/mr_robot/robot_ws/install/farmbot_ekf/share/farmbot_ekf/config
[0.089s] -- Up-to-date: /home/mr_robot/robot_ws/install/farmbot_ekf/share/farmbot_ekf/config/testing.c
[0.089s] -- Up-to-date: /home/mr_robot/robot_ws/install/farmbot_ekf/share/farmbot_ekf/config/original_ekf.yaml
[0.089s] -- Up-to-date: /home/mr_robot/robot_ws/install/farmbot_ekf/share/farmbot_ekf/config/photo.jpg
[0.089s] -- Up-to-date: /home/mr_robot/robot_ws/install/farmbot_ekf/share/farmbot_ekf/config/nav2_localization.yaml
[0.089s] -- Up-to-date: /home/mr_robot/robot_ws/install/farmbot_ekf/share/farmbot_ekf/config/ekf.yaml
[0.089s] -- Up-to-date: /home/mr_robot/robot_ws/install/farmbot_ekf/share/ament_index/resource_index/package_run_dependencies/farmbot_ekf
[0.089s] -- Up-to-date: /home/mr_robot/robot_ws/install/farmbot_ekf/share/ament_index/resource_index/parent_prefix_path/farmbot_ekf
[0.090s] -- Up-to-date: /home/mr_robot/robot_ws/install/farmbot_ekf/share/farmbot_ekf/environment/ament_prefix_path.sh
[0.090s] -- Up-to-date: /home/mr_robot/robot_ws/install/farmbot_ekf/share/farmbot_ekf/environment/ament_prefix_path.dsv
[0.090s] -- Up-to-date: /home/mr_robot/robot_ws/install/farmbot_ekf/share/farmbot_ekf/environment/path.sh
[0.090s] -- Up-to-date: /home/mr_robot/robot_ws/install/farmbot_ekf/share/farmbot_ekf/environment/path.dsv
[0.090s] -- Up-to-date: /home/mr_robot/robot_ws/install/farmbot_ekf/share/farmbot_ekf/local_setup.bash
[0.090s] -- Up-to-date: /home/mr_robot/robot_ws/install/farmbot_ekf/share/farmbot_ekf/local_setup.sh
[0.090s] -- Up-to-date: /home/mr_robot/robot_ws/install/farmbot_ekf/share/farmbot_ekf/local_setup.zsh
[0.090s] -- Up-to-date: /home/mr_robot/robot_ws/install/farmbot_ekf/share/farmbot_ekf/local_setup.dsv
[0.090s] -- Up-to-date: /home/mr_robot/robot_ws/install/farmbot_ekf/share/farmbot_ekf/package.dsv
[0.091s] -- Up-to-date: /home/mr_robot/robot_ws/install/farmbot_ekf/share/ament_index/resource_index/packages/farmbot_ekf
[0.091s] -- Up-to-date: /home/mr_robot/robot_ws/install/farmbot_ekf/share/farmbot_ekf/cmake/farmbot_ekfConfig.cmake
[0.091s] -- Up-to-date: /home/mr_robot/robot_ws/install/farmbot_ekf/share/farmbot_ekf/cmake/farmbot_ekfConfig-version.cmake
[0.091s] -- Up-to-date: /home/mr_robot/robot_ws/install/farmbot_ekf/share/farmbot_ekf/package.xml
[0.092s] Invoked command in '/home/mr_robot/robot_ws/build/farmbot_ekf' returned '0': CMAKE_PREFIX_PATH=${CMAKE_PREFIX_PATH}:/opt/ros/humble /usr/bin/cmake --install /home/mr_robot/robot_ws/build/farmbot_ekf
