[0.046s] Invoking command in '/home/mr_robot/robot_ws/build/farmbot_nav2': CMAKE_PREFIX_PATH=${CMAKE_PREFIX_PATH}:/opt/ros/humble /usr/bin/cmake /home/mr_robot/robot_ws/src/farm_robot-main/farmbot_nav2 -DCMAKE_INSTALL_PREFIX=/home/mr_robot/robot_ws/install/farmbot_nav2
[0.144s] -- The C compiler identification is GNU 11.4.0
[0.241s] -- The CXX compiler identification is GNU 11.4.0
[0.255s] -- Detecting C compiler ABI info
[0.376s] -- Detecting C compiler ABI info - done
[0.394s] -- Check for working C compiler: /usr/bin/cc - skipped
[0.395s] -- Detecting C compile features
[0.396s] -- Detecting C compile features - done
[0.402s] -- Detecting CXX compiler ABI info
[0.539s] -- Detecting CXX compiler ABI info - done
[0.560s] -- Check for working CXX compiler: /usr/bin/c++ - skipped
[0.561s] -- Detecting CXX compile features
[0.562s] -- Detecting CXX compile features - done
[0.573s] -- Found ament_cmake: 1.3.12 (/opt/ros/humble/share/ament_cmake/cmake)
[0.869s] -- Found Python3: /usr/bin/python3 (found version "3.10.12") found components: Interpreter 
[1.097s] -- Found navigation2: 1.1.18 (/opt/ros/humble/share/navigation2/cmake)
[1.103s] -- Found rviz2: 11.2.19 (/opt/ros/humble/share/rviz2/cmake)
[1.109s] -- Found rclcpp: 16.0.14 (/opt/ros/humble/share/rclcpp/cmake)
[1.212s] -- Found rosidl_generator_c: 3.1.7 (/opt/ros/humble/share/rosidl_generator_c/cmake)
[1.230s] -- Found rosidl_adapter: 3.1.7 (/opt/ros/humble/share/rosidl_adapter/cmake)
[1.252s] -- Found rosidl_generator_cpp: 3.1.7 (/opt/ros/humble/share/rosidl_generator_cpp/cmake)
[1.278s] -- Using all available rosidl_typesupport_c: rosidl_typesupport_fastrtps_c;rosidl_typesupport_introspection_c
[1.325s] -- Using all available rosidl_typesupport_cpp: rosidl_typesupport_fastrtps_cpp;rosidl_typesupport_introspection_cpp
[1.440s] -- Found rmw_implementation_cmake: 6.1.2 (/opt/ros/humble/share/rmw_implementation_cmake/cmake)
[1.449s] -- Found rmw_cyclonedds_cpp: 1.3.4 (/opt/ros/humble/share/rmw_cyclonedds_cpp/cmake)
[1.505s] -- Using RMW implementation 'rmw_cyclonedds_cpp' as default
[1.533s] -- Looking for pthread.h
[1.648s] -- Looking for pthread.h - found
[1.649s] -- Performing Test CMAKE_HAVE_LIBC_PTHREAD
[1.766s] -- Performing Test CMAKE_HAVE_LIBC_PTHREAD - Success
[1.767s] -- Found Threads: TRUE  
[1.927s] -- Found tf2: 0.25.15 (/opt/ros/humble/share/tf2/cmake)
[2.011s] -- Found tf2_geometry_msgs: 0.25.15 (/opt/ros/humble/share/tf2_geometry_msgs/cmake)
[2.063s] -- Found eigen3_cmake_module: 0.1.1 (/opt/ros/humble/share/eigen3_cmake_module/cmake)
[2.066s] -- Found Eigen3: TRUE (found version "3.4.0") 
[2.066s] -- Ensuring Eigen3 include directory is part of orocos-kdl CMake target
[2.364s] -- Found ament_lint_auto: 0.12.14 (/opt/ros/humble/share/ament_lint_auto/cmake)
[2.526s] -- Added test 'cppcheck' to perform static code analysis on C / C++ code
[2.526s] -- Configured cppcheck include dirs: 
[2.526s] -- Configured cppcheck exclude dirs and/or files: 
[2.527s] -- Added test 'flake8' to check Python code syntax and style conventions
[2.529s] -- Added test 'lint_cmake' to check CMake code style
[2.531s] -- Added test 'pep257' to check Python code against some of the docstring style conventions in PEP 257
[2.535s] -- Added test 'uncrustify' to check C / C++ code style
[2.535s] -- Configured uncrustify additional arguments: 
[2.536s] -- Added test 'xmllint' to check XML markup files
[2.539s] -- Configuring done
[2.555s] -- Generating done
[2.561s] -- Build files have been written to: /home/mr_robot/robot_ws/build/farmbot_nav2
[2.572s] Invoked command in '/home/mr_robot/robot_ws/build/farmbot_nav2' returned '0': CMAKE_PREFIX_PATH=${CMAKE_PREFIX_PATH}:/opt/ros/humble /usr/bin/cmake /home/mr_robot/robot_ws/src/farm_robot-main/farmbot_nav2 -DCMAKE_INSTALL_PREFIX=/home/mr_robot/robot_ws/install/farmbot_nav2
[2.574s] Invoking command in '/home/mr_robot/robot_ws/build/farmbot_nav2': CMAKE_PREFIX_PATH=${CMAKE_PREFIX_PATH}:/opt/ros/humble /usr/bin/cmake --build /home/mr_robot/robot_ws/build/farmbot_nav2 -- -j12 -l12
[2.654s] [ 50%] [32mBuilding CXX object CMakeFiles/init_robot_pose.dir/src/init_robot_pose.cpp.o[0m
[9.438s] [100%] [32m[1mLinking CXX executable init_robot_pose[0m
[9.775s] [100%] Built target init_robot_pose
[9.792s] Invoked command in '/home/mr_robot/robot_ws/build/farmbot_nav2' returned '0': CMAKE_PREFIX_PATH=${CMAKE_PREFIX_PATH}:/opt/ros/humble /usr/bin/cmake --build /home/mr_robot/robot_ws/build/farmbot_nav2 -- -j12 -l12
[9.795s] Invoking command in '/home/mr_robot/robot_ws/build/farmbot_nav2': CMAKE_PREFIX_PATH=${CMAKE_PREFIX_PATH}:/opt/ros/humble /usr/bin/cmake --install /home/mr_robot/robot_ws/build/farmbot_nav2
[9.807s] -- Install configuration: ""
[9.808s] -- Installing: /home/mr_robot/robot_ws/install/farmbot_nav2/lib/farmbot_nav2/init_robot_pose
[9.809s] -- Set runtime path of "/home/mr_robot/robot_ws/install/farmbot_nav2/lib/farmbot_nav2/init_robot_pose" to ""
[9.810s] -- Installing: /home/mr_robot/robot_ws/install/farmbot_nav2/share/farmbot_nav2/launch
[9.810s] -- Installing: /home/mr_robot/robot_ws/install/farmbot_nav2/share/farmbot_nav2/launch/navigation_localization_composable.launch.py
[9.810s] -- Installing: /home/mr_robot/robot_ws/install/farmbot_nav2/share/farmbot_nav2/launch/navigation_mapping_composable.launch.py
[9.810s] -- Installing: /home/mr_robot/robot_ws/install/farmbot_nav2/share/farmbot_nav2/launch/navigation_mapping.launch.py
[9.810s] -- Installing: /home/mr_robot/robot_ws/install/farmbot_nav2/share/farmbot_nav2/launch/online_async_launch_mapping_launch.py
[9.811s] -- Installing: /home/mr_robot/robot_ws/install/farmbot_nav2/share/farmbot_nav2/launch/online_async_launch_localization_launch.py
[9.811s] -- Installing: /home/mr_robot/robot_ws/install/farmbot_nav2/share/farmbot_nav2/config
[9.811s] -- Installing: /home/mr_robot/robot_ws/install/farmbot_nav2/share/farmbot_nav2/config/mapper_params_online_async_localization.yaml
[9.811s] -- Installing: /home/mr_robot/robot_ws/install/farmbot_nav2/share/farmbot_nav2/config/nav2_params_collision.yaml
[9.812s] -- Installing: /home/mr_robot/robot_ws/install/farmbot_nav2/share/farmbot_nav2/config/mapper_params_online_async_mapping.yaml
[9.812s] -- Installing: /home/mr_robot/robot_ws/install/farmbot_nav2/share/farmbot_nav2/config/nav2_params.yaml
[9.812s] -- Installing: /home/mr_robot/robot_ws/install/farmbot_nav2/share/farmbot_nav2/maps
[9.812s] -- Installing: /home/mr_robot/robot_ws/install/farmbot_nav2/share/farmbot_nav2/maps/README.md
[9.812s] -- Installing: /home/mr_robot/robot_ws/install/farmbot_nav2/share/farmbot_nav2/maps/blank.pgm
[9.812s] -- Installing: /home/mr_robot/robot_ws/install/farmbot_nav2/share/farmbot_nav2/maps/blank.yaml
[9.812s] -- Installing: /home/mr_robot/robot_ws/install/farmbot_nav2/share/farmbot_nav2/maps/default_map.yaml
[9.812s] -- Installing: /home/mr_robot/robot_ws/install/farmbot_nav2/share/farmbot_nav2/maps/nightnighthz.yaml
[9.813s] -- Installing: /home/mr_robot/robot_ws/install/farmbot_nav2/share/farmbot_nav2/maps/default_map.pgm
[9.813s] -- Installing: /home/mr_robot/robot_ws/install/farmbot_nav2/share/farmbot_nav2/maps/nightnighthz.pgm
[9.813s] -- Installing: /home/mr_robot/robot_ws/install/farmbot_nav2/share/farmbot_nav2/maps/blank.pbstream
[9.813s] -- Installing: /home/mr_robot/robot_ws/install/farmbot_nav2/share/farmbot_nav2/maps/nightnighthz.pbstream
[9.814s] -- Installing: /home/mr_robot/robot_ws/install/farmbot_nav2/share/ament_index/resource_index/package_run_dependencies/farmbot_nav2
[9.814s] -- Installing: /home/mr_robot/robot_ws/install/farmbot_nav2/share/ament_index/resource_index/parent_prefix_path/farmbot_nav2
[9.815s] -- Installing: /home/mr_robot/robot_ws/install/farmbot_nav2/share/farmbot_nav2/environment/ament_prefix_path.sh
[9.815s] -- Installing: /home/mr_robot/robot_ws/install/farmbot_nav2/share/farmbot_nav2/environment/ament_prefix_path.dsv
[9.815s] -- Installing: /home/mr_robot/robot_ws/install/farmbot_nav2/share/farmbot_nav2/environment/path.sh
[9.815s] -- Installing: /home/mr_robot/robot_ws/install/farmbot_nav2/share/farmbot_nav2/environment/path.dsv
[9.815s] -- Installing: /home/mr_robot/robot_ws/install/farmbot_nav2/share/farmbot_nav2/local_setup.bash
[9.815s] -- Installing: /home/mr_robot/robot_ws/install/farmbot_nav2/share/farmbot_nav2/local_setup.sh
[9.816s] -- Installing: /home/mr_robot/robot_ws/install/farmbot_nav2/share/farmbot_nav2/local_setup.zsh
[9.816s] -- Installing: /home/mr_robot/robot_ws/install/farmbot_nav2/share/farmbot_nav2/local_setup.dsv
[9.816s] -- Installing: /home/mr_robot/robot_ws/install/farmbot_nav2/share/farmbot_nav2/package.dsv
[9.816s] -- Installing: /home/mr_robot/robot_ws/install/farmbot_nav2/share/ament_index/resource_index/packages/farmbot_nav2
[9.816s] -- Installing: /home/mr_robot/robot_ws/install/farmbot_nav2/share/farmbot_nav2/cmake/farmbot_nav2Config.cmake
[9.817s] -- Installing: /home/mr_robot/robot_ws/install/farmbot_nav2/share/farmbot_nav2/cmake/farmbot_nav2Config-version.cmake
[9.817s] -- Installing: /home/mr_robot/robot_ws/install/farmbot_nav2/share/farmbot_nav2/package.xml
[9.820s] Invoked command in '/home/mr_robot/robot_ws/build/farmbot_nav2' returned '0': CMAKE_PREFIX_PATH=${CMAKE_PREFIX_PATH}:/opt/ros/humble /usr/bin/cmake --install /home/mr_robot/robot_ws/build/farmbot_nav2
