[0.021s] Invoking command in '/home/mr_robot/robot_ws/build/arduino_system': CMAKE_PREFIX_PATH=${CMAKE_PREFIX_PATH}:/opt/ros/humble /usr/bin/cmake /home/mr_robot/robot_ws/src/farm_robot-main/arduino_system -DCMAKE_INSTALL_PREFIX=/home/mr_robot/robot_ws/install/arduino_system
[0.216s] -- The C compiler identification is GNU 11.4.0
[0.353s] -- The CXX compiler identification is GNU 11.4.0
[0.368s] -- Detecting C compiler ABI info
[0.474s] -- Detecting C compiler ABI info - done
[0.484s] -- Check for working C compiler: /usr/bin/cc - skipped
[0.485s] -- Detecting C compile features
[0.486s] -- Detecting C compile features - done
[0.491s] -- Detecting CXX compiler ABI info
[0.611s] -- Detecting CXX compiler ABI info - done
[0.623s] -- Check for working CXX compiler: /usr/bin/c++ - skipped
[0.623s] -- Detecting CXX compile features
[0.624s] -- Detecting CXX compile features - done
[0.637s] -- Found ament_cmake: 1.3.12 (/opt/ros/humble/share/ament_cmake/cmake)
[0.865s] -- Found Python3: /usr/bin/python3 (found version "3.10.12") found components: Interpreter 
[1.067s] -- Found std_msgs: 4.9.0 (/opt/ros/humble/share/std_msgs/cmake)
[1.166s] -- Found rosidl_generator_c: 3.1.7 (/opt/ros/humble/share/rosidl_generator_c/cmake)
[1.183s] -- Found rosidl_adapter: 3.1.7 (/opt/ros/humble/share/rosidl_adapter/cmake)
[1.207s] -- Found rosidl_generator_cpp: 3.1.7 (/opt/ros/humble/share/rosidl_generator_cpp/cmake)
[1.241s] -- Using all available rosidl_typesupport_c: rosidl_typesupport_fastrtps_c;rosidl_typesupport_introspection_c
[1.286s] -- Using all available rosidl_typesupport_cpp: rosidl_typesupport_fastrtps_cpp;rosidl_typesupport_introspection_cpp
[1.352s] -- Found rclcpp: 16.0.14 (/opt/ros/humble/share/rclcpp/cmake)
[1.465s] -- Found rmw_implementation_cmake: 6.1.2 (/opt/ros/humble/share/rmw_implementation_cmake/cmake)
[1.476s] -- Found rmw_cyclonedds_cpp: 1.3.4 (/opt/ros/humble/share/rmw_cyclonedds_cpp/cmake)
[1.542s] -- Using RMW implementation 'rmw_cyclonedds_cpp' as default
[1.571s] -- Looking for pthread.h
[1.687s] -- Looking for pthread.h - found
[1.687s] -- Performing Test CMAKE_HAVE_LIBC_PTHREAD
[1.794s] -- Performing Test CMAKE_HAVE_LIBC_PTHREAD - Success
[1.796s] -- Found Threads: TRUE  
[1.884s] -- Found geometry_msgs: 4.9.0 (/opt/ros/humble/share/geometry_msgs/cmake)
[1.915s] -- Found nav_msgs: 4.9.0 (/opt/ros/humble/share/nav_msgs/cmake)
[1.951s] -- Found tf2_ros: 0.25.15 (/opt/ros/humble/share/tf2_ros/cmake)
[2.193s] -- Found tf2_geometry_msgs: 0.25.15 (/opt/ros/humble/share/tf2_geometry_msgs/cmake)
[2.232s] -- Found eigen3_cmake_module: 0.1.1 (/opt/ros/humble/share/eigen3_cmake_module/cmake)
[2.235s] -- Found Eigen3: TRUE (found version "3.4.0") 
[2.235s] -- Ensuring Eigen3 include directory is part of orocos-kdl CMake target
[2.243s] -- Found sensor_msgs: 4.9.0 (/opt/ros/humble/share/sensor_msgs/cmake)
[2.283s] -- Found ament_lint_auto: 0.12.14 (/opt/ros/humble/share/ament_lint_auto/cmake)
[2.442s] -- Added test 'cppcheck' to perform static code analysis on C / C++ code
[2.442s] -- Configured cppcheck include dirs: 
[2.442s] -- Configured cppcheck exclude dirs and/or files: 
[2.444s] -- Added test 'flake8' to check Python code syntax and style conventions
[2.446s] -- Added test 'lint_cmake' to check CMake code style
[2.448s] -- Added test 'pep257' to check Python code against some of the docstring style conventions in PEP 257
[2.450s] -- Added test 'uncrustify' to check C / C++ code style
[2.450s] -- Configured uncrustify additional arguments: 
[2.452s] -- Added test 'xmllint' to check XML markup files
[2.456s] -- Configuring done
[2.479s] -- Generating done
[2.487s] -- Build files have been written to: /home/mr_robot/robot_ws/build/arduino_system
[2.498s] Invoked command in '/home/mr_robot/robot_ws/build/arduino_system' returned '0': CMAKE_PREFIX_PATH=${CMAKE_PREFIX_PATH}:/opt/ros/humble /usr/bin/cmake /home/mr_robot/robot_ws/src/farm_robot-main/arduino_system -DCMAKE_INSTALL_PREFIX=/home/mr_robot/robot_ws/install/arduino_system
[2.500s] Invoking command in '/home/mr_robot/robot_ws/build/arduino_system': CMAKE_PREFIX_PATH=${CMAKE_PREFIX_PATH}:/opt/ros/humble /usr/bin/cmake --build /home/mr_robot/robot_ws/build/arduino_system -- -j12 -l12
[2.579s] [ 50%] [32mBuilding CXX object CMakeFiles/odom.dir/src/base_controller.cpp.o[0m
[2.579s] [ 50%] [32mBuilding CXX object CMakeFiles/diff_controller.dir/src/twist_to_motor.cpp.o[0m
[15.761s] [ 75%] [32m[1mLinking CXX executable diff_controller[0m
[16.414s] [ 75%] Built target diff_controller
[22.767s] [100%] [32m[1mLinking CXX executable odom[0m
[23.847s] [100%] Built target odom
[23.865s] Invoked command in '/home/mr_robot/robot_ws/build/arduino_system' returned '0': CMAKE_PREFIX_PATH=${CMAKE_PREFIX_PATH}:/opt/ros/humble /usr/bin/cmake --build /home/mr_robot/robot_ws/build/arduino_system -- -j12 -l12
[23.879s] Invoking command in '/home/mr_robot/robot_ws/build/arduino_system': CMAKE_PREFIX_PATH=${CMAKE_PREFIX_PATH}:/opt/ros/humble /usr/bin/cmake --install /home/mr_robot/robot_ws/build/arduino_system
[23.890s] -- Install configuration: ""
[23.891s] -- Installing: /home/mr_robot/robot_ws/install/arduino_system/lib/arduino_system/diff_controller
[23.896s] -- Set runtime path of "/home/mr_robot/robot_ws/install/arduino_system/lib/arduino_system/diff_controller" to ""
[23.896s] -- Installing: /home/mr_robot/robot_ws/install/arduino_system/lib/arduino_system/odom
[23.904s] -- Set runtime path of "/home/mr_robot/robot_ws/install/arduino_system/lib/arduino_system/odom" to ""
[23.904s] -- Installing: /home/mr_robot/robot_ws/install/arduino_system/share/arduino_system/launch
[23.904s] -- Installing: /home/mr_robot/robot_ws/install/arduino_system/share/arduino_system/launch/arduino.launch.py
[23.905s] -- Installing: /home/mr_robot/robot_ws/install/arduino_system/share/arduino_system/launch/hardware.launch.py
[23.905s] -- Installing: /home/mr_robot/robot_ws/install/arduino_system/share/arduino_system/config
[23.905s] -- Installing: /home/mr_robot/robot_ws/install/arduino_system/share/arduino_system/config/twist_mux.yaml
[23.906s] -- Installing: /home/mr_robot/robot_ws/install/arduino_system/share/ament_index/resource_index/package_run_dependencies/arduino_system
[23.906s] -- Installing: /home/mr_robot/robot_ws/install/arduino_system/share/ament_index/resource_index/parent_prefix_path/arduino_system
[23.906s] -- Installing: /home/mr_robot/robot_ws/install/arduino_system/share/arduino_system/environment/ament_prefix_path.sh
[23.906s] -- Installing: /home/mr_robot/robot_ws/install/arduino_system/share/arduino_system/environment/ament_prefix_path.dsv
[23.906s] -- Installing: /home/mr_robot/robot_ws/install/arduino_system/share/arduino_system/environment/path.sh
[23.907s] -- Installing: /home/mr_robot/robot_ws/install/arduino_system/share/arduino_system/environment/path.dsv
[23.907s] -- Installing: /home/mr_robot/robot_ws/install/arduino_system/share/arduino_system/local_setup.bash
[23.907s] -- Installing: /home/mr_robot/robot_ws/install/arduino_system/share/arduino_system/local_setup.sh
[23.907s] -- Installing: /home/mr_robot/robot_ws/install/arduino_system/share/arduino_system/local_setup.zsh
[23.907s] -- Installing: /home/mr_robot/robot_ws/install/arduino_system/share/arduino_system/local_setup.dsv
[23.908s] -- Installing: /home/mr_robot/robot_ws/install/arduino_system/share/arduino_system/package.dsv
[23.908s] -- Installing: /home/mr_robot/robot_ws/install/arduino_system/share/ament_index/resource_index/packages/arduino_system
[23.908s] -- Installing: /home/mr_robot/robot_ws/install/arduino_system/share/arduino_system/cmake/arduino_systemConfig.cmake
[23.908s] -- Installing: /home/mr_robot/robot_ws/install/arduino_system/share/arduino_system/cmake/arduino_systemConfig-version.cmake
[23.908s] -- Installing: /home/mr_robot/robot_ws/install/arduino_system/share/arduino_system/package.xml
[23.911s] Invoked command in '/home/mr_robot/robot_ws/build/arduino_system' returned '0': CMAKE_PREFIX_PATH=${CMAKE_PREFIX_PATH}:/opt/ros/humble /usr/bin/cmake --install /home/mr_robot/robot_ws/build/arduino_system
