[0.054s] Invoking command in '/home/mr_robot/robot_ws/build/farmbot_description': CMAKE_PREFIX_PATH=${CMAKE_PREFIX_PATH}:/opt/ros/humble /usr/bin/cmake /home/mr_robot/robot_ws/src/farm_robot-main/farmbot_description -DCMAKE_INSTALL_PREFIX=/home/mr_robot/robot_ws/install/farmbot_description
[0.148s] -- The C compiler identification is GNU 11.4.0
[0.261s] -- The CXX compiler identification is GNU 11.4.0
[0.272s] -- Detecting C compiler ABI info
[0.399s] -- Detecting C compiler ABI info - done
[0.412s] -- Check for working C compiler: /usr/bin/cc - skipped
[0.413s] -- Detecting C compile features
[0.414s] -- Detecting C compile features - done
[0.417s] -- Detecting CXX compiler ABI info
[0.552s] -- Detecting CXX compiler ABI info - done
[0.565s] -- Check for working CXX compiler: /usr/bin/c++ - skipped
[0.566s] -- Detecting CXX compile features
[0.566s] -- Detecting CXX compile features - done
[0.574s] -- Found ament_cmake: 1.3.12 (/opt/ros/humble/share/ament_cmake/cmake)
[0.836s] -- Found Python3: /usr/bin/python3 (found version "3.10.12") found components: Interpreter 
[1.036s] -- Found ament_lint_auto: 0.12.14 (/opt/ros/humble/share/ament_lint_auto/cmake)
[1.208s] -- Added test 'flake8' to check Python code syntax and style conventions
[1.210s] -- Added test 'lint_cmake' to check CMake code style
[1.212s] -- Added test 'pep257' to check Python code against some of the docstring style conventions in PEP 257
[1.215s] -- Added test 'xmllint' to check XML markup files
[1.220s] -- Configuring done
[1.225s] -- Generating done
[1.229s] -- Build files have been written to: /home/mr_robot/robot_ws/build/farmbot_description
[1.238s] Invoked command in '/home/mr_robot/robot_ws/build/farmbot_description' returned '0': CMAKE_PREFIX_PATH=${CMAKE_PREFIX_PATH}:/opt/ros/humble /usr/bin/cmake /home/mr_robot/robot_ws/src/farm_robot-main/farmbot_description -DCMAKE_INSTALL_PREFIX=/home/mr_robot/robot_ws/install/farmbot_description
[1.242s] Invoking command in '/home/mr_robot/robot_ws/build/farmbot_description': CMAKE_PREFIX_PATH=${CMAKE_PREFIX_PATH}:/opt/ros/humble /usr/bin/cmake --build /home/mr_robot/robot_ws/build/farmbot_description -- -j12 -l12
[1.300s] Invoked command in '/home/mr_robot/robot_ws/build/farmbot_description' returned '0': CMAKE_PREFIX_PATH=${CMAKE_PREFIX_PATH}:/opt/ros/humble /usr/bin/cmake --build /home/mr_robot/robot_ws/build/farmbot_description -- -j12 -l12
[1.317s] Invoking command in '/home/mr_robot/robot_ws/build/farmbot_description': CMAKE_PREFIX_PATH=${CMAKE_PREFIX_PATH}:/opt/ros/humble /usr/bin/cmake --install /home/mr_robot/robot_ws/build/farmbot_description
[1.328s] -- Install configuration: ""
[1.328s] -- Installing: /home/mr_robot/robot_ws/install/farmbot_description/share/farmbot_description/rviz
[1.329s] -- Installing: /home/mr_robot/robot_ws/install/farmbot_description/share/farmbot_description/rviz/diffbot_view.rviz
[1.329s] -- Installing: /home/mr_robot/robot_ws/install/farmbot_description/share/farmbot_description/launch
[1.329s] -- Installing: /home/mr_robot/robot_ws/install/farmbot_description/share/farmbot_description/launch/view_robot.launch.py
[1.329s] -- Installing: /home/mr_robot/robot_ws/install/farmbot_description/share/farmbot_description/urdf
[1.329s] -- Installing: /home/mr_robot/robot_ws/install/farmbot_description/share/farmbot_description/urdf/diffbot.materials.xacro
[1.330s] -- Installing: /home/mr_robot/robot_ws/install/farmbot_description/share/farmbot_description/urdf/diffbot.urdf.xacro
[1.330s] -- Installing: /home/mr_robot/robot_ws/install/farmbot_description/share/farmbot_description/urdf/robot.urdf
[1.330s] -- Installing: /home/mr_robot/robot_ws/install/farmbot_description/share/farmbot_description/urdf/diffbot_description.urdf.xacro
[1.330s] -- Installing: /home/mr_robot/robot_ws/install/farmbot_description/share/ament_index/resource_index/package_run_dependencies/farmbot_description
[1.330s] -- Installing: /home/mr_robot/robot_ws/install/farmbot_description/share/ament_index/resource_index/parent_prefix_path/farmbot_description
[1.331s] -- Installing: /home/mr_robot/robot_ws/install/farmbot_description/share/farmbot_description/environment/ament_prefix_path.sh
[1.331s] -- Installing: /home/mr_robot/robot_ws/install/farmbot_description/share/farmbot_description/environment/ament_prefix_path.dsv
[1.331s] -- Installing: /home/mr_robot/robot_ws/install/farmbot_description/share/farmbot_description/environment/path.sh
[1.331s] -- Installing: /home/mr_robot/robot_ws/install/farmbot_description/share/farmbot_description/environment/path.dsv
[1.332s] -- Installing: /home/mr_robot/robot_ws/install/farmbot_description/share/farmbot_description/local_setup.bash
[1.332s] -- Installing: /home/mr_robot/robot_ws/install/farmbot_description/share/farmbot_description/local_setup.sh
[1.332s] -- Installing: /home/mr_robot/robot_ws/install/farmbot_description/share/farmbot_description/local_setup.zsh
[1.332s] -- Installing: /home/mr_robot/robot_ws/install/farmbot_description/share/farmbot_description/local_setup.dsv
[1.332s] -- Installing: /home/mr_robot/robot_ws/install/farmbot_description/share/farmbot_description/package.dsv
[1.333s] -- Installing: /home/mr_robot/robot_ws/install/farmbot_description/share/ament_index/resource_index/packages/farmbot_description
[1.333s] -- Installing: /home/mr_robot/robot_ws/install/farmbot_description/share/farmbot_description/cmake/farmbot_descriptionConfig.cmake
[1.333s] -- Installing: /home/mr_robot/robot_ws/install/farmbot_description/share/farmbot_description/cmake/farmbot_descriptionConfig-version.cmake
[1.333s] -- Installing: /home/mr_robot/robot_ws/install/farmbot_description/share/farmbot_description/package.xml
[1.335s] Invoked command in '/home/mr_robot/robot_ws/build/farmbot_description' returned '0': CMAKE_PREFIX_PATH=${CMAKE_PREFIX_PATH}:/opt/ros/humble /usr/bin/cmake --install /home/mr_robot/robot_ws/build/farmbot_description
