[0.016s] Invoking command in '/home/mr_robot/robot_ws/build/wit_motion_imu_publisher': CMAKE_PREFIX_PATH=${CMAKE_PREFIX_PATH}:/opt/ros/humble /usr/bin/cmake /home/mr_robot/robot_ws/src/farm_robot-main/wit_motion_imu_publisher -DCMAKE_INSTALL_PREFIX=/home/mr_robot/robot_ws/install/wit_motion_imu_publisher
[0.094s] -- The C compiler identification is GNU 11.4.0
[0.172s] -- The CXX compiler identification is GNU 11.4.0
[0.182s] -- Detecting C compiler ABI info
[0.281s] -- Detecting C compiler ABI info - done
[0.292s] -- Check for working C compiler: /usr/bin/cc - skipped
[0.292s] -- Detecting C compile features
[0.293s] -- Detecting C compile features - done
[0.297s] -- Detecting CXX compiler ABI info
[0.410s] -- Detecting CXX compiler ABI info - done
[0.420s] -- Check for working CXX compiler: /usr/bin/c++ - skipped
[0.421s] -- Detecting CXX compile features
[0.421s] -- Detecting CXX compile features - done
[0.429s] -- Found ament_cmake: 1.3.12 (/opt/ros/humble/share/ament_cmake/cmake)
[0.650s] -- Found Python3: /usr/bin/python3 (found version "3.10.12") found components: Interpreter 
[0.830s] -- Found rclcpp: 16.0.14 (/opt/ros/humble/share/rclcpp/cmake)
[0.935s] -- Found rosidl_generator_c: 3.1.7 (/opt/ros/humble/share/rosidl_generator_c/cmake)
[0.951s] -- Found rosidl_adapter: 3.1.7 (/opt/ros/humble/share/rosidl_adapter/cmake)
[0.970s] -- Found rosidl_generator_cpp: 3.1.7 (/opt/ros/humble/share/rosidl_generator_cpp/cmake)
[0.997s] -- Using all available rosidl_typesupport_c: rosidl_typesupport_fastrtps_c;rosidl_typesupport_introspection_c
[1.035s] -- Using all available rosidl_typesupport_cpp: rosidl_typesupport_fastrtps_cpp;rosidl_typesupport_introspection_cpp
[1.140s] -- Found rmw_implementation_cmake: 6.1.2 (/opt/ros/humble/share/rmw_implementation_cmake/cmake)
[1.149s] -- Found rmw_cyclonedds_cpp: 1.3.4 (/opt/ros/humble/share/rmw_cyclonedds_cpp/cmake)
[1.205s] -- Using RMW implementation 'rmw_cyclonedds_cpp' as default
[1.229s] -- Looking for pthread.h
[1.332s] -- Looking for pthread.h - found
[1.333s] -- Performing Test CMAKE_HAVE_LIBC_PTHREAD
[1.438s] -- Performing Test CMAKE_HAVE_LIBC_PTHREAD - Success
[1.439s] -- Found Threads: TRUE  
[1.540s] -- Found sensor_msgs: 4.9.0 (/opt/ros/humble/share/sensor_msgs/cmake)
[1.598s] -- Found tf2: 0.25.15 (/opt/ros/humble/share/tf2/cmake)
[1.623s] -- Found ament_lint_auto: 0.12.14 (/opt/ros/humble/share/ament_lint_auto/cmake)
[1.766s] -- Added test 'cppcheck' to perform static code analysis on C / C++ code
[1.766s] -- Configured cppcheck include dirs: 
[1.766s] -- Configured cppcheck exclude dirs and/or files: 
[1.768s] -- Added test 'lint_cmake' to check CMake code style
[1.770s] -- Added test 'uncrustify' to check C / C++ code style
[1.770s] -- Configured uncrustify additional arguments: 
[1.771s] -- Added test 'xmllint' to check XML markup files
[1.774s] -- Configuring done
[1.788s] -- Generating done
[1.795s] -- Build files have been written to: /home/mr_robot/robot_ws/build/wit_motion_imu_publisher
[1.807s] Invoked command in '/home/mr_robot/robot_ws/build/wit_motion_imu_publisher' returned '0': CMAKE_PREFIX_PATH=${CMAKE_PREFIX_PATH}:/opt/ros/humble /usr/bin/cmake /home/mr_robot/robot_ws/src/farm_robot-main/wit_motion_imu_publisher -DCMAKE_INSTALL_PREFIX=/home/mr_robot/robot_ws/install/wit_motion_imu_publisher
[1.809s] Invoking command in '/home/mr_robot/robot_ws/build/wit_motion_imu_publisher': CMAKE_PREFIX_PATH=${CMAKE_PREFIX_PATH}:/opt/ros/humble /usr/bin/cmake --build /home/mr_robot/robot_ws/build/wit_motion_imu_publisher -- -j12 -l12
[1.884s] [ 50%] [32mBuilding C object CMakeFiles/imu.dir/src/serial.c.o[0m
[1.885s] [ 50%] [32mBuilding CXX object CMakeFiles/imu.dir/src/imupublisher.cpp.o[0m
[1.885s] [ 75%] [32mBuilding C object CMakeFiles/imu.dir/src/wit_c_sdk.c.o[0m
[1.923s] [01m[K/home/mr_robot/robot_ws/src/farm_robot-main/wit_motion_imu_publisher/src/wit_c_sdk.c:[m[K In function ‘[01m[KWitCanDataIn[m[K’:
[1.923s] [01m[K/home/mr_robot/robot_ws/src/farm_robot-main/wit_motion_imu_publisher/src/wit_c_sdk.c:238:27:[m[K [01;35m[Kwarning: [m[Kthis statement may fall through [[01;35m[K]8;;https://gcc.gnu.org/onlinedocs/gcc/Warning-Options.html#index-Wimplicit-fallthrough=-Wimplicit-fallthrough=]8;;[m[K]
[1.923s]   238 |                         if[01;35m[K([m[KucData[1] == 0x53)
[1.924s]       |                           [01;35m[K^[m[K
[1.924s] [01m[K/home/mr_robot/robot_ws/src/farm_robot-main/wit_motion_imu_publisher/src/wit_c_sdk.c:251:19:[m[K [01;36m[Knote: [m[Khere
[1.924s]   251 |                   [01;36m[Kcase[m[K WIT_PROTOCOL_CAN:
[1.924s]       |                   [01;36m[K^~~~[m[K
[7.534s] [100%] [32m[1mLinking CXX executable imu[0m
[7.794s] [100%] Built target imu
[7.811s] Invoked command in '/home/mr_robot/robot_ws/build/wit_motion_imu_publisher' returned '0': CMAKE_PREFIX_PATH=${CMAKE_PREFIX_PATH}:/opt/ros/humble /usr/bin/cmake --build /home/mr_robot/robot_ws/build/wit_motion_imu_publisher -- -j12 -l12
[7.813s] Invoking command in '/home/mr_robot/robot_ws/build/wit_motion_imu_publisher': CMAKE_PREFIX_PATH=${CMAKE_PREFIX_PATH}:/opt/ros/humble /usr/bin/cmake --install /home/mr_robot/robot_ws/build/wit_motion_imu_publisher
[7.824s] -- Install configuration: ""
[7.824s] -- Installing: /home/mr_robot/robot_ws/install/wit_motion_imu_publisher/lib/wit_motion_imu_publisher/imu
[7.826s] -- Set runtime path of "/home/mr_robot/robot_ws/install/wit_motion_imu_publisher/lib/wit_motion_imu_publisher/imu" to ""
[7.826s] -- Installing: /home/mr_robot/robot_ws/install/wit_motion_imu_publisher/share/ament_index/resource_index/package_run_dependencies/wit_motion_imu_publisher
[7.826s] -- Installing: /home/mr_robot/robot_ws/install/wit_motion_imu_publisher/share/ament_index/resource_index/parent_prefix_path/wit_motion_imu_publisher
[7.827s] -- Installing: /home/mr_robot/robot_ws/install/wit_motion_imu_publisher/share/wit_motion_imu_publisher/environment/ament_prefix_path.sh
[7.827s] -- Installing: /home/mr_robot/robot_ws/install/wit_motion_imu_publisher/share/wit_motion_imu_publisher/environment/ament_prefix_path.dsv
[7.827s] -- Installing: /home/mr_robot/robot_ws/install/wit_motion_imu_publisher/share/wit_motion_imu_publisher/environment/path.sh
[7.827s] -- Installing: /home/mr_robot/robot_ws/install/wit_motion_imu_publisher/share/wit_motion_imu_publisher/environment/path.dsv
[7.827s] -- Installing: /home/mr_robot/robot_ws/install/wit_motion_imu_publisher/share/wit_motion_imu_publisher/local_setup.bash
[7.828s] -- Installing: /home/mr_robot/robot_ws/install/wit_motion_imu_publisher/share/wit_motion_imu_publisher/local_setup.sh
[7.828s] -- Installing: /home/mr_robot/robot_ws/install/wit_motion_imu_publisher/share/wit_motion_imu_publisher/local_setup.zsh
[7.828s] -- Installing: /home/mr_robot/robot_ws/install/wit_motion_imu_publisher/share/wit_motion_imu_publisher/local_setup.dsv
[7.828s] -- Installing: /home/mr_robot/robot_ws/install/wit_motion_imu_publisher/share/wit_motion_imu_publisher/package.dsv
[7.828s] -- Installing: /home/mr_robot/robot_ws/install/wit_motion_imu_publisher/share/ament_index/resource_index/packages/wit_motion_imu_publisher
[7.829s] -- Installing: /home/mr_robot/robot_ws/install/wit_motion_imu_publisher/share/wit_motion_imu_publisher/cmake/wit_motion_imu_publisherConfig.cmake
[7.829s] -- Installing: /home/mr_robot/robot_ws/install/wit_motion_imu_publisher/share/wit_motion_imu_publisher/cmake/wit_motion_imu_publisherConfig-version.cmake
[7.829s] -- Installing: /home/mr_robot/robot_ws/install/wit_motion_imu_publisher/share/wit_motion_imu_publisher/package.xml
[7.832s] Invoked command in '/home/mr_robot/robot_ws/build/wit_motion_imu_publisher' returned '0': CMAKE_PREFIX_PATH=${CMAKE_PREFIX_PATH}:/opt/ros/humble /usr/bin/cmake --install /home/mr_robot/robot_ws/build/wit_motion_imu_publisher
