[0.015s] Invoking command in '/home/mr_robot/robot_ws/build/ydlidar_ros2_driver': CMAKE_PREFIX_PATH=${CMAKE_PREFIX_PATH}:/opt/ros/humble /usr/bin/cmake --build /home/mr_robot/robot_ws/build/ydlidar_ros2_driver -- -j12 -l12
[0.074s] [35m[1mConsolidate compiler generated dependencies of target ydlidar_ros2_driver_client[0m
[0.074s] [35m[1mConsolidate compiler generated dependencies of target ydlidar_ros2_driver_node[0m
[0.100s] [ 50%] Built target ydlidar_ros2_driver_client
[0.100s] [100%] Built target ydlidar_ros2_driver_node
[0.117s] Invoked command in '/home/mr_robot/robot_ws/build/ydlidar_ros2_driver' returned '0': CMAKE_PREFIX_PATH=${CMAKE_PREFIX_PATH}:/opt/ros/humble /usr/bin/cmake --build /home/mr_robot/robot_ws/build/ydlidar_ros2_driver -- -j12 -l12
[0.120s] Invoking command in '/home/mr_robot/robot_ws/build/ydlidar_ros2_driver': CMAKE_PREFIX_PATH=${CMAKE_PREFIX_PATH}:/opt/ros/humble /usr/bin/cmake --install /home/mr_robot/robot_ws/build/ydlidar_ros2_driver
[0.131s] -- Install configuration: ""
[0.131s] -- Up-to-date: /home/mr_robot/robot_ws/install/ydlidar_ros2_driver/lib/ydlidar_ros2_driver/ydlidar_ros2_driver_node
[0.132s] -- Up-to-date: /home/mr_robot/robot_ws/install/ydlidar_ros2_driver/lib/ydlidar_ros2_driver/ydlidar_ros2_driver_client
[0.132s] -- Up-to-date: /home/mr_robot/robot_ws/install/ydlidar_ros2_driver/share/ydlidar_ros2_driver/launch
[0.132s] -- Up-to-date: /home/mr_robot/robot_ws/install/ydlidar_ros2_driver/share/ydlidar_ros2_driver/launch/ydlidar.py
[0.132s] -- Up-to-date: /home/mr_robot/robot_ws/install/ydlidar_ros2_driver/share/ydlidar_ros2_driver/launch/ydlidar_launch.py
[0.133s] -- Up-to-date: /home/mr_robot/robot_ws/install/ydlidar_ros2_driver/share/ydlidar_ros2_driver/launch/ydlidar_launch_view.py
[0.133s] -- Up-to-date: /home/mr_robot/robot_ws/install/ydlidar_ros2_driver/share/ydlidar_ros2_driver/params
[0.133s] -- Up-to-date: /home/mr_robot/robot_ws/install/ydlidar_ros2_driver/share/ydlidar_ros2_driver/params/GS2.yaml
[0.133s] -- Up-to-date: /home/mr_robot/robot_ws/install/ydlidar_ros2_driver/share/ydlidar_ros2_driver/params/sdm15.yaml
[0.133s] -- Up-to-date: /home/mr_robot/robot_ws/install/ydlidar_ros2_driver/share/ydlidar_ros2_driver/params/TG.yaml
[0.133s] -- Up-to-date: /home/mr_robot/robot_ws/install/ydlidar_ros2_driver/share/ydlidar_ros2_driver/params/Tmini-Plus-SH.yaml
[0.133s] -- Up-to-date: /home/mr_robot/robot_ws/install/ydlidar_ros2_driver/share/ydlidar_ros2_driver/params/G6.yaml
[0.133s] -- Up-to-date: /home/mr_robot/robot_ws/install/ydlidar_ros2_driver/share/ydlidar_ros2_driver/params/Tmini.yaml
[0.133s] -- Up-to-date: /home/mr_robot/robot_ws/install/ydlidar_ros2_driver/share/ydlidar_ros2_driver/params/X2.yaml
[0.133s] -- Up-to-date: /home/mr_robot/robot_ws/install/ydlidar_ros2_driver/share/ydlidar_ros2_driver/params/TEA.yaml
[0.134s] -- Up-to-date: /home/mr_robot/robot_ws/install/ydlidar_ros2_driver/share/ydlidar_ros2_driver/params/GS5.yaml
[0.134s] -- Up-to-date: /home/mr_robot/robot_ws/install/ydlidar_ros2_driver/share/ydlidar_ros2_driver/params/X4-Pro.yaml
[0.134s] -- Up-to-date: /home/mr_robot/robot_ws/install/ydlidar_ros2_driver/share/ydlidar_ros2_driver/params/ydlidar.yaml
[0.134s] -- Up-to-date: /home/mr_robot/robot_ws/install/ydlidar_ros2_driver/share/ydlidar_ros2_driver/params/X3.yaml
[0.134s] -- Up-to-date: /home/mr_robot/robot_ws/install/ydlidar_ros2_driver/share/ydlidar_ros2_driver/params/G2.yaml
[0.134s] -- Up-to-date: /home/mr_robot/robot_ws/install/ydlidar_ros2_driver/share/ydlidar_ros2_driver/params/G1.yaml
[0.134s] -- Up-to-date: /home/mr_robot/robot_ws/install/ydlidar_ros2_driver/share/ydlidar_ros2_driver/params/X4.yaml
[0.134s] -- Up-to-date: /home/mr_robot/robot_ws/install/ydlidar_ros2_driver/share/ydlidar_ros2_driver/params/G4.yaml
[0.134s] -- Up-to-date: /home/mr_robot/robot_ws/install/ydlidar_ros2_driver/share/ydlidar_ros2_driver/startup
[0.134s] -- Up-to-date: /home/mr_robot/robot_ws/install/ydlidar_ros2_driver/share/ydlidar_ros2_driver/startup/initenv.sh
[0.134s] -- Up-to-date: /home/mr_robot/robot_ws/install/ydlidar_ros2_driver/share/ydlidar_ros2_driver/config
[0.134s] -- Up-to-date: /home/mr_robot/robot_ws/install/ydlidar_ros2_driver/share/ydlidar_ros2_driver/config/ydlidar.rviz
[0.135s] -- Up-to-date: /home/mr_robot/robot_ws/install/ydlidar_ros2_driver/share/ament_index/resource_index/package_run_dependencies/ydlidar_ros2_driver
[0.135s] -- Up-to-date: /home/mr_robot/robot_ws/install/ydlidar_ros2_driver/share/ament_index/resource_index/parent_prefix_path/ydlidar_ros2_driver
[0.135s] -- Up-to-date: /home/mr_robot/robot_ws/install/ydlidar_ros2_driver/share/ydlidar_ros2_driver/environment/ament_prefix_path.sh
[0.135s] -- Up-to-date: /home/mr_robot/robot_ws/install/ydlidar_ros2_driver/share/ydlidar_ros2_driver/environment/ament_prefix_path.dsv
[0.135s] -- Up-to-date: /home/mr_robot/robot_ws/install/ydlidar_ros2_driver/share/ydlidar_ros2_driver/environment/path.sh
[0.135s] -- Up-to-date: /home/mr_robot/robot_ws/install/ydlidar_ros2_driver/share/ydlidar_ros2_driver/environment/path.dsv
[0.135s] -- Up-to-date: /home/mr_robot/robot_ws/install/ydlidar_ros2_driver/share/ydlidar_ros2_driver/local_setup.bash
[0.135s] -- Up-to-date: /home/mr_robot/robot_ws/install/ydlidar_ros2_driver/share/ydlidar_ros2_driver/local_setup.sh
[0.136s] -- Up-to-date: /home/mr_robot/robot_ws/install/ydlidar_ros2_driver/share/ydlidar_ros2_driver/local_setup.zsh
[0.136s] -- Up-to-date: /home/mr_robot/robot_ws/install/ydlidar_ros2_driver/share/ydlidar_ros2_driver/local_setup.dsv
[0.136s] -- Installing: /home/mr_robot/robot_ws/install/ydlidar_ros2_driver/share/ydlidar_ros2_driver/package.dsv
[0.136s] -- Up-to-date: /home/mr_robot/robot_ws/install/ydlidar_ros2_driver/share/ament_index/resource_index/packages/ydlidar_ros2_driver
[0.137s] -- Up-to-date: /home/mr_robot/robot_ws/install/ydlidar_ros2_driver/share/ydlidar_ros2_driver/cmake/ydlidar_ros2_driverConfig.cmake
[0.137s] -- Up-to-date: /home/mr_robot/robot_ws/install/ydlidar_ros2_driver/share/ydlidar_ros2_driver/cmake/ydlidar_ros2_driverConfig-version.cmake
[0.137s] -- Up-to-date: /home/mr_robot/robot_ws/install/ydlidar_ros2_driver/share/ydlidar_ros2_driver/package.xml
[0.139s] Invoked command in '/home/mr_robot/robot_ws/build/ydlidar_ros2_driver' returned '0': CMAKE_PREFIX_PATH=${CMAKE_PREFIX_PATH}:/opt/ros/humble /usr/bin/cmake --install /home/mr_robot/robot_ws/build/ydlidar_ros2_driver
