[0.014s] Invoking command in '/home/mr_robot/robot_ws/build/farmbot_nav2': CMAKE_PREFIX_PATH=${CMAKE_PREFIX_PATH}:/opt/ros/humble /usr/bin/cmake /home/mr_robot/robot_ws/src/farm_robot-main/farmbot_nav2 -DCMAKE_INSTALL_PREFIX=/home/mr_robot/robot_ws/install/farmbot_nav2
[0.093s] -- The C compiler identification is GNU 11.4.0
[0.171s] -- The CXX compiler identification is GNU 11.4.0
[0.181s] -- Detecting C compiler ABI info
[0.281s] -- Detecting C compiler ABI info - done
[0.291s] -- Check for working C compiler: /usr/bin/cc - skipped
[0.291s] -- Detecting C compile features
[0.292s] -- Detecting C compile features - done
[0.296s] -- Detecting CXX compiler ABI info
[0.411s] -- Detecting CXX compiler ABI info - done
[0.421s] -- Check for working CXX compiler: /usr/bin/c++ - skipped
[0.422s] -- Detecting CXX compile features
[0.422s] -- Detecting CXX compile features - done
[0.430s] -- Found ament_cmake: 1.3.12 (/opt/ros/humble/share/ament_cmake/cmake)
[0.652s] -- Found Python3: /usr/bin/python3 (found version "3.10.12") found components: Interpreter 
[0.836s] -- Found navigation2: 1.1.18 (/opt/ros/humble/share/navigation2/cmake)
[0.843s] -- Found rviz2: 11.2.19 (/opt/ros/humble/share/rviz2/cmake)
[0.849s] -- Found rclcpp: 16.0.14 (/opt/ros/humble/share/rclcpp/cmake)
[0.956s] -- Found rosidl_generator_c: 3.1.7 (/opt/ros/humble/share/rosidl_generator_c/cmake)
[0.971s] -- Found rosidl_adapter: 3.1.7 (/opt/ros/humble/share/rosidl_adapter/cmake)
[0.996s] -- Found rosidl_generator_cpp: 3.1.7 (/opt/ros/humble/share/rosidl_generator_cpp/cmake)
[1.022s] -- Using all available rosidl_typesupport_c: rosidl_typesupport_fastrtps_c;rosidl_typesupport_introspection_c
[1.060s] -- Using all available rosidl_typesupport_cpp: rosidl_typesupport_fastrtps_cpp;rosidl_typesupport_introspection_cpp
[1.167s] -- Found rmw_implementation_cmake: 6.1.2 (/opt/ros/humble/share/rmw_implementation_cmake/cmake)
[1.176s] -- Found rmw_cyclonedds_cpp: 1.3.4 (/opt/ros/humble/share/rmw_cyclonedds_cpp/cmake)
[1.231s] -- Using RMW implementation 'rmw_cyclonedds_cpp' as default
[1.255s] -- Looking for pthread.h
[1.360s] -- Looking for pthread.h - found
[1.360s] -- Performing Test CMAKE_HAVE_LIBC_PTHREAD
[1.466s] -- Performing Test CMAKE_HAVE_LIBC_PTHREAD - Success
[1.468s] -- Found Threads: TRUE  
[1.566s] -- Found tf2: 0.25.15 (/opt/ros/humble/share/tf2/cmake)
[1.616s] -- Found tf2_geometry_msgs: 0.25.15 (/opt/ros/humble/share/tf2_geometry_msgs/cmake)
[1.651s] -- Found eigen3_cmake_module: 0.1.1 (/opt/ros/humble/share/eigen3_cmake_module/cmake)
[1.653s] -- Found Eigen3: TRUE (found version "3.4.0") 
[1.653s] -- Ensuring Eigen3 include directory is part of orocos-kdl CMake target
[1.855s] -- Found ament_lint_auto: 0.12.14 (/opt/ros/humble/share/ament_lint_auto/cmake)
[2.005s] -- Added test 'cppcheck' to perform static code analysis on C / C++ code
[2.005s] -- Configured cppcheck include dirs: 
[2.005s] -- Configured cppcheck exclude dirs and/or files: 
[2.007s] -- Added test 'flake8' to check Python code syntax and style conventions
[2.009s] -- Added test 'lint_cmake' to check CMake code style
[2.010s] -- Added test 'pep257' to check Python code against some of the docstring style conventions in PEP 257
[2.014s] -- Added test 'uncrustify' to check C / C++ code style
[2.014s] -- Configured uncrustify additional arguments: 
[2.016s] -- Added test 'xmllint' to check XML markup files
[2.019s] -- Configuring done
[2.034s] -- Generating done
[2.040s] -- Build files have been written to: /home/mr_robot/robot_ws/build/farmbot_nav2
[2.051s] Invoked command in '/home/mr_robot/robot_ws/build/farmbot_nav2' returned '0': CMAKE_PREFIX_PATH=${CMAKE_PREFIX_PATH}:/opt/ros/humble /usr/bin/cmake /home/mr_robot/robot_ws/src/farm_robot-main/farmbot_nav2 -DCMAKE_INSTALL_PREFIX=/home/mr_robot/robot_ws/install/farmbot_nav2
[2.053s] Invoking command in '/home/mr_robot/robot_ws/build/farmbot_nav2': CMAKE_PREFIX_PATH=${CMAKE_PREFIX_PATH}:/opt/ros/humble /usr/bin/cmake --build /home/mr_robot/robot_ws/build/farmbot_nav2 -- -j12 -l12
[2.130s] [ 50%] [32mBuilding CXX object CMakeFiles/init_robot_pose.dir/src/init_robot_pose.cpp.o[0m
[8.219s] [100%] [32m[1mLinking CXX executable init_robot_pose[0m
[8.514s] [100%] Built target init_robot_pose
[8.530s] Invoked command in '/home/mr_robot/robot_ws/build/farmbot_nav2' returned '0': CMAKE_PREFIX_PATH=${CMAKE_PREFIX_PATH}:/opt/ros/humble /usr/bin/cmake --build /home/mr_robot/robot_ws/build/farmbot_nav2 -- -j12 -l12
[8.532s] Invoking command in '/home/mr_robot/robot_ws/build/farmbot_nav2': CMAKE_PREFIX_PATH=${CMAKE_PREFIX_PATH}:/opt/ros/humble /usr/bin/cmake --install /home/mr_robot/robot_ws/build/farmbot_nav2
[8.543s] -- Install configuration: ""
[8.543s] -- Installing: /home/mr_robot/robot_ws/install/farmbot_nav2/lib/farmbot_nav2/init_robot_pose
[8.545s] -- Set runtime path of "/home/mr_robot/robot_ws/install/farmbot_nav2/lib/farmbot_nav2/init_robot_pose" to ""
[8.545s] -- Installing: /home/mr_robot/robot_ws/install/farmbot_nav2/share/farmbot_nav2/launch
[8.545s] -- Installing: /home/mr_robot/robot_ws/install/farmbot_nav2/share/farmbot_nav2/launch/navigation_localization_composable.launch.py
[8.545s] -- Installing: /home/mr_robot/robot_ws/install/farmbot_nav2/share/farmbot_nav2/launch/navigation_mapping_composable.launch.py
[8.546s] -- Installing: /home/mr_robot/robot_ws/install/farmbot_nav2/share/farmbot_nav2/launch/navigation_mapping.launch.py
[8.546s] -- Installing: /home/mr_robot/robot_ws/install/farmbot_nav2/share/farmbot_nav2/launch/online_async_launch_mapping_launch.py
[8.547s] -- Installing: /home/mr_robot/robot_ws/install/farmbot_nav2/share/farmbot_nav2/launch/online_async_launch_localization_launch.py
[8.547s] -- Installing: /home/mr_robot/robot_ws/install/farmbot_nav2/share/farmbot_nav2/config
[8.547s] -- Installing: /home/mr_robot/robot_ws/install/farmbot_nav2/share/farmbot_nav2/config/mapper_params_online_async_localization.yaml
[8.547s] -- Installing: /home/mr_robot/robot_ws/install/farmbot_nav2/share/farmbot_nav2/config/nav2_params_collision.yaml
[8.548s] -- Installing: /home/mr_robot/robot_ws/install/farmbot_nav2/share/farmbot_nav2/config/mapper_params_online_async_mapping.yaml
[8.548s] -- Installing: /home/mr_robot/robot_ws/install/farmbot_nav2/share/farmbot_nav2/config/nav2_params.yaml
[8.549s] -- Installing: /home/mr_robot/robot_ws/install/farmbot_nav2/share/farmbot_nav2/maps
[8.549s] -- Installing: /home/mr_robot/robot_ws/install/farmbot_nav2/share/farmbot_nav2/maps/README.md
[8.549s] -- Installing: /home/mr_robot/robot_ws/install/farmbot_nav2/share/farmbot_nav2/maps/blank.pgm
[8.550s] -- Installing: /home/mr_robot/robot_ws/install/farmbot_nav2/share/farmbot_nav2/maps/blank.yaml
[8.550s] -- Installing: /home/mr_robot/robot_ws/install/farmbot_nav2/share/farmbot_nav2/maps/default_map.yaml
[8.550s] -- Installing: /home/mr_robot/robot_ws/install/farmbot_nav2/share/farmbot_nav2/maps/nightnighthz.yaml
[8.550s] -- Installing: /home/mr_robot/robot_ws/install/farmbot_nav2/share/farmbot_nav2/maps/default_map.pgm
[8.551s] -- Installing: /home/mr_robot/robot_ws/install/farmbot_nav2/share/farmbot_nav2/maps/nightnighthz.pgm
[8.552s] -- Installing: /home/mr_robot/robot_ws/install/farmbot_nav2/share/farmbot_nav2/maps/blank.pbstream
[8.553s] -- Installing: /home/mr_robot/robot_ws/install/farmbot_nav2/share/farmbot_nav2/maps/nightnighthz.pbstream
[8.555s] -- Installing: /home/mr_robot/robot_ws/install/farmbot_nav2/share/ament_index/resource_index/package_run_dependencies/farmbot_nav2
[8.555s] -- Installing: /home/mr_robot/robot_ws/install/farmbot_nav2/share/ament_index/resource_index/parent_prefix_path/farmbot_nav2
[8.556s] -- Installing: /home/mr_robot/robot_ws/install/farmbot_nav2/share/farmbot_nav2/environment/ament_prefix_path.sh
[8.556s] -- Installing: /home/mr_robot/robot_ws/install/farmbot_nav2/share/farmbot_nav2/environment/ament_prefix_path.dsv
[8.556s] -- Installing: /home/mr_robot/robot_ws/install/farmbot_nav2/share/farmbot_nav2/environment/path.sh
[8.556s] -- Installing: /home/mr_robot/robot_ws/install/farmbot_nav2/share/farmbot_nav2/environment/path.dsv
[8.556s] -- Installing: /home/mr_robot/robot_ws/install/farmbot_nav2/share/farmbot_nav2/local_setup.bash
[8.557s] -- Installing: /home/mr_robot/robot_ws/install/farmbot_nav2/share/farmbot_nav2/local_setup.sh
[8.557s] -- Installing: /home/mr_robot/robot_ws/install/farmbot_nav2/share/farmbot_nav2/local_setup.zsh
[8.557s] -- Installing: /home/mr_robot/robot_ws/install/farmbot_nav2/share/farmbot_nav2/local_setup.dsv
[8.558s] -- Installing: /home/mr_robot/robot_ws/install/farmbot_nav2/share/farmbot_nav2/package.dsv
[8.558s] -- Installing: /home/mr_robot/robot_ws/install/farmbot_nav2/share/ament_index/resource_index/packages/farmbot_nav2
[8.558s] -- Installing: /home/mr_robot/robot_ws/install/farmbot_nav2/share/farmbot_nav2/cmake/farmbot_nav2Config.cmake
[8.558s] -- Installing: /home/mr_robot/robot_ws/install/farmbot_nav2/share/farmbot_nav2/cmake/farmbot_nav2Config-version.cmake
[8.558s] -- Installing: /home/mr_robot/robot_ws/install/farmbot_nav2/share/farmbot_nav2/package.xml
[8.562s] Invoked command in '/home/mr_robot/robot_ws/build/farmbot_nav2' returned '0': CMAKE_PREFIX_PATH=${CMAKE_PREFIX_PATH}:/opt/ros/humble /usr/bin/cmake --install /home/mr_robot/robot_ws/build/farmbot_nav2
