[0.044s] Invoking command in '/home/mr_robot/robot_ws/build/wit_motion_imu_publisher': CMAKE_PREFIX_PATH=${CMAKE_PREFIX_PATH}:/opt/ros/humble /usr/bin/cmake /home/mr_robot/robot_ws/src/farm_robot-main/wit_motion_imu_publisher -DCMAKE_INSTALL_PREFIX=/home/mr_robot/robot_ws/install/wit_motion_imu_publisher
[0.140s] -- The C compiler identification is GNU 11.4.0
[0.231s] -- The CXX compiler identification is GNU 11.4.0
[0.245s] -- Detecting C compiler ABI info
[0.364s] -- Detecting C compiler ABI info - done
[0.384s] -- Check for working C compiler: /usr/bin/cc - skipped
[0.385s] -- Detecting C compile features
[0.386s] -- Detecting C compile features - done
[0.392s] -- Detecting CXX compiler ABI info
[0.531s] -- Detecting CXX compiler ABI info - done
[0.552s] -- Check for working CXX compiler: /usr/bin/c++ - skipped
[0.552s] -- Detecting CXX compile features
[0.554s] -- Detecting CXX compile features - done
[0.565s] -- Found ament_cmake: 1.3.12 (/opt/ros/humble/share/ament_cmake/cmake)
[0.826s] -- Found Python3: /usr/bin/python3 (found version "3.10.12") found components: Interpreter 
[1.043s] -- Found rclcpp: 16.0.14 (/opt/ros/humble/share/rclcpp/cmake)
[1.151s] -- Found rosidl_generator_c: 3.1.7 (/opt/ros/humble/share/rosidl_generator_c/cmake)
[1.168s] -- Found rosidl_adapter: 3.1.7 (/opt/ros/humble/share/rosidl_adapter/cmake)
[1.189s] -- Found rosidl_generator_cpp: 3.1.7 (/opt/ros/humble/share/rosidl_generator_cpp/cmake)
[1.218s] -- Using all available rosidl_typesupport_c: rosidl_typesupport_fastrtps_c;rosidl_typesupport_introspection_c
[1.258s] -- Using all available rosidl_typesupport_cpp: rosidl_typesupport_fastrtps_cpp;rosidl_typesupport_introspection_cpp
[1.385s] -- Found rmw_implementation_cmake: 6.1.2 (/opt/ros/humble/share/rmw_implementation_cmake/cmake)
[1.398s] -- Found rmw_cyclonedds_cpp: 1.3.4 (/opt/ros/humble/share/rmw_cyclonedds_cpp/cmake)
[1.456s] -- Using RMW implementation 'rmw_cyclonedds_cpp' as default
[1.479s] -- Looking for pthread.h
[1.607s] -- Looking for pthread.h - found
[1.607s] -- Performing Test CMAKE_HAVE_LIBC_PTHREAD
[1.725s] -- Performing Test CMAKE_HAVE_LIBC_PTHREAD - Success
[1.726s] -- Found Threads: TRUE  
[1.834s] -- Found sensor_msgs: 4.9.0 (/opt/ros/humble/share/sensor_msgs/cmake)
[1.913s] -- Found tf2: 0.25.15 (/opt/ros/humble/share/tf2/cmake)
[1.943s] -- Found ament_lint_auto: 0.12.14 (/opt/ros/humble/share/ament_lint_auto/cmake)
[2.099s] -- Added test 'cppcheck' to perform static code analysis on C / C++ code
[2.099s] -- Configured cppcheck include dirs: 
[2.099s] -- Configured cppcheck exclude dirs and/or files: 
[2.101s] -- Added test 'lint_cmake' to check CMake code style
[2.103s] -- Added test 'uncrustify' to check C / C++ code style
[2.103s] -- Configured uncrustify additional arguments: 
[2.106s] -- Added test 'xmllint' to check XML markup files
[2.109s] -- Configuring done
[2.126s] -- Generating done
[2.132s] -- Build files have been written to: /home/mr_robot/robot_ws/build/wit_motion_imu_publisher
[2.147s] Invoked command in '/home/mr_robot/robot_ws/build/wit_motion_imu_publisher' returned '0': CMAKE_PREFIX_PATH=${CMAKE_PREFIX_PATH}:/opt/ros/humble /usr/bin/cmake /home/mr_robot/robot_ws/src/farm_robot-main/wit_motion_imu_publisher -DCMAKE_INSTALL_PREFIX=/home/mr_robot/robot_ws/install/wit_motion_imu_publisher
[2.149s] Invoking command in '/home/mr_robot/robot_ws/build/wit_motion_imu_publisher': CMAKE_PREFIX_PATH=${CMAKE_PREFIX_PATH}:/opt/ros/humble /usr/bin/cmake --build /home/mr_robot/robot_ws/build/wit_motion_imu_publisher -- -j12 -l12
[2.236s] [ 25%] [32mBuilding CXX object CMakeFiles/imu.dir/src/imupublisher.cpp.o[0m
[2.236s] [ 50%] [32mBuilding C object CMakeFiles/imu.dir/src/serial.c.o[0m
[2.236s] [ 75%] [32mBuilding C object CMakeFiles/imu.dir/src/wit_c_sdk.c.o[0m
[2.274s] [01m[K/home/mr_robot/robot_ws/src/farm_robot-main/wit_motion_imu_publisher/src/wit_c_sdk.c:[m[K In function ‘[01m[KWitCanDataIn[m[K’:
[2.274s] [01m[K/home/mr_robot/robot_ws/src/farm_robot-main/wit_motion_imu_publisher/src/wit_c_sdk.c:238:27:[m[K [01;35m[Kwarning: [m[Kthis statement may fall through [[01;35m[K]8;;https://gcc.gnu.org/onlinedocs/gcc/Warning-Options.html#index-Wimplicit-fallthrough=-Wimplicit-fallthrough=]8;;[m[K]
[2.274s]   238 |                         if[01;35m[K([m[KucData[1] == 0x53)
[2.274s]       |                           [01;35m[K^[m[K
[2.275s] [01m[K/home/mr_robot/robot_ws/src/farm_robot-main/wit_motion_imu_publisher/src/wit_c_sdk.c:251:19:[m[K [01;36m[Knote: [m[Khere
[2.275s]   251 |                   [01;36m[Kcase[m[K WIT_PROTOCOL_CAN:
[2.275s]       |                   [01;36m[K^~~~[m[K
[8.704s] [100%] [32m[1mLinking CXX executable imu[0m
[9.059s] [100%] Built target imu
[9.077s] Invoked command in '/home/mr_robot/robot_ws/build/wit_motion_imu_publisher' returned '0': CMAKE_PREFIX_PATH=${CMAKE_PREFIX_PATH}:/opt/ros/humble /usr/bin/cmake --build /home/mr_robot/robot_ws/build/wit_motion_imu_publisher -- -j12 -l12
[9.081s] Invoking command in '/home/mr_robot/robot_ws/build/wit_motion_imu_publisher': CMAKE_PREFIX_PATH=${CMAKE_PREFIX_PATH}:/opt/ros/humble /usr/bin/cmake --install /home/mr_robot/robot_ws/build/wit_motion_imu_publisher
[9.092s] -- Install configuration: ""
[9.092s] -- Installing: /home/mr_robot/robot_ws/install/wit_motion_imu_publisher/lib/wit_motion_imu_publisher/imu
[9.094s] -- Set runtime path of "/home/mr_robot/robot_ws/install/wit_motion_imu_publisher/lib/wit_motion_imu_publisher/imu" to ""
[9.095s] -- Installing: /home/mr_robot/robot_ws/install/wit_motion_imu_publisher/share/ament_index/resource_index/package_run_dependencies/wit_motion_imu_publisher
[9.095s] -- Installing: /home/mr_robot/robot_ws/install/wit_motion_imu_publisher/share/ament_index/resource_index/parent_prefix_path/wit_motion_imu_publisher
[9.095s] -- Installing: /home/mr_robot/robot_ws/install/wit_motion_imu_publisher/share/wit_motion_imu_publisher/environment/ament_prefix_path.sh
[9.095s] -- Installing: /home/mr_robot/robot_ws/install/wit_motion_imu_publisher/share/wit_motion_imu_publisher/environment/ament_prefix_path.dsv
[9.096s] -- Installing: /home/mr_robot/robot_ws/install/wit_motion_imu_publisher/share/wit_motion_imu_publisher/environment/path.sh
[9.096s] -- Installing: /home/mr_robot/robot_ws/install/wit_motion_imu_publisher/share/wit_motion_imu_publisher/environment/path.dsv
[9.096s] -- Installing: /home/mr_robot/robot_ws/install/wit_motion_imu_publisher/share/wit_motion_imu_publisher/local_setup.bash
[9.096s] -- Installing: /home/mr_robot/robot_ws/install/wit_motion_imu_publisher/share/wit_motion_imu_publisher/local_setup.sh
[9.096s] -- Installing: /home/mr_robot/robot_ws/install/wit_motion_imu_publisher/share/wit_motion_imu_publisher/local_setup.zsh
[9.097s] -- Installing: /home/mr_robot/robot_ws/install/wit_motion_imu_publisher/share/wit_motion_imu_publisher/local_setup.dsv
[9.097s] -- Installing: /home/mr_robot/robot_ws/install/wit_motion_imu_publisher/share/wit_motion_imu_publisher/package.dsv
[9.097s] -- Installing: /home/mr_robot/robot_ws/install/wit_motion_imu_publisher/share/ament_index/resource_index/packages/wit_motion_imu_publisher
[9.097s] -- Installing: /home/mr_robot/robot_ws/install/wit_motion_imu_publisher/share/wit_motion_imu_publisher/cmake/wit_motion_imu_publisherConfig.cmake
[9.097s] -- Installing: /home/mr_robot/robot_ws/install/wit_motion_imu_publisher/share/wit_motion_imu_publisher/cmake/wit_motion_imu_publisherConfig-version.cmake
[9.098s] -- Installing: /home/mr_robot/robot_ws/install/wit_motion_imu_publisher/share/wit_motion_imu_publisher/package.xml
[9.101s] Invoked command in '/home/mr_robot/robot_ws/build/wit_motion_imu_publisher' returned '0': CMAKE_PREFIX_PATH=${CMAKE_PREFIX_PATH}:/opt/ros/humble /usr/bin/cmake --install /home/mr_robot/robot_ws/build/wit_motion_imu_publisher
