[0.044s] Invoking command in '/home/mr_robot/robot_ws/build/farmbot_nav2': CMAKE_PREFIX_PATH=${CMAKE_PREFIX_PATH}:/opt/ros/humble /usr/bin/cmake --build /home/mr_robot/robot_ws/build/farmbot_nav2 -- -j12 -l12
[0.113s] [35m[1mConsolidate compiler generated dependencies of target init_robot_pose[0m
[0.150s] [100%] Built target init_robot_pose
[0.209s] Invoked command in '/home/mr_robot/robot_ws/build/farmbot_nav2' returned '0': CMAKE_PREFIX_PATH=${CMAKE_PREFIX_PATH}:/opt/ros/humble /usr/bin/cmake --build /home/mr_robot/robot_ws/build/farmbot_nav2 -- -j12 -l12
[0.213s] Invoking command in '/home/mr_robot/robot_ws/build/farmbot_nav2': CMAKE_PREFIX_PATH=${CMAKE_PREFIX_PATH}:/opt/ros/humble /usr/bin/cmake --install /home/mr_robot/robot_ws/build/farmbot_nav2
[0.224s] -- Install configuration: ""
[0.224s] -- Up-to-date: /home/mr_robot/robot_ws/install/farmbot_nav2/lib/farmbot_nav2/init_robot_pose
[0.225s] -- Up-to-date: /home/mr_robot/robot_ws/install/farmbot_nav2/share/farmbot_nav2/launch
[0.225s] -- Up-to-date: /home/mr_robot/robot_ws/install/farmbot_nav2/share/farmbot_nav2/launch/navigation_localization_composable.launch.py
[0.226s] -- Up-to-date: /home/mr_robot/robot_ws/install/farmbot_nav2/share/farmbot_nav2/launch/navigation_mapping_composable.launch.py
[0.226s] -- Up-to-date: /home/mr_robot/robot_ws/install/farmbot_nav2/share/farmbot_nav2/launch/navigation_mapping.launch.py
[0.226s] -- Up-to-date: /home/mr_robot/robot_ws/install/farmbot_nav2/share/farmbot_nav2/launch/online_async_launch_mapping_launch.py
[0.226s] -- Up-to-date: /home/mr_robot/robot_ws/install/farmbot_nav2/share/farmbot_nav2/launch/online_async_launch_localization_launch.py
[0.226s] -- Up-to-date: /home/mr_robot/robot_ws/install/farmbot_nav2/share/farmbot_nav2/config
[0.226s] -- Up-to-date: /home/mr_robot/robot_ws/install/farmbot_nav2/share/farmbot_nav2/config/mapper_params_online_async_localization.yaml
[0.226s] -- Up-to-date: /home/mr_robot/robot_ws/install/farmbot_nav2/share/farmbot_nav2/config/nav2_params_collision.yaml
[0.226s] -- Up-to-date: /home/mr_robot/robot_ws/install/farmbot_nav2/share/farmbot_nav2/config/mapper_params_online_async_mapping.yaml
[0.227s] -- Up-to-date: /home/mr_robot/robot_ws/install/farmbot_nav2/share/farmbot_nav2/config/nav2_params.yaml
[0.227s] -- Up-to-date: /home/mr_robot/robot_ws/install/farmbot_nav2/share/farmbot_nav2/maps
[0.227s] -- Up-to-date: /home/mr_robot/robot_ws/install/farmbot_nav2/share/farmbot_nav2/maps/README.md
[0.227s] -- Up-to-date: /home/mr_robot/robot_ws/install/farmbot_nav2/share/farmbot_nav2/maps/blank.pgm
[0.228s] -- Up-to-date: /home/mr_robot/robot_ws/install/farmbot_nav2/share/farmbot_nav2/maps/blank.yaml
[0.228s] -- Up-to-date: /home/mr_robot/robot_ws/install/farmbot_nav2/share/farmbot_nav2/maps/default_map.yaml
[0.228s] -- Up-to-date: /home/mr_robot/robot_ws/install/farmbot_nav2/share/farmbot_nav2/maps/nightnighthz.yaml
[0.228s] -- Up-to-date: /home/mr_robot/robot_ws/install/farmbot_nav2/share/farmbot_nav2/maps/default_map.pgm
[0.228s] -- Up-to-date: /home/mr_robot/robot_ws/install/farmbot_nav2/share/farmbot_nav2/maps/nightnighthz.pgm
[0.228s] -- Up-to-date: /home/mr_robot/robot_ws/install/farmbot_nav2/share/farmbot_nav2/maps/blank.pbstream
[0.228s] -- Up-to-date: /home/mr_robot/robot_ws/install/farmbot_nav2/share/farmbot_nav2/maps/nightnighthz.pbstream
[0.228s] -- Up-to-date: /home/mr_robot/robot_ws/install/farmbot_nav2/share/ament_index/resource_index/package_run_dependencies/farmbot_nav2
[0.229s] -- Up-to-date: /home/mr_robot/robot_ws/install/farmbot_nav2/share/ament_index/resource_index/parent_prefix_path/farmbot_nav2
[0.229s] -- Up-to-date: /home/mr_robot/robot_ws/install/farmbot_nav2/share/farmbot_nav2/environment/ament_prefix_path.sh
[0.229s] -- Up-to-date: /home/mr_robot/robot_ws/install/farmbot_nav2/share/farmbot_nav2/environment/ament_prefix_path.dsv
[0.230s] -- Up-to-date: /home/mr_robot/robot_ws/install/farmbot_nav2/share/farmbot_nav2/environment/path.sh
[0.230s] -- Up-to-date: /home/mr_robot/robot_ws/install/farmbot_nav2/share/farmbot_nav2/environment/path.dsv
[0.230s] -- Up-to-date: /home/mr_robot/robot_ws/install/farmbot_nav2/share/farmbot_nav2/local_setup.bash
[0.230s] -- Up-to-date: /home/mr_robot/robot_ws/install/farmbot_nav2/share/farmbot_nav2/local_setup.sh
[0.230s] -- Up-to-date: /home/mr_robot/robot_ws/install/farmbot_nav2/share/farmbot_nav2/local_setup.zsh
[0.231s] -- Up-to-date: /home/mr_robot/robot_ws/install/farmbot_nav2/share/farmbot_nav2/local_setup.dsv
[0.231s] -- Installing: /home/mr_robot/robot_ws/install/farmbot_nav2/share/farmbot_nav2/package.dsv
[0.231s] -- Up-to-date: /home/mr_robot/robot_ws/install/farmbot_nav2/share/ament_index/resource_index/packages/farmbot_nav2
[0.231s] -- Up-to-date: /home/mr_robot/robot_ws/install/farmbot_nav2/share/farmbot_nav2/cmake/farmbot_nav2Config.cmake
[0.231s] -- Up-to-date: /home/mr_robot/robot_ws/install/farmbot_nav2/share/farmbot_nav2/cmake/farmbot_nav2Config-version.cmake
[0.232s] -- Up-to-date: /home/mr_robot/robot_ws/install/farmbot_nav2/share/farmbot_nav2/package.xml
[0.261s] Invoked command in '/home/mr_robot/robot_ws/build/farmbot_nav2' returned '0': CMAKE_PREFIX_PATH=${CMAKE_PREFIX_PATH}:/opt/ros/humble /usr/bin/cmake --install /home/mr_robot/robot_ws/build/farmbot_nav2
