[0.015s] Invoking command in '/home/mr_robot/robot_ws/build/farmbot_carto': CMAKE_PREFIX_PATH=${CMAKE_PREFIX_PATH}:/opt/ros/humble /usr/bin/cmake /home/mr_robot/robot_ws/src/farm_robot-main/farmbot_carto -DCMAKE_INSTALL_PREFIX=/home/mr_robot/robot_ws/install/farmbot_carto
[0.093s] -- The C compiler identification is GNU 11.4.0
[0.170s] -- The CXX compiler identification is GNU 11.4.0
[0.180s] -- Detecting C compiler ABI info
[0.279s] -- Detecting C compiler ABI info - done
[0.289s] -- Check for working C compiler: /usr/bin/cc - skipped
[0.289s] -- Detecting C compile features
[0.290s] -- Detecting C compile features - done
[0.294s] -- Detecting CXX compiler ABI info
[0.408s] -- Detecting CXX compiler ABI info - done
[0.419s] -- Check for working CXX compiler: /usr/bin/c++ - skipped
[0.419s] -- Detecting CXX compile features
[0.420s] -- Detecting CXX compile features - done
[0.427s] -- Found ament_cmake: 1.3.12 (/opt/ros/humble/share/ament_cmake/cmake)
[0.643s] -- Found Python3: /usr/bin/python3 (found version "3.10.12") found components: Interpreter 
[0.818s] -- Found cartographer_ros: 2.0.9002 (/opt/ros/humble/share/cartographer_ros/cmake)
[0.902s] -- Found rosidl_generator_c: 3.1.7 (/opt/ros/humble/share/rosidl_generator_c/cmake)
[0.916s] -- Found rosidl_adapter: 3.1.7 (/opt/ros/humble/share/rosidl_adapter/cmake)
[0.935s] -- Found rosidl_generator_cpp: 3.1.7 (/opt/ros/humble/share/rosidl_generator_cpp/cmake)
[0.960s] -- Using all available rosidl_typesupport_c: rosidl_typesupport_fastrtps_c;rosidl_typesupport_introspection_c
[0.995s] -- Using all available rosidl_typesupport_cpp: rosidl_typesupport_fastrtps_cpp;rosidl_typesupport_introspection_cpp
[1.337s] -- Found Boost: /usr/lib/x86_64-linux-gnu/cmake/Boost-1.74.0/BoostConfig.cmake (found version "1.74.0") found components: iostreams 
[1.573s] -- Found rmw_implementation_cmake: 6.1.2 (/opt/ros/humble/share/rmw_implementation_cmake/cmake)
[1.582s] -- Found rmw_cyclonedds_cpp: 1.3.4 (/opt/ros/humble/share/rmw_cyclonedds_cpp/cmake)
[1.636s] -- Using RMW implementation 'rmw_cyclonedds_cpp' as default
[1.659s] -- Found Threads: TRUE  
[1.824s] -- Checking for module 'eigen3'
[1.845s] --   Found eigen3, version 3.4.0
[1.894s] -- Found Eigen: /usr/include/eigen3 (Required is at least version "3.1") 
[1.894s] -- Eigen found (include: /usr/include/eigen3, version: 3.4.0)
[1.959s] -- Checking for module 'flann'
[1.980s] --   Found flann, version 1.9.1
[2.042s] -- Found FLANN: /usr/lib/x86_64-linux-gnu/libflann_cpp.so  
[2.042s] -- FLANN found (include: /usr/include, lib: /usr/lib/x86_64-linux-gnu/libflann_cpp.so)
[3.545s] -- Checking for module 'libusb-1.0'
[3.568s] --   Found libusb-1.0, version 1.0.25
[3.621s] -- Found libusb: /usr/lib/x86_64-linux-gnu/libusb-1.0.so  
[3.622s] -- OpenNI found (version: 1.5.4.0, include: /usr/include/ni, lib: /usr/lib/libOpenNI.so;libusb::libusb)
[3.708s] -- OpenNI2 found (version: 2.2.0.33, include: /usr/include/openni2, lib: /usr/lib/x86_64-linux-gnu/libOpenNI2.so;libusb::libusb)
[3.938s] -- Eigen found (include: /usr/include/eigen3, version: 3.4.0)
[3.948s] -- OpenNI found (version: 1.5.4.0, include: /usr/include/ni, lib: /usr/lib/libOpenNI.so;libusb::libusb)
[3.957s] -- OpenNI2 found (version: 2.2.0.33, include: /usr/include/openni2, lib: /usr/lib/x86_64-linux-gnu/libOpenNI2.so;libusb::libusb)
[4.183s] -- Found Qhull version 8.0.2
[4.405s] -- OpenNI found (version: 1.5.4.0, include: /usr/include/ni, lib: /usr/lib/libOpenNI.so;libusb::libusb)
[4.622s] -- Found PCL_COMMON: /usr/lib/x86_64-linux-gnu/libpcl_common.so  
[4.624s] -- Found PCL_KDTREE: /usr/lib/x86_64-linux-gnu/libpcl_kdtree.so  
[4.625s] -- Found PCL_OCTREE: /usr/lib/x86_64-linux-gnu/libpcl_octree.so  
[4.626s] -- Found PCL_SEARCH: /usr/lib/x86_64-linux-gnu/libpcl_search.so  
[4.627s] -- Found PCL_SAMPLE_CONSENSUS: /usr/lib/x86_64-linux-gnu/libpcl_sample_consensus.so  
[4.629s] -- Found PCL_FILTERS: /usr/lib/x86_64-linux-gnu/libpcl_filters.so  
[4.629s] -- Found PCL_2D: /usr/include/pcl-1.12  
[4.630s] -- Found PCL_GEOMETRY: /usr/include/pcl-1.12  
[4.631s] -- Found PCL_IO: /usr/lib/x86_64-linux-gnu/libpcl_io.so  
[4.632s] -- Found PCL_FEATURES: /usr/lib/x86_64-linux-gnu/libpcl_features.so  
[4.634s] -- Found PCL_ML: /usr/lib/x86_64-linux-gnu/libpcl_ml.so  
[4.635s] -- Found PCL_SEGMENTATION: /usr/lib/x86_64-linux-gnu/libpcl_segmentation.so  
[4.636s] -- Found PCL_VISUALIZATION: /usr/lib/x86_64-linux-gnu/libpcl_visualization.so  
[4.638s] -- Found PCL_SURFACE: /usr/lib/x86_64-linux-gnu/libpcl_surface.so  
[4.639s] -- Found PCL_REGISTRATION: /usr/lib/x86_64-linux-gnu/libpcl_registration.so  
[4.640s] -- Found PCL_KEYPOINTS: /usr/lib/x86_64-linux-gnu/libpcl_keypoints.so  
[4.642s] -- Found PCL_TRACKING: /usr/lib/x86_64-linux-gnu/libpcl_tracking.so  
[4.643s] -- Found PCL_RECOGNITION: /usr/lib/x86_64-linux-gnu/libpcl_recognition.so  
[4.645s] -- Found PCL_STEREO: /usr/lib/x86_64-linux-gnu/libpcl_stereo.so  
[4.646s] -- Found PCL_APPS: /usr/lib/x86_64-linux-gnu/libpcl_apps.so  
[4.647s] -- Found PCL_IN_HAND_SCANNER: /usr/include/pcl-1.12  
[4.647s] -- Found PCL_MODELER: /usr/include/pcl-1.12  
[4.648s] -- Found PCL_POINT_CLOUD_EDITOR: /usr/include/pcl-1.12  
[4.650s] -- Found PCL_OUTOFCORE: /usr/lib/x86_64-linux-gnu/libpcl_outofcore.so  
[4.651s] -- Found PCL_PEOPLE: /usr/lib/x86_64-linux-gnu/libpcl_people.so  
[5.019s] -- Found ament_lint_auto: 0.12.14 (/opt/ros/humble/share/ament_lint_auto/cmake)
[5.155s] -- Added test 'flake8' to check Python code syntax and style conventions
[5.157s] -- Added test 'lint_cmake' to check CMake code style
[5.158s] -- Added test 'pep257' to check Python code against some of the docstring style conventions in PEP 257
[5.161s] -- Added test 'xmllint' to check XML markup files
[5.164s] -- Configuring done
[5.177s] -- Generating done
[5.181s] -- Build files have been written to: /home/mr_robot/robot_ws/build/farmbot_carto
[5.205s] Invoked command in '/home/mr_robot/robot_ws/build/farmbot_carto' returned '0': CMAKE_PREFIX_PATH=${CMAKE_PREFIX_PATH}:/opt/ros/humble /usr/bin/cmake /home/mr_robot/robot_ws/src/farm_robot-main/farmbot_carto -DCMAKE_INSTALL_PREFIX=/home/mr_robot/robot_ws/install/farmbot_carto
[5.206s] Invoking command in '/home/mr_robot/robot_ws/build/farmbot_carto': CMAKE_PREFIX_PATH=${CMAKE_PREFIX_PATH}:/opt/ros/humble /usr/bin/cmake --build /home/mr_robot/robot_ws/build/farmbot_carto -- -j12 -l12
[5.270s] Invoked command in '/home/mr_robot/robot_ws/build/farmbot_carto' returned '0': CMAKE_PREFIX_PATH=${CMAKE_PREFIX_PATH}:/opt/ros/humble /usr/bin/cmake --build /home/mr_robot/robot_ws/build/farmbot_carto -- -j12 -l12
[5.272s] Invoking command in '/home/mr_robot/robot_ws/build/farmbot_carto': CMAKE_PREFIX_PATH=${CMAKE_PREFIX_PATH}:/opt/ros/humble /usr/bin/cmake --install /home/mr_robot/robot_ws/build/farmbot_carto
[5.283s] -- Install configuration: ""
[5.283s] -- Installing: /home/mr_robot/robot_ws/install/farmbot_carto/share/farmbot_carto//config
[5.283s] -- Installing: /home/mr_robot/robot_ws/install/farmbot_carto/share/farmbot_carto//config/rom_nav_2d.lua
[5.283s] -- Installing: /home/mr_robot/robot_ws/install/farmbot_carto/share/farmbot_carto//config/rom_map_2d.lua
[5.284s] -- Installing: /home/mr_robot/robot_ws/install/farmbot_carto/share/farmbot_carto//launch
[5.284s] -- Installing: /home/mr_robot/robot_ws/install/farmbot_carto/share/farmbot_carto//launch/localization.launch.py
[5.284s] -- Installing: /home/mr_robot/robot_ws/install/farmbot_carto/share/farmbot_carto//launch/occupancy_grid.launch.py
[5.284s] -- Installing: /home/mr_robot/robot_ws/install/farmbot_carto/share/farmbot_carto//launch/mapping.launch.py
[5.285s] -- Installing: /home/mr_robot/robot_ws/install/farmbot_carto/share/ament_index/resource_index/package_run_dependencies/farmbot_carto
[5.285s] -- Installing: /home/mr_robot/robot_ws/install/farmbot_carto/share/ament_index/resource_index/parent_prefix_path/farmbot_carto
[5.285s] -- Installing: /home/mr_robot/robot_ws/install/farmbot_carto/share/farmbot_carto/environment/ament_prefix_path.sh
[5.285s] -- Installing: /home/mr_robot/robot_ws/install/farmbot_carto/share/farmbot_carto/environment/ament_prefix_path.dsv
[5.286s] -- Installing: /home/mr_robot/robot_ws/install/farmbot_carto/share/farmbot_carto/environment/path.sh
[5.286s] -- Installing: /home/mr_robot/robot_ws/install/farmbot_carto/share/farmbot_carto/environment/path.dsv
[5.286s] -- Installing: /home/mr_robot/robot_ws/install/farmbot_carto/share/farmbot_carto/local_setup.bash
[5.286s] -- Installing: /home/mr_robot/robot_ws/install/farmbot_carto/share/farmbot_carto/local_setup.sh
[5.286s] -- Installing: /home/mr_robot/robot_ws/install/farmbot_carto/share/farmbot_carto/local_setup.zsh
[5.286s] -- Installing: /home/mr_robot/robot_ws/install/farmbot_carto/share/farmbot_carto/local_setup.dsv
[5.287s] -- Installing: /home/mr_robot/robot_ws/install/farmbot_carto/share/farmbot_carto/package.dsv
[5.287s] -- Installing: /home/mr_robot/robot_ws/install/farmbot_carto/share/ament_index/resource_index/packages/farmbot_carto
[5.287s] -- Installing: /home/mr_robot/robot_ws/install/farmbot_carto/share/farmbot_carto/cmake/farmbot_cartoConfig.cmake
[5.287s] -- Installing: /home/mr_robot/robot_ws/install/farmbot_carto/share/farmbot_carto/cmake/farmbot_cartoConfig-version.cmake
[5.288s] -- Installing: /home/mr_robot/robot_ws/install/farmbot_carto/share/farmbot_carto/package.xml
[5.290s] Invoked command in '/home/mr_robot/robot_ws/build/farmbot_carto' returned '0': CMAKE_PREFIX_PATH=${CMAKE_PREFIX_PATH}:/opt/ros/humble /usr/bin/cmake --install /home/mr_robot/robot_ws/build/farmbot_carto
