-- Install configuration: ""
-- Up-to-date: /home/mr_robot/robot_ws/install/farmbot_ekf/share/farmbot_ekf/launch
-- Up-to-date: /home/mr_robot/robot_ws/install/farmbot_ekf/share/farmbot_ekf/launch/ekf.launch.py
-- Up-to-date: /home/mr_robot/robot_ws/install/farmbot_ekf/share/farmbot_ekf/config
-- Up-to-date: /home/mr_robot/robot_ws/install/farmbot_ekf/share/farmbot_ekf/config/testing.c
-- Up-to-date: /home/mr_robot/robot_ws/install/farmbot_ekf/share/farmbot_ekf/config/original_ekf.yaml
-- Up-to-date: /home/mr_robot/robot_ws/install/farmbot_ekf/share/farmbot_ekf/config/photo.jpg
-- Up-to-date: /home/mr_robot/robot_ws/install/farmbot_ekf/share/farmbot_ekf/config/nav2_localization.yaml
-- Up-to-date: /home/mr_robot/robot_ws/install/farmbot_ekf/share/farmbot_ekf/config/ekf.yaml
-- Up-to-date: /home/mr_robot/robot_ws/install/farmbot_ekf/share/ament_index/resource_index/package_run_dependencies/farmbot_ekf
-- Up-to-date: /home/mr_robot/robot_ws/install/farmbot_ekf/share/ament_index/resource_index/parent_prefix_path/farmbot_ekf
-- Up-to-date: /home/mr_robot/robot_ws/install/farmbot_ekf/share/farmbot_ekf/environment/ament_prefix_path.sh
-- Up-to-date: /home/mr_robot/robot_ws/install/farmbot_ekf/share/farmbot_ekf/environment/ament_prefix_path.dsv
-- Up-to-date: /home/mr_robot/robot_ws/install/farmbot_ekf/share/farmbot_ekf/environment/path.sh
-- Up-to-date: /home/mr_robot/robot_ws/install/farmbot_ekf/share/farmbot_ekf/environment/path.dsv
-- Up-to-date: /home/mr_robot/robot_ws/install/farmbot_ekf/share/farmbot_ekf/local_setup.bash
-- Up-to-date: /home/mr_robot/robot_ws/install/farmbot_ekf/share/farmbot_ekf/local_setup.sh
-- Up-to-date: /home/mr_robot/robot_ws/install/farmbot_ekf/share/farmbot_ekf/local_setup.zsh
-- Up-to-date: /home/mr_robot/robot_ws/install/farmbot_ekf/share/farmbot_ekf/local_setup.dsv
-- Up-to-date: /home/mr_robot/robot_ws/install/farmbot_ekf/share/farmbot_ekf/package.dsv
-- Up-to-date: /home/mr_robot/robot_ws/install/farmbot_ekf/share/ament_index/resource_index/packages/farmbot_ekf
-- Up-to-date: /home/mr_robot/robot_ws/install/farmbot_ekf/share/farmbot_ekf/cmake/farmbot_ekfConfig.cmake
-- Up-to-date: /home/mr_robot/robot_ws/install/farmbot_ekf/share/farmbot_ekf/cmake/farmbot_ekfConfig-version.cmake
-- Up-to-date: /home/mr_robot/robot_ws/install/farmbot_ekf/share/farmbot_ekf/package.xml
