[0.016s] Invoking command in '/home/mr_robot/robot_ws/build/farmbot_ekf': CMAKE_PREFIX_PATH=${CMAKE_PREFIX_PATH}:/opt/ros/humble /usr/bin/cmake /home/mr_robot/robot_ws/src/farm_robot-main/farmbot_ekf -DCMAKE_INSTALL_PREFIX=/home/mr_robot/robot_ws/install/farmbot_ekf
[0.094s] -- The C compiler identification is GNU 11.4.0
[0.174s] -- The CXX compiler identification is GNU 11.4.0
[0.185s] -- Detecting C compiler ABI info
[0.285s] -- Detecting C compiler ABI info - done
[0.295s] -- Check for working C compiler: /usr/bin/cc - skipped
[0.296s] -- Detecting C compile features
[0.296s] -- Detecting C compile features - done
[0.301s] -- Detecting CXX compiler ABI info
[0.419s] -- Detecting CXX compiler ABI info - done
[0.430s] -- Check for working CXX compiler: /usr/bin/c++ - skipped
[0.430s] -- Detecting CXX compile features
[0.431s] -- Detecting CXX compile features - done
[0.438s] -- Found ament_cmake: 1.3.12 (/opt/ros/humble/share/ament_cmake/cmake)
[0.658s] -- Found Python3: /usr/bin/python3 (found version "3.10.12") found components: Interpreter 
[0.840s] -- Found rclcpp: 16.0.14 (/opt/ros/humble/share/rclcpp/cmake)
[0.944s] -- Found rosidl_generator_c: 3.1.7 (/opt/ros/humble/share/rosidl_generator_c/cmake)
[0.959s] -- Found rosidl_adapter: 3.1.7 (/opt/ros/humble/share/rosidl_adapter/cmake)
[0.979s] -- Found rosidl_generator_cpp: 3.1.7 (/opt/ros/humble/share/rosidl_generator_cpp/cmake)
[1.006s] -- Using all available rosidl_typesupport_c: rosidl_typesupport_fastrtps_c;rosidl_typesupport_introspection_c
[1.043s] -- Using all available rosidl_typesupport_cpp: rosidl_typesupport_fastrtps_cpp;rosidl_typesupport_introspection_cpp
[1.147s] -- Found rmw_implementation_cmake: 6.1.2 (/opt/ros/humble/share/rmw_implementation_cmake/cmake)
[1.156s] -- Found rmw_cyclonedds_cpp: 1.3.4 (/opt/ros/humble/share/rmw_cyclonedds_cpp/cmake)
[1.211s] -- Using RMW implementation 'rmw_cyclonedds_cpp' as default
[1.234s] -- Looking for pthread.h
[1.340s] -- Looking for pthread.h - found
[1.340s] -- Performing Test CMAKE_HAVE_LIBC_PTHREAD
[1.449s] -- Performing Test CMAKE_HAVE_LIBC_PTHREAD - Success
[1.451s] -- Found Threads: TRUE  
[1.559s] -- Found ament_lint_auto: 0.12.14 (/opt/ros/humble/share/ament_lint_auto/cmake)
[1.697s] -- Added test 'cppcheck' to perform static code analysis on C / C++ code
[1.697s] -- Configured cppcheck include dirs: 
[1.697s] -- Configured cppcheck exclude dirs and/or files: 
[1.699s] -- Added test 'flake8' to check Python code syntax and style conventions
[1.700s] -- Added test 'lint_cmake' to check CMake code style
[1.702s] -- Added test 'pep257' to check Python code against some of the docstring style conventions in PEP 257
[1.704s] -- Added test 'uncrustify' to check C / C++ code style
[1.704s] -- Configured uncrustify additional arguments: 
[1.706s] -- Added test 'xmllint' to check XML markup files
[1.709s] -- Configuring done
[1.715s] -- Generating done
[1.718s] -- Build files have been written to: /home/mr_robot/robot_ws/build/farmbot_ekf
[1.727s] Invoked command in '/home/mr_robot/robot_ws/build/farmbot_ekf' returned '0': CMAKE_PREFIX_PATH=${CMAKE_PREFIX_PATH}:/opt/ros/humble /usr/bin/cmake /home/mr_robot/robot_ws/src/farm_robot-main/farmbot_ekf -DCMAKE_INSTALL_PREFIX=/home/mr_robot/robot_ws/install/farmbot_ekf
[1.729s] Invoking command in '/home/mr_robot/robot_ws/build/farmbot_ekf': CMAKE_PREFIX_PATH=${CMAKE_PREFIX_PATH}:/opt/ros/humble /usr/bin/cmake --build /home/mr_robot/robot_ws/build/farmbot_ekf -- -j12 -l12
[1.787s] Invoked command in '/home/mr_robot/robot_ws/build/farmbot_ekf' returned '0': CMAKE_PREFIX_PATH=${CMAKE_PREFIX_PATH}:/opt/ros/humble /usr/bin/cmake --build /home/mr_robot/robot_ws/build/farmbot_ekf -- -j12 -l12
[1.789s] Invoking command in '/home/mr_robot/robot_ws/build/farmbot_ekf': CMAKE_PREFIX_PATH=${CMAKE_PREFIX_PATH}:/opt/ros/humble /usr/bin/cmake --install /home/mr_robot/robot_ws/build/farmbot_ekf
[1.800s] -- Install configuration: ""
[1.800s] -- Installing: /home/mr_robot/robot_ws/install/farmbot_ekf/share/farmbot_ekf/launch
[1.801s] -- Installing: /home/mr_robot/robot_ws/install/farmbot_ekf/share/farmbot_ekf/launch/ekf.launch.py
[1.801s] -- Installing: /home/mr_robot/robot_ws/install/farmbot_ekf/share/farmbot_ekf/config
[1.801s] -- Installing: /home/mr_robot/robot_ws/install/farmbot_ekf/share/farmbot_ekf/config/testing.c
[1.801s] -- Installing: /home/mr_robot/robot_ws/install/farmbot_ekf/share/farmbot_ekf/config/original_ekf.yaml
[1.802s] -- Installing: /home/mr_robot/robot_ws/install/farmbot_ekf/share/farmbot_ekf/config/photo.jpg
[1.802s] -- Installing: /home/mr_robot/robot_ws/install/farmbot_ekf/share/farmbot_ekf/config/nav2_localization.yaml
[1.803s] -- Installing: /home/mr_robot/robot_ws/install/farmbot_ekf/share/farmbot_ekf/config/ekf.yaml
[1.804s] -- Installing: /home/mr_robot/robot_ws/install/farmbot_ekf/share/ament_index/resource_index/package_run_dependencies/farmbot_ekf
[1.804s] -- Installing: /home/mr_robot/robot_ws/install/farmbot_ekf/share/ament_index/resource_index/parent_prefix_path/farmbot_ekf
[1.804s] -- Installing: /home/mr_robot/robot_ws/install/farmbot_ekf/share/farmbot_ekf/environment/ament_prefix_path.sh
[1.804s] -- Installing: /home/mr_robot/robot_ws/install/farmbot_ekf/share/farmbot_ekf/environment/ament_prefix_path.dsv
[1.805s] -- Installing: /home/mr_robot/robot_ws/install/farmbot_ekf/share/farmbot_ekf/environment/path.sh
[1.805s] -- Installing: /home/mr_robot/robot_ws/install/farmbot_ekf/share/farmbot_ekf/environment/path.dsv
[1.805s] -- Installing: /home/mr_robot/robot_ws/install/farmbot_ekf/share/farmbot_ekf/local_setup.bash
[1.805s] -- Installing: /home/mr_robot/robot_ws/install/farmbot_ekf/share/farmbot_ekf/local_setup.sh
[1.805s] -- Installing: /home/mr_robot/robot_ws/install/farmbot_ekf/share/farmbot_ekf/local_setup.zsh
[1.806s] -- Installing: /home/mr_robot/robot_ws/install/farmbot_ekf/share/farmbot_ekf/local_setup.dsv
[1.806s] -- Installing: /home/mr_robot/robot_ws/install/farmbot_ekf/share/farmbot_ekf/package.dsv
[1.806s] -- Installing: /home/mr_robot/robot_ws/install/farmbot_ekf/share/ament_index/resource_index/packages/farmbot_ekf
[1.806s] -- Installing: /home/mr_robot/robot_ws/install/farmbot_ekf/share/farmbot_ekf/cmake/farmbot_ekfConfig.cmake
[1.807s] -- Installing: /home/mr_robot/robot_ws/install/farmbot_ekf/share/farmbot_ekf/cmake/farmbot_ekfConfig-version.cmake
[1.807s] -- Installing: /home/mr_robot/robot_ws/install/farmbot_ekf/share/farmbot_ekf/package.xml
[1.810s] Invoked command in '/home/mr_robot/robot_ws/build/farmbot_ekf' returned '0': CMAKE_PREFIX_PATH=${CMAKE_PREFIX_PATH}:/opt/ros/humble /usr/bin/cmake --install /home/mr_robot/robot_ws/build/farmbot_ekf
